{"/Library/WebServer/Documents/flounder/src/core/flounder.js":{"path":"/Library/WebServer/Documents/flounder/src/core/flounder.js","s":{"1":1,"2":1,"3":811,"4":0,"5":1,"6":1,"7":2,"8":8,"9":8,"10":8,"11":8,"12":8,"13":8,"14":1,"15":2,"16":2,"17":2,"18":0,"19":2,"20":1,"21":1,"22":1,"23":1,"24":1,"25":1,"26":1,"27":1,"28":1,"29":1,"30":1,"31":1,"32":1,"33":1,"34":1,"35":1,"36":7,"37":1,"38":263,"39":0,"40":1,"41":1,"42":59,"43":59,"44":1,"45":59,"46":59,"47":8,"48":1,"49":263,"50":263,"51":1,"52":262,"53":5,"54":262,"55":5,"56":3,"57":2,"58":1,"59":4,"60":261,"61":48,"62":261,"63":1,"64":7,"65":7,"66":7,"67":7,"68":7,"69":5,"70":5,"71":5,"72":5,"73":15,"74":5,"75":3,"76":5,"77":4,"78":1,"79":3,"80":2,"81":10,"82":10,"83":10,"84":1,"85":10,"86":9,"87":9,"88":9,"89":5,"90":2,"91":2,"92":1,"93":3,"94":4,"95":2,"96":2,"97":2,"98":1,"99":10,"100":10,"101":10,"102":35,"103":10,"104":261,"105":261,"106":261,"107":261,"108":261,"109":54,"110":261,"111":261,"112":1,"113":261,"114":261,"115":261,"116":261,"117":261,"118":261,"119":261,"120":261,"121":261,"122":261,"123":261,"124":1,"125":261,"126":261,"127":261,"128":261,"129":261,"130":6525,"131":1,"132":1,"133":1,"134":1,"135":1,"136":6524,"137":261,"138":261,"139":261,"140":261,"141":8613,"142":6263,"143":261,"144":261,"145":1,"146":261,"147":28,"148":28,"149":28,"150":263,"151":263,"152":263,"153":1,"154":1,"155":1,"156":1,"157":263,"158":287,"159":287,"160":287,"161":287,"162":552,"163":2,"164":550,"165":343,"166":207,"167":550,"168":550,"169":287,"170":1,"171":1,"172":3,"173":1,"174":2,"175":1,"176":3,"177":119,"178":1,"179":1,"180":1,"181":1,"182":1,"183":1},"b":{"1":[1,0],"2":[1,1],"3":[0,0],"4":[0,0,0],"5":[8,8],"6":[8,0],"7":[2,0],"8":[0,2],"9":[6,1],"10":[7,7],"11":[0,263],"12":[8,51],"13":[1,262],"14":[5,257],"15":[5,257],"16":[262,253,13],"17":[3,2],"18":[1,1],"19":[48,213],"20":[7,2],"21":[5,2],"22":[4,1],"23":[1,3],"24":[10,7],"25":[9,1],"26":[5,4],"27":[9,8,7,6],"28":[2,3],"29":[5,3,2],"30":[1,1],"31":[2,2],"32":[4,3],"33":[54,207],"34":[261,128],"35":[1,6524],"36":[6525,261],"37":[261,6263],"38":[3,258],"39":[1,8612],"40":[208,6055],"41":[1,260],"42":[28,233],"43":[1,262],"44":[263,1],"45":[285,2],"46":[287,2],"47":[285,2],"48":[287,2],"49":[2,550],"50":[343,207],"51":[0,550],"52":[1,2],"53":[1,1]},"f":{"1":811,"2":0,"3":1,"4":2,"5":2,"6":7,"7":263,"8":1,"9":59,"10":263,"11":7,"12":5,"13":15,"14":3,"15":10,"16":10,"17":35,"18":261,"19":261,"20":1,"21":263,"22":287,"23":552,"24":3,"25":119,"26":1,"27":1},"fnMap":{"1":{"name":"(anonymous_1)","line":0,"loc":{"start":{"line":0,"column":0},"end":{"line":0,"column":0}},"skip":true},"2":{"name":"(anonymous_2)","line":0,"loc":{"start":{"line":0,"column":0},"end":{"line":0,"column":0}},"skip":true},"3":{"name":"(anonymous_3)","line":0,"loc":{"start":{"line":0,"column":0},"end":{"line":0,"column":0}},"skip":true},"4":{"name":"defineProperties","line":0,"loc":{"start":{"line":0,"column":0},"end":{"line":0,"column":0}},"skip":true},"5":{"name":"(anonymous_5)","line":0,"loc":{"start":{"line":0,"column":0},"end":{"line":0,"column":0}},"skip":true},"6":{"name":"_interopRequireDefault","line":0,"loc":{"start":{"line":0,"column":0},"end":{"line":0,"column":0}},"skip":true},"7":{"name":"_classCallCheck","line":0,"loc":{"start":{"line":0,"column":0},"end":{"line":0,"column":0}},"skip":true},"8":{"name":"(anonymous_8)","line":0,"loc":{"start":{"line":0,"column":0},"end":{"line":0,"column":0}},"skip":true},"9":{"name":"componentWillUnmount","line":26,"loc":{"start":{"line":26,"column":4},"end":{"line":26,"column":4}}},"10":{"name":"Flounder","line":56,"loc":{"start":{"line":56,"column":17},"end":{"line":57,"column":4}}},"11":{"name":"filterSearchResults","line":104,"loc":{"start":{"line":104,"column":25},"end":{"line":105,"column":4}}},"12":{"name":"(anonymous_12)","line":0,"loc":{"start":{"line":0,"column":0},"end":{"line":0,"column":0}},"skip":true},"13":{"name":"(anonymous_13)","line":117,"loc":{"start":{"line":117,"column":26},"end":{"line":118,"column":12}}},"14":{"name":"(anonymous_14)","line":122,"loc":{"start":{"line":122,"column":29},"end":{"line":123,"column":12}}},"15":{"name":"fuzzySearch","line":156,"loc":{"start":{"line":156,"column":17},"end":{"line":157,"column":4}}},"16":{"name":"fuzzySearchReset","line":216,"loc":{"start":{"line":216,"column":4},"end":{"line":216,"column":4}}},"17":{"name":"(anonymous_17)","line":220,"loc":{"start":{"line":220,"column":27},"end":{"line":221,"column":8}}},"18":{"name":"init","line":239,"loc":{"start":{"line":239,"column":10},"end":{"line":240,"column":4}}},"19":{"name":"initializeOptions","line":297,"loc":{"start":{"line":297,"column":4},"end":{"line":297,"column":4}}},"20":{"name":"(anonymous_20)","line":310,"loc":{"start":{"line":310,"column":32},"end":{"line":311,"column":16}}},"21":{"name":"onRender","line":362,"loc":{"start":{"line":362,"column":4},"end":{"line":362,"column":4}}},"22":{"name":"sortData","line":389,"loc":{"start":{"line":389,"column":14},"end":{"line":390,"column":4}}},"23":{"name":"(anonymous_23)","line":391,"loc":{"start":{"line":391,"column":22},"end":{"line":392,"column":8}}},"24":{"name":"(anonymous_24)","line":433,"loc":{"start":{"line":433,"column":16},"end":{"line":434,"column":0}}},"25":{"name":"(anonymous_25)","line":445,"loc":{"start":{"line":445,"column":38},"end":{"line":null,"column":null}}},"26":{"name":"get","line":455,"loc":{"start":{"line":455,"column":10},"end":{"line":456,"column":4}}},"27":{"name":"get","line":462,"loc":{"start":{"line":462,"column":10},"end":{"line":463,"column":4}}}},"statementMap":{"1":{"start":{"line":0,"column":0},"end":{"line":0,"column":0},"skip":true},"2":{"start":{"line":0,"column":0},"end":{"line":0,"column":0},"skip":true},"3":{"start":{"line":0,"column":0},"end":{"line":0,"column":0},"skip":true},"4":{"start":{"line":0,"column":0},"end":{"line":0,"column":0},"skip":true},"5":{"start":{"line":0,"column":0},"end":{"line":0,"column":0},"skip":true},"6":{"start":{"line":0,"column":0},"end":{"line":0,"column":0},"skip":true},"7":{"start":{"line":0,"column":0},"end":{"line":0,"column":0},"skip":true},"8":{"start":{"line":0,"column":0},"end":{"line":0,"column":0},"skip":true},"9":{"start":{"line":0,"column":0},"end":{"line":0,"column":0},"skip":true},"10":{"start":{"line":0,"column":0},"end":{"line":0,"column":0},"skip":true},"11":{"start":{"line":0,"column":0},"end":{"line":0,"column":0},"skip":true},"12":{"start":{"line":0,"column":0},"end":{"line":0,"column":0},"skip":true},"13":{"start":{"line":0,"column":0},"end":{"line":0,"column":0},"skip":true},"14":{"start":{"line":0,"column":0},"end":{"line":0,"column":0},"skip":true},"15":{"start":{"line":0,"column":0},"end":{"line":0,"column":0},"skip":true},"16":{"start":{"line":0,"column":0},"end":{"line":0,"column":0},"skip":true},"17":{"start":{"line":0,"column":0},"end":{"line":0,"column":0},"skip":true},"18":{"start":{"line":0,"column":0},"end":{"line":0,"column":0},"skip":true},"19":{"start":{"line":0,"column":0},"end":{"line":0,"column":0},"skip":true},"20":{"start":{"line":2,"column":0},"end":{"line":null,"column":null}},"21":{"start":{"line":3,"column":0},"end":{"line":null,"column":null}},"22":{"start":{"line":0,"column":0},"end":{"line":0,"column":0},"skip":true},"23":{"start":{"line":4,"column":0},"end":{"line":null,"column":null}},"24":{"start":{"line":0,"column":0},"end":{"line":0,"column":0},"skip":true},"25":{"start":{"line":5,"column":0},"end":{"line":null,"column":null}},"26":{"start":{"line":0,"column":0},"end":{"line":0,"column":0},"skip":true},"27":{"start":{"line":6,"column":0},"end":{"line":null,"column":null}},"28":{"start":{"line":0,"column":0},"end":{"line":0,"column":0},"skip":true},"29":{"start":{"line":7,"column":0},"end":{"line":null,"column":null}},"30":{"start":{"line":0,"column":0},"end":{"line":0,"column":0},"skip":true},"31":{"start":{"line":8,"column":0},"end":{"line":null,"column":null}},"32":{"start":{"line":0,"column":0},"end":{"line":0,"column":0},"skip":true},"33":{"start":{"line":9,"column":0},"end":{"line":null,"column":null}},"34":{"start":{"line":0,"column":0},"end":{"line":0,"column":0},"skip":true},"35":{"start":{"line":0,"column":0},"end":{"line":0,"column":0},"skip":true},"36":{"start":{"line":0,"column":0},"end":{"line":0,"column":0},"skip":true},"37":{"start":{"line":0,"column":0},"end":{"line":0,"column":0},"skip":true},"38":{"start":{"line":0,"column":0},"end":{"line":0,"column":0},"skip":true},"39":{"start":{"line":0,"column":0},"end":{"line":0,"column":0},"skip":true},"40":{"start":{"line":16,"column":6},"end":{"line":null,"column":null}},"41":{"start":{"line":0,"column":0},"end":{"line":0,"column":0},"skip":true},"42":{"start":{"line":28,"column":8},"end":{"line":null,"column":null}},"43":{"start":{"line":29,"column":17},"end":{"line":null,"column":null}},"44":{"start":{"line":33,"column":20},"end":{"line":null,"column":null}},"45":{"start":{"line":37,"column":13},"end":{"line":null,"column":null}},"46":{"start":{"line":39,"column":13},"end":{"line":null,"column":null}},"47":{"start":{"line":41,"column":17},"end":{"line":null,"column":null}},"48":{"start":{"line":56,"column":17},"end":{"line":null,"column":null}},"49":{"start":{"line":0,"column":0},"end":{"line":0,"column":0},"skip":true},"50":{"start":{"line":58,"column":13},"end":{"line":null,"column":null}},"51":{"start":{"line":60,"column":20},"end":{"line":null,"column":null}},"52":{"start":{"line":64,"column":17},"end":{"line":null,"column":null}},"53":{"start":{"line":66,"column":25},"end":{"line":null,"column":null}},"54":{"start":{"line":69,"column":17},"end":{"line":null,"column":null}},"55":{"start":{"line":72,"column":21},"end":{"line":null,"column":null}},"56":{"start":{"line":74,"column":28},"end":{"line":null,"column":null}},"57":{"start":{"line":77,"column":21},"end":{"line":null,"column":null}},"58":{"start":{"line":79,"column":26},"end":{"line":null,"column":null}},"59":{"start":{"line":82,"column":25},"end":{"line":null,"column":null}},"60":{"start":{"line":85,"column":17},"end":{"line":null,"column":null}},"61":{"start":{"line":87,"column":23},"end":{"line":null,"column":null}},"62":{"start":{"line":90,"column":19},"end":{"line":null,"column":null}},"63":{"start":{"line":0,"column":0},"end":{"line":0,"column":0},"skip":true},"64":{"start":{"line":0,"column":0},"end":{"line":0,"column":0},"skip":true},"65":{"start":{"line":106,"column":14},"end":{"line":null,"column":null}},"66":{"start":{"line":108,"column":13},"end":{"line":null,"column":null}},"67":{"start":{"line":110,"column":14},"end":{"line":null,"column":null}},"68":{"start":{"line":112,"column":13},"end":{"line":null,"column":null}},"69":{"start":{"line":0,"column":0},"end":{"line":0,"column":0},"skip":true},"70":{"start":{"line":114,"column":18},"end":{"line":null,"column":null}},"71":{"start":{"line":115,"column":18},"end":{"line":null,"column":null}},"72":{"start":{"line":117,"column":17},"end":{"line":null,"column":null}},"73":{"start":{"line":119,"column":22},"end":{"line":null,"column":null}},"74":{"start":{"line":122,"column":20},"end":{"line":null,"column":null}},"75":{"start":{"line":124,"column":22},"end":{"line":null,"column":null}},"76":{"start":{"line":127,"column":17},"end":{"line":null,"column":null}},"77":{"start":{"line":129,"column":21},"end":{"line":null,"column":null}},"78":{"start":{"line":131,"column":25},"end":{"line":null,"column":null}},"79":{"start":{"line":135,"column":25},"end":{"line":null,"column":null}},"80":{"start":{"line":141,"column":17},"end":{"line":null,"column":null}},"81":{"start":{"line":158,"column":13},"end":{"line":null,"column":null}},"82":{"start":{"line":161,"column":8},"end":{"line":null,"column":null}},"83":{"start":{"line":162,"column":17},"end":{"line":null,"column":null}},"84":{"start":{"line":166,"column":20},"end":{"line":null,"column":null}},"85":{"start":{"line":169,"column":13},"end":{"line":null,"column":null}},"86":{"start":{"line":171,"column":14},"end":{"line":null,"column":null}},"87":{"start":{"line":173,"column":18},"end":{"line":null,"column":null}},"88":{"start":{"line":175,"column":17},"end":{"line":null,"column":null}},"89":{"start":{"line":178,"column":21},"end":{"line":null,"column":null}},"90":{"start":{"line":181,"column":26},"end":{"line":null,"column":null}},"91":{"start":{"line":183,"column":25},"end":{"line":null,"column":null}},"92":{"start":{"line":185,"column":32},"end":{"line":null,"column":null}},"93":{"start":{"line":190,"column":25},"end":{"line":null,"column":null}},"94":{"start":{"line":193,"column":17},"end":{"line":null,"column":null}},"95":{"start":{"line":196,"column":21},"end":{"line":null,"column":null}},"96":{"start":{"line":197,"column":21},"end":{"line":null,"column":null}},"97":{"start":{"line":198,"column":21},"end":{"line":null,"column":null}},"98":{"start":{"line":203,"column":17},"end":{"line":null,"column":null}},"99":{"start":{"line":217,"column":14},"end":{"line":null,"column":null}},"100":{"start":{"line":218,"column":14},"end":{"line":null,"column":null}},"101":{"start":{"line":220,"column":13},"end":{"line":null,"column":null}},"102":{"start":{"line":222,"column":18},"end":{"line":null,"column":null}},"103":{"start":{"line":225,"column":13},"end":{"line":null,"column":null}},"104":{"start":{"line":241,"column":13},"end":{"line":null,"column":null}},"105":{"start":{"line":243,"column":13},"end":{"line":null,"column":null}},"106":{"start":{"line":244,"column":13},"end":{"line":null,"column":null}},"107":{"start":{"line":246,"column":13},"end":{"line":null,"column":null}},"108":{"start":{"line":248,"column":13},"end":{"line":null,"column":null}},"109":{"start":{"line":250,"column":17},"end":{"line":null,"column":null}},"110":{"start":{"line":254,"column":8},"end":{"line":null,"column":null}},"111":{"start":{"line":255,"column":17},"end":{"line":null,"column":null}},"112":{"start":{"line":259,"column":20},"end":{"line":null,"column":null}},"113":{"start":{"line":262,"column":13},"end":{"line":null,"column":null}},"114":{"start":{"line":264,"column":46},"end":{"line":null,"column":null}},"115":{"start":{"line":264,"column":16},"end":{"line":null,"column":null}},"116":{"start":{"line":264,"column":23},"end":{"line":null,"column":null}},"117":{"start":{"line":264,"column":30},"end":{"line":null,"column":null}},"118":{"start":{"line":266,"column":13},"end":{"line":null,"column":null}},"119":{"start":{"line":267,"column":13},"end":{"line":null,"column":null}},"120":{"start":{"line":268,"column":13},"end":{"line":null,"column":null}},"121":{"start":{"line":269,"column":13},"end":{"line":null,"column":null}},"122":{"start":{"line":272,"column":8},"end":{"line":null,"column":null}},"123":{"start":{"line":273,"column":17},"end":{"line":null,"column":null}},"124":{"start":{"line":277,"column":20},"end":{"line":null,"column":null}},"125":{"start":{"line":280,"column":13},"end":{"line":null,"column":null}},"126":{"start":{"line":282,"column":13},"end":{"line":null,"column":null}},"127":{"start":{"line":284,"column":15},"end":{"line":null,"column":null}},"128":{"start":{"line":298,"column":14},"end":{"line":null,"column":null}},"129":{"start":{"line":300,"column":14},"end":{"line":null,"column":null}},"130":{"start":{"line":303,"column":17},"end":{"line":null,"column":null}},"131":{"start":{"line":305,"column":21},"end":{"line":null,"column":null}},"132":{"start":{"line":307,"column":24},"end":{"line":null,"column":null}},"133":{"start":{"line":310,"column":21},"end":{"line":null,"column":null}},"134":{"start":{"line":312,"column":28},"end":{"line":null,"column":null}},"135":{"start":{"line":314,"column":25},"end":{"line":null,"column":null}},"136":{"start":{"line":317,"column":17},"end":{"line":null,"column":null}},"137":{"start":{"line":319,"column":21},"end":{"line":null,"column":null}},"138":{"start":{"line":320,"column":22},"end":{"line":null,"column":null}},"139":{"start":{"line":321,"column":22},"end":{"line":null,"column":null}},"140":{"start":{"line":324,"column":22},"end":{"line":null,"column":null}},"141":{"start":{"line":326,"column":25},"end":{"line":null,"column":null}},"142":{"start":{"line":333,"column":22},"end":{"line":null,"column":null}},"143":{"start":{"line":338,"column":13},"end":{"line":null,"column":null}},"144":{"start":{"line":340,"column":13},"end":{"line":null,"column":null}},"145":{"start":{"line":342,"column":17},"end":{"line":null,"column":null}},"146":{"start":{"line":345,"column":13},"end":{"line":null,"column":null}},"147":{"start":{"line":347,"column":17},"end":{"line":null,"column":null}},"148":{"start":{"line":348,"column":17},"end":{"line":null,"column":null}},"149":{"start":{"line":349,"column":17},"end":{"line":null,"column":null}},"150":{"start":{"line":363,"column":14},"end":{"line":null,"column":null}},"151":{"start":{"line":364,"column":14},"end":{"line":null,"column":null}},"152":{"start":{"line":366,"column":13},"end":{"line":null,"column":null}},"153":{"start":{"line":368,"column":18},"end":{"line":null,"column":null}},"154":{"start":{"line":369,"column":18},"end":{"line":null,"column":null}},"155":{"start":{"line":370,"column":18},"end":{"line":null,"column":null}},"156":{"start":{"line":371,"column":18},"end":{"line":null,"column":null}},"157":{"start":{"line":374,"column":13},"end":{"line":null,"column":null}},"158":{"start":{"line":0,"column":0},"end":{"line":0,"column":0},"skip":true},"159":{"start":{"line":389,"column":20},"end":{"line":null,"column":null}},"160":{"start":{"line":389,"column":30},"end":{"line":null,"column":null}},"161":{"start":{"line":391,"column":13},"end":{"line":null,"column":null}},"162":{"start":{"line":393,"column":17},"end":{"line":null,"column":null}},"163":{"start":{"line":395,"column":22},"end":{"line":null,"column":null}},"164":{"start":{"line":400,"column":21},"end":{"line":null,"column":null},"skip":true},"165":{"start":{"line":402,"column":24},"end":{"line":null,"column":null},"skip":true},"166":{"start":{"line":410,"column":22},"end":{"line":null,"column":null},"skip":true},"167":{"start":{"line":413,"column":20},"end":{"line":null,"column":null}},"168":{"start":{"line":0,"column":0},"end":{"line":0,"column":0},"skip":true},"169":{"start":{"line":418,"column":15},"end":{"line":null,"column":null}},"170":{"start":{"line":0,"column":0},"end":{"line":0,"column":0},"skip":true},"171":{"start":{"line":433,"column":0},"end":{"line":null,"column":null}},"172":{"start":{"line":435,"column":9},"end":{"line":null,"column":null}},"173":{"start":{"line":437,"column":18},"end":{"line":null,"column":null}},"174":{"start":{"line":439,"column":9},"end":{"line":null,"column":null}},"175":{"start":{"line":441,"column":18},"end":{"line":null,"column":null}},"176":{"start":{"line":444,"column":11},"end":{"line":null,"column":null}},"177":{"start":{"line":445,"column":44},"end":{"line":null,"column":null}},"178":{"start":{"line":454,"column":0},"end":{"line":null,"column":null}},"179":{"start":{"line":0,"column":0},"end":{"line":0,"column":0},"skip":true},"180":{"start":{"line":461,"column":0},"end":{"line":null,"column":null}},"181":{"start":{"line":0,"column":0},"end":{"line":0,"column":0},"skip":true},"182":{"start":{"line":468,"column":0},"end":{"line":null,"column":null}},"183":{"start":{"line":470,"column":15},"end":{"line":null,"column":null}}},"branchMap":{"1":{"line":0,"type":"cond-expr","locations":[{"start":{"line":0,"column":0},"end":{"line":0,"column":0},"skip":true},{"start":{"line":0,"column":0},"end":{"line":0,"column":0},"skip":true}]},"2":{"line":0,"type":"binary-expr","locations":[{"start":{"line":0,"column":0},"end":{"line":0,"column":0},"skip":true},{"start":{"line":0,"column":0},"end":{"line":0,"column":0},"skip":true}]},"3":{"line":0,"type":"cond-expr","locations":[{"start":{"line":0,"column":0},"end":{"line":0,"column":0},"skip":true},{"start":{"line":0,"column":0},"end":{"line":0,"column":0},"skip":true}]},"4":{"line":0,"type":"binary-expr","locations":[{"start":{"line":0,"column":0},"end":{"line":0,"column":0},"skip":true},{"start":{"line":0,"column":0},"end":{"line":0,"column":0},"skip":true},{"start":{"line":0,"column":0},"end":{"line":0,"column":0},"skip":true}]},"5":{"line":0,"type":"binary-expr","locations":[{"start":{"line":0,"column":0},"end":{"line":0,"column":0},"skip":true},{"start":{"line":0,"column":0},"end":{"line":0,"column":0},"skip":true}]},"6":{"line":0,"type":"if","locations":[{"start":{"line":0,"column":0},"end":{"line":0,"column":0},"skip":true},{"start":{"line":0,"column":0},"end":{"line":0,"column":0},"skip":true}]},"7":{"line":0,"type":"if","locations":[{"start":{"line":0,"column":0},"end":{"line":0,"column":0},"skip":true},{"start":{"line":0,"column":0},"end":{"line":0,"column":0},"skip":true}]},"8":{"line":0,"type":"if","locations":[{"start":{"line":0,"column":0},"end":{"line":0,"column":0},"skip":true},{"start":{"line":0,"column":0},"end":{"line":0,"column":0},"skip":true}]},"9":{"line":0,"type":"cond-expr","locations":[{"start":{"line":0,"column":0},"end":{"line":0,"column":0},"skip":true},{"start":{"line":0,"column":0},"end":{"line":0,"column":0},"skip":true}]},"10":{"line":0,"type":"binary-expr","locations":[{"start":{"line":0,"column":0},"end":{"line":0,"column":0},"skip":true},{"start":{"line":0,"column":0},"end":{"line":0,"column":0},"skip":true}]},"11":{"line":0,"type":"if","locations":[{"start":{"line":0,"column":0},"end":{"line":0,"column":0},"skip":true},{"start":{"line":0,"column":0},"end":{"line":0,"column":0},"skip":true}]},"12":{"line":39,"type":"if","locations":[{"start":{"line":39,"column":13},"end":{"line":39,"column":13}},{"start":{"line":39,"column":13},"end":{"line":39,"column":13}}]},"13":{"line":58,"type":"if","locations":[{"start":{"line":58,"column":13},"end":{"line":58,"column":13}},{"start":{"line":58,"column":13},"end":{"line":58,"column":13}}]},"14":{"line":64,"type":"if","locations":[{"start":{"line":64,"column":17},"end":{"line":64,"column":17}},{"start":{"line":64,"column":17},"end":{"line":64,"column":17}}]},"15":{"line":69,"type":"if","locations":[{"start":{"line":69,"column":17},"end":{"line":69,"column":17}},{"start":{"line":69,"column":17},"end":{"line":69,"column":17}}]},"16":{"line":69,"type":"binary-expr","locations":[{"start":{"line":69,"column":19},"end":{"line":69,"column":19}},{"start":{"line":69,"column":36},"end":{"line":69,"column":17}},{"start":{"line":70,"column":24},"end":{"line":69,"column":12}}]},"17":{"line":72,"type":"if","locations":[{"start":{"line":72,"column":21},"end":{"line":72,"column":21}},{"start":{"line":72,"column":21},"end":{"line":72,"column":21}}]},"18":{"line":77,"type":"if","locations":[{"start":{"line":77,"column":21},"end":{"line":77,"column":21}},{"start":{"line":77,"column":21},"end":{"line":77,"column":21}}]},"19":{"line":85,"type":"if","locations":[{"start":{"line":85,"column":17},"end":{"line":85,"column":17}},{"start":{"line":85,"column":17},"end":{"line":85,"column":17}}]},"20":{"line":110,"type":"binary-expr","locations":[{"start":{"line":110,"column":24},"end":{"line":110,"column":71}},{"start":{"line":110,"column":71},"end":{"line":110,"column":8}}]},"21":{"line":112,"type":"if","locations":[{"start":{"line":112,"column":13},"end":{"line":112,"column":13}},{"start":{"line":112,"column":13},"end":{"line":112,"column":13}}]},"22":{"line":127,"type":"if","locations":[{"start":{"line":127,"column":17},"end":{"line":127,"column":17}},{"start":{"line":127,"column":17},"end":{"line":127,"column":17}}]},"23":{"line":129,"type":"if","locations":[{"start":{"line":129,"column":21},"end":{"line":129,"column":21}},{"start":{"line":129,"column":21},"end":{"line":129,"column":21}}]},"24":{"line":158,"type":"binary-expr","locations":[{"start":{"line":158,"column":41},"end":{"line":158,"column":41}},{"start":{"line":158,"column":75},"end":{"line":158,"column":8}}]},"25":{"line":169,"type":"if","locations":[{"start":{"line":169,"column":13},"end":{"line":169,"column":13}},{"start":{"line":169,"column":13},"end":{"line":169,"column":13}}]},"26":{"line":175,"type":"if","locations":[{"start":{"line":175,"column":17},"end":{"line":175,"column":17}},{"start":{"line":175,"column":17},"end":{"line":175,"column":17}}]},"27":{"line":175,"type":"binary-expr","locations":[{"start":{"line":175,"column":17},"end":{"line":175,"column":17}},{"start":{"line":175,"column":44},"end":{"line":175,"column":17}},{"start":{"line":176,"column":20},"end":{"line":175,"column":17}},{"start":{"line":176,"column":50},"end":{"line":175,"column":12}}]},"28":{"line":178,"type":"if","locations":[{"start":{"line":178,"column":21},"end":{"line":178,"column":21}},{"start":{"line":178,"column":21},"end":{"line":178,"column":21}}]},"29":{"line":178,"type":"binary-expr","locations":[{"start":{"line":178,"column":21},"end":{"line":178,"column":21}},{"start":{"line":178,"column":42},"end":{"line":178,"column":21}},{"start":{"line":179,"column":24},"end":{"line":178,"column":16}}]},"30":{"line":183,"type":"if","locations":[{"start":{"line":183,"column":25},"end":{"line":183,"column":25}},{"start":{"line":183,"column":25},"end":{"line":183,"column":25}}]},"31":{"line":193,"type":"if","locations":[{"start":{"line":193,"column":17},"end":{"line":193,"column":17}},{"start":{"line":193,"column":17},"end":{"line":193,"column":17}}]},"32":{"line":193,"type":"binary-expr","locations":[{"start":{"line":193,"column":22},"end":{"line":193,"column":22}},{"start":{"line":194,"column":44},"end":{"line":193,"column":17}}]},"33":{"line":248,"type":"if","locations":[{"start":{"line":248,"column":13},"end":{"line":248,"column":13}},{"start":{"line":248,"column":13},"end":{"line":248,"column":13}}]},"34":{"line":298,"type":"binary-expr","locations":[{"start":{"line":298,"column":35},"end":{"line":298,"column":35}},{"start":{"line":298,"column":49},"end":{"line":298,"column":8}}]},"35":{"line":303,"type":"if","locations":[{"start":{"line":303,"column":17},"end":{"line":303,"column":17}},{"start":{"line":303,"column":17},"end":{"line":303,"column":17}}]},"36":{"line":303,"type":"binary-expr","locations":[{"start":{"line":303,"column":17},"end":{"line":303,"column":17}},{"start":{"line":303,"column":39},"end":{"line":303,"column":12}}]},"37":{"line":317,"type":"if","locations":[{"start":{"line":317,"column":17},"end":{"line":317,"column":17}},{"start":{"line":317,"column":17},"end":{"line":317,"column":17}}]},"38":{"line":322,"type":"cond-expr","locations":[{"start":{"line":322,"column":56},"end":{"line":321,"column":42}},{"start":{"line":322,"column":71},"end":{"line":321,"column":16}}]},"39":{"line":327,"type":"cond-expr","locations":[{"start":{"line":327,"column":52},"end":{"line":326,"column":43}},{"start":{"line":328,"column":52},"end":{"line":326,"column":20}}]},"40":{"line":333,"type":"cond-expr","locations":[{"start":{"line":333,"column":59},"end":{"line":333,"column":30}},{"start":{"line":334,"column":49},"end":{"line":333,"column":16}}]},"41":{"line":340,"type":"if","locations":[{"start":{"line":340,"column":13},"end":{"line":340,"column":13}},{"start":{"line":340,"column":13},"end":{"line":340,"column":13}}]},"42":{"line":345,"type":"if","locations":[{"start":{"line":345,"column":13},"end":{"line":345,"column":13}},{"start":{"line":345,"column":13},"end":{"line":345,"column":13}}]},"43":{"line":366,"type":"if","locations":[{"start":{"line":366,"column":13},"end":{"line":366,"column":13}},{"start":{"line":366,"column":13},"end":{"line":366,"column":13}}]},"44":{"line":366,"type":"binary-expr","locations":[{"start":{"line":366,"column":13},"end":{"line":366,"column":13}},{"start":{"line":366,"column":29},"end":{"line":366,"column":8}}]},"45":{"line":389,"type":"cond-expr","locations":[{"start":{"line":389,"column":26},"end":{"line":390,"column":4}},{"start":{"line":0,"column":0},"end":{"line":0,"column":0},"skip":true}]},"46":{"line":389,"type":"binary-expr","locations":[{"start":{"line":389,"column":26},"end":{"line":389,"column":26}},{"start":{"line":389,"column":26},"end":{"line":389,"column":26}}]},"47":{"line":389,"type":"cond-expr","locations":[{"start":{"line":389,"column":34},"end":{"line":390,"column":4}},{"start":{"line":0,"column":0},"end":{"line":0,"column":0},"skip":true}]},"48":{"line":389,"type":"binary-expr","locations":[{"start":{"line":389,"column":34},"end":{"line":389,"column":34}},{"start":{"line":389,"column":34},"end":{"line":389,"column":34}}]},"49":{"line":393,"type":"if","locations":[{"start":{"line":393,"column":17},"end":{"line":393,"column":17}},{"start":{"line":393,"column":17},"end":{"line":393,"column":17}}]},"50":{"line":400,"type":"if","locations":[{"start":{"line":400,"column":21},"end":{"line":400,"column":21},"skip":true},{"start":{"line":400,"column":21},"end":{"line":400,"column":21},"skip":true}]},"51":{"line":400,"type":"cond-expr","locations":[{"start":{"line":400,"column":28},"end":{"line":400,"column":28},"skip":true},{"start":{"line":400,"column":28},"end":{"line":400,"column":34},"skip":true}]},"52":{"line":435,"type":"if","locations":[{"start":{"line":435,"column":9},"end":{"line":435,"column":9}},{"start":{"line":435,"column":9},"end":{"line":435,"column":9}}]},"53":{"line":439,"type":"if","locations":[{"start":{"line":439,"column":9},"end":{"line":439,"column":9}},{"start":{"line":439,"column":9},"end":{"line":439,"column":9}}]}}},"/Library/WebServer/Documents/flounder/src/core/defaults.js":{"path":"/Library/WebServer/Documents/flounder/src/core/defaults.js","s":{"1":1,"2":1,"3":1,"4":1,"5":1,"6":1,"7":1,"8":2,"9":1,"10":1,"11":272,"12":272,"13":272,"14":1,"15":219,"16":219,"17":219,"18":218,"19":218,"20":1,"21":1,"22":51,"23":51,"24":51,"25":51,"26":51,"27":51,"28":3,"29":3,"30":3,"31":3,"32":3,"33":51,"34":51,"35":1,"36":6,"37":6,"38":6,"39":16,"40":16,"41":3,"42":6,"43":6,"44":3,"45":3,"46":3,"47":1,"48":272,"49":272,"50":42,"51":272,"52":1,"53":272,"54":272,"55":51,"56":221,"57":221,"58":3,"59":3,"60":3,"61":1,"62":220,"63":220,"64":220,"65":220,"66":272,"67":272,"68":1,"69":1},"b":{"1":[2,0],"2":[2,2],"3":[1,271],"4":[272,271],"5":[268,4],"6":[272,4],"7":[215,4],"8":[219,219],"9":[218,1],"10":[49,2],"11":[51,3],"12":[3,48],"13":[2,1],"14":[6,3],"15":[3,13],"16":[3,3],"17":[3,3],"18":[42,230],"19":[272,244,43,43],"20":[42,33],"21":[1,271],"22":[51,221],"23":[272,224,223],"24":[3,218],"25":[1,2],"26":[4,216],"27":[3,217],"28":[220,217],"29":[215,5],"30":[272,7,1]},"f":{"1":2,"2":5,"3":8,"4":260,"5":57,"6":24,"7":260,"8":9,"9":8,"10":272,"11":219,"12":51,"13":6,"14":16,"15":272},"fnMap":{"1":{"name":"_interopRequireDefault","line":0,"loc":{"start":{"line":0,"column":0},"end":{"line":0,"column":0}},"skip":true},"2":{"name":"onChange","line":18,"loc":{"start":{"line":18,"column":30},"end":{"line":18,"column":59}}},"3":{"name":"onClose","line":19,"loc":{"start":{"line":19,"column":30},"end":{"line":19,"column":59}}},"4":{"name":"onComponentDidMount","line":20,"loc":{"start":{"line":20,"column":30},"end":{"line":20,"column":40}}},"5":{"name":"onComponentWillUnmount","line":21,"loc":{"start":{"line":21,"column":30},"end":{"line":21,"column":40}}},"6":{"name":"onFirstTouch","line":22,"loc":{"start":{"line":22,"column":30},"end":{"line":22,"column":43}}},"7":{"name":"onInit","line":23,"loc":{"start":{"line":23,"column":30},"end":{"line":23,"column":40}}},"8":{"name":"onInputChange","line":24,"loc":{"start":{"line":24,"column":30},"end":{"line":24,"column":43}}},"9":{"name":"onOpen","line":25,"loc":{"start":{"line":25,"column":30},"end":{"line":25,"column":59}}},"10":{"name":"setDefaultOption","line":50,"loc":{"start":{"line":50,"column":22},"end":{"line":51,"column":4}}},"11":{"name":"setIndexDefault","line":63,"loc":{"start":{"line":63,"column":17},"end":{"line":64,"column":8}}},"12":{"name":"setPlaceholderDefault","line":90,"loc":{"start":{"line":90,"column":17},"end":{"line":91,"column":8}}},"13":{"name":"setValueDefault","line":139,"loc":{"start":{"line":139,"column":17},"end":{"line":140,"column":8}}},"14":{"name":"(anonymous_14)","line":144,"loc":{"start":{"line":144,"column":26},"end":{"line":145,"column":12}}},"15":{"name":"checkDefaultPriority","line":174,"loc":{"start":{"line":174,"column":17},"end":{"line":175,"column":8}}}},"statementMap":{"1":{"start":{"line":0,"column":0},"end":{"line":0,"column":0},"skip":true},"2":{"start":{"line":0,"column":0},"end":{"line":0,"column":0},"skip":true},"3":{"start":{"line":1,"column":0},"end":{"line":null,"column":null}},"4":{"start":{"line":0,"column":0},"end":{"line":0,"column":0},"skip":true},"5":{"start":{"line":2,"column":0},"end":{"line":null,"column":null}},"6":{"start":{"line":0,"column":0},"end":{"line":0,"column":0},"skip":true},"7":{"start":{"line":0,"column":0},"end":{"line":0,"column":0},"skip":true},"8":{"start":{"line":0,"column":0},"end":{"line":0,"column":0},"skip":true},"9":{"start":{"line":4,"column":7},"end":{"line":null,"column":null}},"10":{"start":{"line":34,"column":0},"end":{"line":null,"column":null}},"11":{"start":{"line":50,"column":31},"end":{"line":null,"column":null}},"12":{"start":{"line":50,"column":47},"end":{"line":null,"column":null}},"13":{"start":{"line":50,"column":61},"end":{"line":null,"column":null}},"14":{"start":{"line":63,"column":17},"end":{"line":null,"column":null}},"15":{"start":{"line":65,"column":18},"end":{"line":null,"column":null}},"16":{"start":{"line":67,"column":18},"end":{"line":null,"column":null}},"17":{"start":{"line":69,"column":17},"end":{"line":null,"column":null}},"18":{"start":{"line":71,"column":30},"end":{"line":null,"column":null}},"19":{"start":{"line":73,"column":23},"end":{"line":null,"column":null}},"20":{"start":{"line":76,"column":19},"end":{"line":null,"column":null}},"21":{"start":{"line":90,"column":17},"end":{"line":null,"column":null}},"22":{"start":{"line":92,"column":18},"end":{"line":null,"column":null}},"23":{"start":{"line":93,"column":18},"end":{"line":null,"column":null}},"24":{"start":{"line":94,"column":18},"end":{"line":null,"column":null}},"25":{"start":{"line":95,"column":18},"end":{"line":null,"column":null}},"26":{"start":{"line":97,"column":18},"end":{"line":null,"column":null}},"27":{"start":{"line":105,"column":17},"end":{"line":null,"column":null}},"28":{"start":{"line":107,"column":22},"end":{"line":null,"column":null}},"29":{"start":{"line":110,"column":22},"end":{"line":null,"column":null}},"30":{"start":{"line":116,"column":30},"end":{"line":null,"column":null}},"31":{"start":{"line":118,"column":23},"end":{"line":null,"column":null}},"32":{"start":{"line":119,"column":25},"end":{"line":null,"column":null}},"33":{"start":{"line":122,"column":25},"end":{"line":null,"column":null}},"34":{"start":{"line":124,"column":19},"end":{"line":null,"column":null}},"35":{"start":{"line":139,"column":17},"end":{"line":null,"column":null}},"36":{"start":{"line":141,"column":18},"end":{"line":null,"column":null}},"37":{"start":{"line":142,"column":16},"end":{"line":null,"column":null}},"38":{"start":{"line":144,"column":17},"end":{"line":null,"column":null}},"39":{"start":{"line":146,"column":22},"end":{"line":null,"column":null}},"40":{"start":{"line":148,"column":21},"end":{"line":null,"column":null}},"41":{"start":{"line":150,"column":28},"end":{"line":null,"column":null}},"42":{"start":{"line":154,"column":18},"end":{"line":null,"column":null}},"43":{"start":{"line":156,"column":17},"end":{"line":null,"column":null}},"44":{"start":{"line":158,"column":29},"end":{"line":null,"column":null}},"45":{"start":{"line":160,"column":23},"end":{"line":null,"column":null}},"46":{"start":{"line":163,"column":19},"end":{"line":null,"column":null}},"47":{"start":{"line":174,"column":17},"end":{"line":null,"column":null}},"48":{"start":{"line":176,"column":18},"end":{"line":null,"column":null}},"49":{"start":{"line":178,"column":17},"end":{"line":null,"column":null}},"50":{"start":{"line":182,"column":26},"end":{"line":null,"column":null}},"51":{"start":{"line":186,"column":17},"end":{"line":null,"column":null}},"52":{"start":{"line":188,"column":26},"end":{"line":null,"column":null}},"53":{"start":{"line":191,"column":18},"end":{"line":null,"column":null}},"54":{"start":{"line":193,"column":17},"end":{"line":null,"column":null}},"55":{"start":{"line":195,"column":23},"end":{"line":null,"column":null}},"56":{"start":{"line":198,"column":16},"end":{"line":null,"column":null}},"57":{"start":{"line":200,"column":17},"end":{"line":null,"column":null}},"58":{"start":{"line":202,"column":22},"end":{"line":null,"column":null}},"59":{"start":{"line":203,"column":26},"end":{"line":null,"column":null}},"60":{"start":{"line":205,"column":21},"end":{"line":null,"column":null}},"61":{"start":{"line":207,"column":27},"end":{"line":null,"column":null}},"62":{"start":{"line":212,"column":18},"end":{"line":null,"column":null}},"63":{"start":{"line":213,"column":18},"end":{"line":null,"column":null}},"64":{"start":{"line":215,"column":18},"end":{"line":null,"column":null}},"65":{"start":{"line":217,"column":19},"end":{"line":null,"column":null}},"66":{"start":{"line":220,"column":26},"end":{"line":null,"column":null}},"67":{"start":{"line":222,"column":15},"end":{"line":null,"column":null}},"68":{"start":{"line":226,"column":7},"end":{"line":null,"column":null}},"69":{"start":{"line":228,"column":15},"end":{"line":null,"column":null}}},"branchMap":{"1":{"line":0,"type":"cond-expr","locations":[{"start":{"line":0,"column":0},"end":{"line":0,"column":0},"skip":true},{"start":{"line":0,"column":0},"end":{"line":0,"column":0},"skip":true}]},"2":{"line":0,"type":"binary-expr","locations":[{"start":{"line":0,"column":0},"end":{"line":0,"column":0},"skip":true},{"start":{"line":0,"column":0},"end":{"line":0,"column":0},"skip":true}]},"3":{"line":50,"type":"cond-expr","locations":[{"start":{"line":50,"column":43},"end":{"line":51,"column":4}},{"start":{"line":0,"column":0},"end":{"line":0,"column":0},"skip":true}]},"4":{"line":50,"type":"binary-expr","locations":[{"start":{"line":50,"column":43},"end":{"line":50,"column":43}},{"start":{"line":50,"column":43},"end":{"line":50,"column":43}}]},"5":{"line":50,"type":"cond-expr","locations":[{"start":{"line":50,"column":71},"end":{"line":51,"column":4}},{"start":{"line":0,"column":0},"end":{"line":0,"column":0},"skip":true}]},"6":{"line":50,"type":"binary-expr","locations":[{"start":{"line":50,"column":71},"end":{"line":50,"column":71}},{"start":{"line":50,"column":71},"end":{"line":50,"column":71}}]},"7":{"line":65,"type":"cond-expr","locations":[{"start":{"line":65,"column":63},"end":{"line":65,"column":40}},{"start":{"line":66,"column":56},"end":{"line":65,"column":12}}]},"8":{"line":65,"type":"binary-expr","locations":[{"start":{"line":65,"column":40},"end":{"line":65,"column":49}},{"start":{"line":65,"column":49},"end":{"line":65,"column":40}}]},"9":{"line":69,"type":"if","locations":[{"start":{"line":69,"column":17},"end":{"line":69,"column":17}},{"start":{"line":69,"column":17},"end":{"line":69,"column":17}}]},"10":{"line":98,"type":"cond-expr","locations":[{"start":{"line":98,"column":66},"end":{"line":98,"column":30}},{"start":{"line":99,"column":52},"end":{"line":97,"column":34}}]},"11":{"line":98,"type":"binary-expr","locations":[{"start":{"line":98,"column":30},"end":{"line":98,"column":45}},{"start":{"line":98,"column":45},"end":{"line":98,"column":30}}]},"12":{"line":105,"type":"if","locations":[{"start":{"line":105,"column":17},"end":{"line":105,"column":17}},{"start":{"line":105,"column":17},"end":{"line":105,"column":17}}]},"13":{"line":107,"type":"cond-expr","locations":[{"start":{"line":107,"column":61},"end":{"line":107,"column":40}},{"start":{"line":108,"column":44},"end":{"line":107,"column":16}}]},"14":{"line":141,"type":"binary-expr","locations":[{"start":{"line":141,"column":32},"end":{"line":141,"column":42}},{"start":{"line":141,"column":42},"end":{"line":141,"column":12}}]},"15":{"line":148,"type":"if","locations":[{"start":{"line":148,"column":21},"end":{"line":148,"column":21}},{"start":{"line":148,"column":21},"end":{"line":148,"column":21}}]},"16":{"line":154,"type":"cond-expr","locations":[{"start":{"line":154,"column":46},"end":{"line":154,"column":33}},{"start":{"line":154,"column":62},"end":{"line":154,"column":12}}]},"17":{"line":156,"type":"if","locations":[{"start":{"line":156,"column":17},"end":{"line":156,"column":17}},{"start":{"line":156,"column":17},"end":{"line":156,"column":17}}]},"18":{"line":178,"type":"if","locations":[{"start":{"line":178,"column":17},"end":{"line":178,"column":17}},{"start":{"line":178,"column":17},"end":{"line":178,"column":17}}]},"19":{"line":178,"type":"binary-expr","locations":[{"start":{"line":178,"column":19},"end":{"line":178,"column":19}},{"start":{"line":178,"column":45},"end":{"line":178,"column":17}},{"start":{"line":179,"column":23},"end":{"line":178,"column":17}},{"start":{"line":180,"column":23},"end":{"line":178,"column":12}}]},"20":{"line":182,"type":"binary-expr","locations":[{"start":{"line":182,"column":40},"end":{"line":182,"column":40}},{"start":{"line":183,"column":48},"end":{"line":182,"column":16}}]},"21":{"line":186,"type":"if","locations":[{"start":{"line":186,"column":17},"end":{"line":186,"column":17}},{"start":{"line":186,"column":17},"end":{"line":186,"column":17}}]},"22":{"line":193,"type":"if","locations":[{"start":{"line":193,"column":17},"end":{"line":193,"column":17}},{"start":{"line":193,"column":17},"end":{"line":193,"column":17}}]},"23":{"line":193,"type":"binary-expr","locations":[{"start":{"line":193,"column":17},"end":{"line":193,"column":32}},{"start":{"line":193,"column":32},"end":{"line":193,"column":17}},{"start":{"line":193,"column":54},"end":{"line":193,"column":12}}]},"24":{"line":200,"type":"if","locations":[{"start":{"line":200,"column":17},"end":{"line":200,"column":17}},{"start":{"line":200,"column":17},"end":{"line":200,"column":17}}]},"25":{"line":205,"type":"if","locations":[{"start":{"line":205,"column":21},"end":{"line":205,"column":21}},{"start":{"line":205,"column":21},"end":{"line":205,"column":21}}]},"26":{"line":212,"type":"cond-expr","locations":[{"start":{"line":212,"column":43},"end":{"line":212,"column":18}},{"start":{"line":212,"column":69},"end":{"line":212,"column":12}}]},"27":{"line":213,"type":"cond-expr","locations":[{"start":{"line":213,"column":51},"end":{"line":213,"column":18}},{"start":{"line":214,"column":76},"end":{"line":213,"column":12}}]},"28":{"line":213,"type":"binary-expr","locations":[{"start":{"line":213,"column":18},"end":{"line":213,"column":18}},{"start":{"line":213,"column":26},"end":{"line":213,"column":18}}]},"29":{"line":215,"type":"cond-expr","locations":[{"start":{"line":215,"column":25},"end":{"line":215,"column":18}},{"start":{"line":215,"column":54},"end":{"line":215,"column":12}}]},"30":{"line":220,"type":"binary-expr","locations":[{"start":{"line":220,"column":26},"end":{"line":220,"column":42}},{"start":{"line":220,"column":42},"end":{"line":220,"column":26}},{"start":{"line":220,"column":60},"end":{"line":220,"column":8}}]}}},"/Library/WebServer/Documents/flounder/src/core/utils.js":{"path":"/Library/WebServer/Documents/flounder/src/core/utils.js","s":{"1":1,"2":1,"3":1,"4":1,"5":1,"6":1,"7":146,"8":3,"9":8,"10":3,"11":143,"12":143,"13":143,"14":143,"15":114,"16":143,"17":3243,"18":3242,"19":6991,"20":1058,"21":5933,"22":1,"23":3239,"24":3239,"25":3239,"26":4,"27":1,"28":8,"29":81,"30":4,"31":8,"32":4,"33":8,"34":8,"35":4,"36":1060,"37":60,"38":60,"39":60,"40":2,"41":1,"42":1,"43":1,"44":58,"45":59,"46":585,"47":585,"48":585,"49":272,"50":272,"51":5,"52":1,"53":4,"54":1,"55":3,"56":1,"57":2,"58":267,"59":10,"60":30,"61":164,"62":2,"63":5,"64":2,"65":162,"66":162,"67":162,"68":162,"69":3,"70":159,"71":2,"72":157,"73":56,"74":101,"75":23,"76":162,"77":11,"78":10,"79":10,"80":10,"81":10,"82":10,"83":10,"84":1,"85":9,"86":1,"87":1,"88":267,"89":267,"90":267,"91":267,"92":267,"93":267,"94":55,"95":6,"96":49,"97":1,"98":1},"b":{"1":[0,1],"2":[1,1],"3":[3,143],"4":[146,3],"5":[114,29],"6":[143,114,114],"7":[3242,1],"8":[1058,5933],"9":[3239,2398],"10":[59,1],"11":[60,1],"12":[2,58],"13":[60,2],"14":[1,1],"15":[2,1],"16":[1,271],"17":[272,271],"18":[5,267],"19":[1,4],"20":[1,3],"21":[1,2],"22":[2,162],"23":[164,2],"24":[3,159],"25":[2,157],"26":[56,101],"27":[23,78],"28":[10,1],"29":[1,9],"30":[1,8],"31":[261,6],"32":[267,6],"33":[2,265],"34":[6,49]},"f":{"1":1,"2":146,"3":8,"4":3243,"5":3239,"6":4,"7":8,"8":1060,"9":60,"10":585,"11":272,"12":10,"13":30,"14":164,"15":5,"16":11,"17":267,"18":55},"fnMap":{"1":{"name":"_interopRequireDefault","line":0,"loc":{"start":{"line":0,"column":0},"end":{"line":0,"column":0}},"skip":true},"2":{"name":"addClass","line":15,"loc":{"start":{"line":15,"column":14},"end":{"line":16,"column":4}}},"3":{"name":"(anonymous_3)","line":19,"loc":{"start":{"line":19,"column":26},"end":{"line":20,"column":12}}},"4":{"name":"attachAttributes","line":54,"loc":{"start":{"line":54,"column":22},"end":{"line":55,"column":4}}},"5":{"name":"constructElement","line":84,"loc":{"start":{"line":84,"column":22},"end":{"line":85,"column":4}}},"6":{"name":"extendClass","line":104,"loc":{"start":{"line":104,"column":17},"end":{"line":105,"column":4}}},"7":{"name":"merge","line":117,"loc":{"start":{"line":117,"column":17},"end":{"line":118,"column":8}}},"8":{"name":"escapeHTML","line":144,"loc":{"start":{"line":144,"column":16},"end":{"line":145,"column":4}}},"9":{"name":"getElWidth","line":165,"loc":{"start":{"line":165,"column":16},"end":{"line":166,"column":4}}},"10":{"name":"hasClass","line":202,"loc":{"start":{"line":202,"column":14},"end":{"line":203,"column":4}}},"11":{"name":"iosVersion","line":225,"loc":{"start":{"line":225,"column":4},"end":{"line":225,"column":4}}},"12":{"name":"removeAllChildren","line":257,"loc":{"start":{"line":257,"column":23},"end":{"line":258,"column":4}}},"13":{"name":"(anonymous_13)","line":259,"loc":{"start":{"line":259,"column":66},"end":{"line":260,"column":8}}},"14":{"name":"removeClass","line":276,"loc":{"start":{"line":276,"column":17},"end":{"line":277,"column":4}}},"15":{"name":"(anonymous_15)","line":280,"loc":{"start":{"line":280,"column":26},"end":{"line":281,"column":12}}},"16":{"name":"scrollTo","line":323,"loc":{"start":{"line":323,"column":14},"end":{"line":324,"column":4}}},"17":{"name":"setPlatform","line":359,"loc":{"start":{"line":359,"column":4},"end":{"line":359,"column":4}}},"18":{"name":"toggleClass","line":383,"loc":{"start":{"line":383,"column":17},"end":{"line":384,"column":4}}}},"statementMap":{"1":{"start":{"line":0,"column":0},"end":{"line":0,"column":0},"skip":true},"2":{"start":{"line":2,"column":0},"end":{"line":null,"column":null}},"3":{"start":{"line":0,"column":0},"end":{"line":0,"column":0},"skip":true},"4":{"start":{"line":0,"column":0},"end":{"line":0,"column":0},"skip":true},"5":{"start":{"line":0,"column":0},"end":{"line":0,"column":0},"skip":true},"6":{"start":{"line":4,"column":0},"end":{"line":null,"column":null}},"7":{"start":{"line":17,"column":13},"end":{"line":null,"column":null}},"8":{"start":{"line":19,"column":17},"end":{"line":null,"column":null}},"9":{"start":{"line":21,"column":22},"end":{"line":null,"column":null}},"10":{"start":{"line":24,"column":19},"end":{"line":null,"column":null}},"11":{"start":{"line":27,"column":12},"end":{"line":null,"column":null}},"12":{"start":{"line":28,"column":14},"end":{"line":null,"column":null}},"13":{"start":{"line":30,"column":14},"end":{"line":null,"column":null}},"14":{"start":{"line":33,"column":13},"end":{"line":null,"column":null}},"15":{"start":{"line":37,"column":28},"end":{"line":null,"column":null}},"16":{"start":{"line":40,"column":11},"end":{"line":null,"column":null}},"17":{"start":{"line":56,"column":13},"end":{"line":null,"column":null}},"18":{"start":{"line":58,"column":18},"end":{"line":null,"column":null}},"19":{"start":{"line":60,"column":21},"end":{"line":null,"column":null}},"20":{"start":{"line":62,"column":23},"end":{"line":null,"column":null}},"21":{"start":{"line":66,"column":24},"end":{"line":null,"column":null}},"22":{"start":{"line":72,"column":19},"end":{"line":null,"column":null}},"23":{"start":{"line":86,"column":14},"end":{"line":null,"column":null}},"24":{"start":{"line":88,"column":14},"end":{"line":null,"column":null}},"25":{"start":{"line":90,"column":15},"end":{"line":null,"column":null}},"26":{"start":{"line":106,"column":17},"end":{"line":null,"column":null}},"27":{"start":{"line":117,"column":17},"end":{"line":null,"column":null}},"28":{"start":{"line":119,"column":18},"end":{"line":null,"column":null}},"29":{"start":{"line":121,"column":24},"end":{"line":null,"column":null}},"30":{"start":{"line":104,"column":28},"end":{"line":null,"column":null}},"31":{"start":{"line":105,"column":4},"end":{"line":null,"column":null}},"32":{"start":{"line":125,"column":14},"end":{"line":null,"column":null}},"33":{"start":{"line":127,"column":18},"end":{"line":null,"column":null}},"34":{"start":{"line":128,"column":19},"end":{"line":null,"column":null}},"35":{"start":{"line":131,"column":15},"end":{"line":null,"column":null}},"36":{"start":{"line":146,"column":15},"end":{"line":null,"column":null}},"37":{"start":{"line":165,"column":33},"end":{"line":null,"column":null}},"38":{"start":{"line":167,"column":14},"end":{"line":null,"column":null}},"39":{"start":{"line":169,"column":13},"end":{"line":null,"column":null}},"40":{"start":{"line":171,"column":17},"end":{"line":null,"column":null}},"41":{"start":{"line":174,"column":28},"end":{"line":null,"column":null},"skip":true},"42":{"start":{"line":175,"column":21},"end":{"line":null,"column":null}},"43":{"start":{"line":179,"column":22},"end":{"line":null,"column":null}},"44":{"start":{"line":184,"column":17},"end":{"line":null,"column":null}},"45":{"start":{"line":187,"column":15},"end":{"line":null,"column":null}},"46":{"start":{"line":204,"column":14},"end":{"line":null,"column":null}},"47":{"start":{"line":205,"column":14},"end":{"line":null,"column":null}},"48":{"start":{"line":207,"column":15},"end":{"line":null,"column":null}},"49":{"start":{"line":224,"column":16},"end":{"line":null,"column":null}},"50":{"start":{"line":226,"column":13},"end":{"line":null,"column":null}},"51":{"start":{"line":228,"column":17},"end":{"line":null,"column":null}},"52":{"start":{"line":230,"column":23},"end":{"line":null,"column":null}},"53":{"start":{"line":232,"column":17},"end":{"line":null,"column":null}},"54":{"start":{"line":234,"column":23},"end":{"line":null,"column":null}},"55":{"start":{"line":236,"column":17},"end":{"line":null,"column":null}},"56":{"start":{"line":238,"column":23},"end":{"line":null,"column":null}},"57":{"start":{"line":241,"column":19},"end":{"line":null,"column":null}},"58":{"start":{"line":244,"column":15},"end":{"line":null,"column":null}},"59":{"start":{"line":259,"column":14},"end":{"line":null,"column":null}},"60":{"start":{"line":261,"column":19},"end":{"line":null,"column":null}},"61":{"start":{"line":278,"column":13},"end":{"line":null,"column":null}},"62":{"start":{"line":280,"column":17},"end":{"line":null,"column":null}},"63":{"start":{"line":282,"column":22},"end":{"line":null,"column":null}},"64":{"start":{"line":285,"column":19},"end":{"line":null,"column":null}},"65":{"start":{"line":288,"column":12},"end":{"line":null,"column":null}},"66":{"start":{"line":289,"column":14},"end":{"line":null,"column":null}},"67":{"start":{"line":290,"column":14},"end":{"line":null,"column":null}},"68":{"start":{"line":292,"column":13},"end":{"line":null,"column":null}},"69":{"start":{"line":294,"column":24},"end":{"line":null,"column":null}},"70":{"start":{"line":296,"column":13},"end":{"line":null,"column":null}},"71":{"start":{"line":298,"column":24},"end":{"line":null,"column":null}},"72":{"start":{"line":300,"column":13},"end":{"line":null,"column":null}},"73":{"start":{"line":303,"column":24},"end":{"line":null,"column":null}},"74":{"start":{"line":305,"column":13},"end":{"line":null,"column":null}},"75":{"start":{"line":307,"column":24},"end":{"line":null,"column":null}},"76":{"start":{"line":310,"column":11},"end":{"line":null,"column":null}},"77":{"start":{"line":325,"column":13},"end":{"line":null,"column":null}},"78":{"start":{"line":327,"column":18},"end":{"line":null,"column":null}},"79":{"start":{"line":328,"column":18},"end":{"line":null,"column":null}},"80":{"start":{"line":329,"column":18},"end":{"line":null,"column":null}},"81":{"start":{"line":330,"column":18},"end":{"line":null,"column":null}},"82":{"start":{"line":331,"column":18},"end":{"line":null,"column":null}},"83":{"start":{"line":333,"column":17},"end":{"line":null,"column":null}},"84":{"start":{"line":335,"column":23},"end":{"line":null,"column":null}},"85":{"start":{"line":337,"column":17},"end":{"line":null,"column":null}},"86":{"start":{"line":339,"column":23},"end":{"line":null,"column":null}},"87":{"start":{"line":344,"column":19},"end":{"line":null,"column":null}},"88":{"start":{"line":358,"column":17},"end":{"line":null,"column":null}},"89":{"start":{"line":360,"column":14},"end":{"line":null,"column":null}},"90":{"start":{"line":361,"column":14},"end":{"line":null,"column":null}},"91":{"start":{"line":362,"column":14},"end":{"line":null,"column":null}},"92":{"start":{"line":363,"column":14},"end":{"line":null,"column":null}},"93":{"start":{"line":365,"column":15},"end":{"line":null,"column":null}},"94":{"start":{"line":385,"column":13},"end":{"line":null,"column":null}},"95":{"start":{"line":387,"column":18},"end":{"line":null,"column":null}},"96":{"start":{"line":391,"column":18},"end":{"line":null,"column":null}},"97":{"start":{"line":396,"column":0},"end":{"line":null,"column":null}},"98":{"start":{"line":398,"column":15},"end":{"line":null,"column":null}}},"branchMap":{"1":{"line":0,"type":"cond-expr","locations":[{"start":{"line":0,"column":0},"end":{"line":0,"column":0},"skip":true},{"start":{"line":0,"column":0},"end":{"line":0,"column":0},"skip":true}]},"2":{"line":0,"type":"binary-expr","locations":[{"start":{"line":0,"column":0},"end":{"line":0,"column":0},"skip":true},{"start":{"line":0,"column":0},"end":{"line":0,"column":0},"skip":true}]},"3":{"line":17,"type":"if","locations":[{"start":{"line":17,"column":13},"end":{"line":17,"column":13}},{"start":{"line":17,"column":13},"end":{"line":17,"column":13}}]},"4":{"line":17,"type":"binary-expr","locations":[{"start":{"line":17,"column":13},"end":{"line":17,"column":13}},{"start":{"line":17,"column":41},"end":{"line":17,"column":8}}]},"5":{"line":33,"type":"if","locations":[{"start":{"line":33,"column":13},"end":{"line":33,"column":13}},{"start":{"line":33,"column":13},"end":{"line":33,"column":13}}]},"6":{"line":33,"type":"binary-expr","locations":[{"start":{"line":33,"column":13},"end":{"line":33,"column":13}},{"start":{"line":34,"column":16},"end":{"line":33,"column":13}},{"start":{"line":35,"column":12},"end":{"line":33,"column":8}}]},"7":{"line":56,"type":"if","locations":[{"start":{"line":56,"column":13},"end":{"line":56,"column":13}},{"start":{"line":56,"column":13},"end":{"line":56,"column":13}}]},"8":{"line":60,"type":"if","locations":[{"start":{"line":60,"column":21},"end":{"line":60,"column":21}},{"start":{"line":60,"column":21},"end":{"line":60,"column":21}}]},"9":{"line":86,"type":"binary-expr","locations":[{"start":{"line":86,"column":43},"end":{"line":86,"column":43}},{"start":{"line":86,"column":60},"end":{"line":86,"column":19}}]},"10":{"line":165,"type":"cond-expr","locations":[{"start":{"line":165,"column":43},"end":{"line":166,"column":4}},{"start":{"line":0,"column":0},"end":{"line":0,"column":0},"skip":true}]},"11":{"line":165,"type":"binary-expr","locations":[{"start":{"line":165,"column":43},"end":{"line":165,"column":43}},{"start":{"line":165,"column":43},"end":{"line":165,"column":43}}]},"12":{"line":169,"type":"if","locations":[{"start":{"line":169,"column":13},"end":{"line":169,"column":13}},{"start":{"line":169,"column":13},"end":{"line":169,"column":13}}]},"13":{"line":169,"type":"binary-expr","locations":[{"start":{"line":169,"column":13},"end":{"line":169,"column":13}},{"start":{"line":169,"column":37},"end":{"line":169,"column":8}}]},"14":{"line":171,"type":"if","locations":[{"start":{"line":171,"column":17},"end":{"line":171,"column":17}},{"start":{"line":171,"column":17},"end":{"line":171,"column":17}}]},"15":{"line":171,"type":"binary-expr","locations":[{"start":{"line":171,"column":17},"end":{"line":171,"column":23}},{"start":{"line":171,"column":23},"end":{"line":171,"column":12}}]},"16":{"line":224,"type":"cond-expr","locations":[{"start":{"line":224,"column":28},"end":{"line":225,"column":4}},{"start":{"line":0,"column":0},"end":{"line":0,"column":0},"skip":true}]},"17":{"line":224,"type":"binary-expr","locations":[{"start":{"line":224,"column":28},"end":{"line":224,"column":28}},{"start":{"line":224,"column":28},"end":{"line":224,"column":28}}]},"18":{"line":226,"type":"if","locations":[{"start":{"line":226,"column":13},"end":{"line":226,"column":13}},{"start":{"line":226,"column":13},"end":{"line":226,"column":13}}]},"19":{"line":228,"type":"if","locations":[{"start":{"line":228,"column":17},"end":{"line":228,"column":17}},{"start":{"line":228,"column":17},"end":{"line":228,"column":17}}]},"20":{"line":232,"type":"if","locations":[{"start":{"line":232,"column":17},"end":{"line":232,"column":17}},{"start":{"line":232,"column":17},"end":{"line":232,"column":17}}]},"21":{"line":236,"type":"if","locations":[{"start":{"line":236,"column":17},"end":{"line":236,"column":17}},{"start":{"line":236,"column":17},"end":{"line":236,"column":17}}]},"22":{"line":278,"type":"if","locations":[{"start":{"line":278,"column":13},"end":{"line":278,"column":13}},{"start":{"line":278,"column":13},"end":{"line":278,"column":13}}]},"23":{"line":278,"type":"binary-expr","locations":[{"start":{"line":278,"column":13},"end":{"line":278,"column":13}},{"start":{"line":278,"column":41},"end":{"line":278,"column":8}}]},"24":{"line":292,"type":"if","locations":[{"start":{"line":292,"column":13},"end":{"line":292,"column":13}},{"start":{"line":292,"column":13},"end":{"line":292,"column":13}}]},"25":{"line":296,"type":"if","locations":[{"start":{"line":296,"column":13},"end":{"line":296,"column":13}},{"start":{"line":296,"column":13},"end":{"line":296,"column":13}}]},"26":{"line":300,"type":"if","locations":[{"start":{"line":300,"column":13},"end":{"line":300,"column":13}},{"start":{"line":300,"column":13},"end":{"line":300,"column":13}}]},"27":{"line":305,"type":"if","locations":[{"start":{"line":305,"column":13},"end":{"line":305,"column":13}},{"start":{"line":305,"column":13},"end":{"line":305,"column":13}}]},"28":{"line":325,"type":"if","locations":[{"start":{"line":325,"column":13},"end":{"line":325,"column":13}},{"start":{"line":325,"column":13},"end":{"line":325,"column":13}}]},"29":{"line":333,"type":"if","locations":[{"start":{"line":333,"column":17},"end":{"line":333,"column":17}},{"start":{"line":333,"column":17},"end":{"line":333,"column":17}}]},"30":{"line":337,"type":"if","locations":[{"start":{"line":337,"column":17},"end":{"line":337,"column":17}},{"start":{"line":337,"column":17},"end":{"line":337,"column":17}}]},"31":{"line":358,"type":"cond-expr","locations":[{"start":{"line":358,"column":29},"end":{"line":359,"column":4}},{"start":{"line":0,"column":0},"end":{"line":0,"column":0},"skip":true}]},"32":{"line":358,"type":"binary-expr","locations":[{"start":{"line":358,"column":29},"end":{"line":358,"column":29}},{"start":{"line":358,"column":29},"end":{"line":358,"column":29}}]},"33":{"line":363,"type":"cond-expr","locations":[{"start":{"line":363,"column":38},"end":{"line":363,"column":30}},{"start":{"line":363,"column":50},"end":{"line":363,"column":8}}]},"34":{"line":385,"type":"if","locations":[{"start":{"line":385,"column":13},"end":{"line":385,"column":13}},{"start":{"line":385,"column":13},"end":{"line":385,"column":13}}]}}},"/Library/WebServer/Documents/flounder/src/core/classes.js":{"path":"/Library/WebServer/Documents/flounder/src/core/classes.js","s":{"1":1,"2":1,"3":1},"b":{},"f":{},"fnMap":{},"statementMap":{"1":{"start":{"line":0,"column":0},"end":{"line":0,"column":0},"skip":true},"2":{"start":{"line":1,"column":0},"end":{"line":null,"column":null}},"3":{"start":{"line":37,"column":15},"end":{"line":null,"column":null}}},"branchMap":{}},"/Library/WebServer/Documents/flounder/src/core/api.js":{"path":"/Library/WebServer/Documents/flounder/src/core/api.js","s":{"1":1,"2":1,"3":1,"4":0,"5":0,"6":0,"7":0,"8":0,"9":0,"10":0,"11":0,"12":0,"13":0,"14":0,"15":0,"16":0,"17":0,"18":0,"19":0,"20":0,"21":1,"22":3,"23":3,"24":0,"25":0,"26":0,"27":1,"28":19,"29":0,"30":1,"31":1,"32":1,"33":1,"34":1,"35":1,"36":1,"37":2,"38":2,"39":2,"40":2,"41":1,"42":2,"43":2,"44":3,"45":1,"46":1,"47":55,"48":55,"49":55,"50":55,"51":55,"52":55,"53":9,"54":9,"55":7,"56":7,"57":1,"58":2,"59":9,"60":9,"61":9,"62":8,"63":8,"64":1,"65":46,"66":46,"67":46,"68":46,"69":1,"70":53,"71":20,"72":20,"73":11,"74":11,"75":11,"76":11,"77":2,"78":2,"79":2,"80":4,"81":4,"82":2,"83":2,"84":2,"85":2,"86":2,"87":2,"88":2,"89":2,"90":2,"91":2,"92":2,"93":2,"94":1,"95":1,"96":1,"97":1,"98":1,"99":1,"100":1,"101":1,"102":15,"103":15,"104":15,"105":1,"106":1,"107":1,"108":2,"109":1,"110":1,"111":14,"112":14,"113":14,"114":1,"115":1,"116":14,"117":14,"118":11,"119":11,"120":11,"121":3,"122":3,"123":8,"124":8,"125":11,"126":3,"127":6,"128":6,"129":2,"130":2,"131":2,"132":3,"133":2,"134":2,"135":2,"136":4,"137":4,"138":12,"139":12,"140":3,"141":4,"142":4,"143":6,"144":6,"145":2,"146":2,"147":2,"148":3,"149":2,"150":2,"151":2,"152":4,"153":12,"154":12,"155":4,"156":4,"157":1,"158":1,"159":1,"160":9,"161":9,"162":9,"163":6,"164":3,"165":1,"166":2,"167":2,"168":1,"169":3,"170":1,"171":220,"172":220,"173":220,"174":220,"175":220,"176":819,"177":186,"178":220,"179":49,"180":36,"181":4,"182":4,"183":4,"184":4,"185":3,"186":3,"187":2,"188":1,"189":1,"190":1,"191":4,"192":6,"193":3,"194":3,"195":3,"196":3,"197":3,"198":3,"199":3,"200":3,"201":3,"202":3,"203":3,"204":3,"205":3,"206":3,"207":3,"208":3,"209":3,"210":3,"211":3,"212":3,"213":98,"214":98,"215":98,"216":98,"217":12,"218":12,"219":12,"220":16,"221":12,"222":12,"223":86,"224":86,"225":86,"226":3,"227":3,"228":86,"229":86,"230":84,"231":84,"232":84,"233":84,"234":2,"235":5,"236":5,"237":5,"238":1,"239":1,"240":1,"241":3,"242":1,"243":1,"244":4,"245":4,"246":4,"247":16,"248":16,"249":4,"250":4,"251":7,"252":7,"253":7,"254":1,"255":1,"256":1,"257":3,"258":1,"259":1,"260":6,"261":21,"262":21,"263":6,"264":1},"b":{"1":[0,0],"2":[0,0],"3":[0,0],"4":[0,0],"5":[0,0],"6":[3,0],"7":[0,0],"8":[1,0],"9":[1,1],"10":[0,0],"11":[0,0,0],"12":[1,0],"13":[1,1],"14":[1,1],"15":[9,46],"16":[55,53],"17":[7,2],"18":[1,6],"19":[7,1],"20":[11,9],"21":[2,9],"22":[2,2],"23":[4,4],"24":[1,1],"25":[1,14],"26":[15,15],"27":[1,0],"28":[0,1],"29":[1,13],"30":[11,3],"31":[3,8],"32":[2,4],"33":[6,2],"34":[1,1],"35":[2,0],"36":[0,2],"37":[3,9],"38":[3,1],"39":[2,4],"40":[6,3],"41":[1,1],"42":[2,0],"43":[0,2],"44":[3,9],"45":[12,10],"46":[3,1],"47":[6,3],"48":[1,2],"49":[3,2,2],"50":[1,1],"51":[186,633],"52":[819,313],"53":[3,1],"54":[2,1],"55":[3,3],"56":[6,5,5,4,3],"57":[3,1],"58":[68,30],"59":[98,30],"60":[12,86],"61":[98,98],"62":[12,0],"63":[0,12],"64":[3,83],"65":[84,2],"66":[84,18],"67":[1,4],"68":[5,4],"69":[1,4],"70":[5,2],"71":[1,0],"72":[0,1],"73":[4,12],"74":[3,4],"75":[7,4],"76":[1,6],"77":[7,3],"78":[1,0],"79":[0,1],"80":[6,15],"81":[21,21]},"f":{"1":1,"2":0,"3":3,"4":19,"5":0,"6":1,"7":2,"8":2,"9":3,"10":1,"11":1,"12":55,"13":20,"14":2,"15":4,"16":2,"17":15,"18":1,"19":2,"20":6,"21":2,"22":3,"23":12,"24":6,"25":2,"26":3,"27":12,"28":12,"29":1,"30":1,"31":1,"32":9,"33":2,"34":3,"35":220,"36":819,"37":49,"38":36,"39":4,"40":4,"41":1,"42":6,"43":98,"44":12,"45":16,"46":5,"47":1,"48":3,"49":16,"50":7,"51":1,"52":3,"53":21,"54":21},"fnMap":{"1":{"name":"(anonymous_1)","line":0,"loc":{"start":{"line":0,"column":0},"end":{"line":0,"column":0}},"skip":true},"2":{"name":"sliceIterator","line":0,"loc":{"start":{"line":0,"column":0},"end":{"line":0,"column":0}},"skip":true},"3":{"name":"(anonymous_3)","line":0,"loc":{"start":{"line":0,"column":0},"end":{"line":0,"column":0}},"skip":true},"4":{"name":"(anonymous_4)","line":0,"loc":{"start":{"line":0,"column":0},"end":{"line":0,"column":0}},"skip":true},"5":{"name":"(anonymous_5)","line":0,"loc":{"start":{"line":0,"column":0},"end":{"line":0,"column":0}},"skip":true},"6":{"name":"_interopRequireDefault","line":0,"loc":{"start":{"line":0,"column":0},"end":{"line":0,"column":0}},"skip":true},"7":{"name":"buildFromUrl","line":19,"loc":{"start":{"line":19,"column":18},"end":{"line":20,"column":4}}},"8":{"name":"(anonymous_8)","line":21,"loc":{"start":{"line":21,"column":35},"end":{"line":22,"column":8}}},"9":{"name":"clickByIndex","line":49,"loc":{"start":{"line":49,"column":18},"end":{"line":50,"column":4}}},"10":{"name":"clickByText","line":68,"loc":{"start":{"line":68,"column":17},"end":{"line":69,"column":4}}},"11":{"name":"clickByValue","line":87,"loc":{"start":{"line":87,"column":18},"end":{"line":88,"column":4}}},"12":{"name":"destroy","line":101,"loc":{"start":{"line":101,"column":4},"end":{"line":101,"column":4}}},"13":{"name":"deselectAll","line":168,"loc":{"start":{"line":168,"column":17},"end":{"line":169,"column":4}}},"14":{"name":"(anonymous_14)","line":0,"loc":{"start":{"line":0,"column":0},"end":{"line":0,"column":0}},"skip":true},"15":{"name":"(anonymous_15)","line":181,"loc":{"start":{"line":181,"column":30},"end":{"line":182,"column":16}}},"16":{"name":"disable","line":216,"loc":{"start":{"line":216,"column":13},"end":{"line":217,"column":4}}},"17":{"name":"disableByIndex","line":252,"loc":{"start":{"line":252,"column":20},"end":{"line":253,"column":4}}},"18":{"name":"(anonymous_18)","line":0,"loc":{"start":{"line":0,"column":0},"end":{"line":0,"column":0}},"skip":true},"19":{"name":"(anonymous_19)","line":260,"loc":{"start":{"line":260,"column":30},"end":{"line":null,"column":null}}},"20":{"name":"disableByText","line":307,"loc":{"start":{"line":307,"column":19},"end":{"line":308,"column":4}}},"21":{"name":"(anonymous_21)","line":0,"loc":{"start":{"line":0,"column":0},"end":{"line":0,"column":0}},"skip":true},"22":{"name":"(anonymous_22)","line":312,"loc":{"start":{"line":312,"column":34},"end":{"line":null,"column":null}}},"23":{"name":"(anonymous_23)","line":319,"loc":{"start":{"line":319,"column":32},"end":{"line":320,"column":8}}},"24":{"name":"disableByValue","line":345,"loc":{"start":{"line":345,"column":20},"end":{"line":346,"column":4}}},"25":{"name":"(anonymous_25)","line":0,"loc":{"start":{"line":0,"column":0},"end":{"line":0,"column":0}},"skip":true},"26":{"name":"(anonymous_26)","line":350,"loc":{"start":{"line":350,"column":35},"end":{"line":null,"column":null}}},"27":{"name":"(anonymous_27)","line":355,"loc":{"start":{"line":355,"column":47},"end":{"line":356,"column":8}}},"28":{"name":"(anonymous_28)","line":358,"loc":{"start":{"line":358,"column":20},"end":{"line":null,"column":null}}},"29":{"name":"enableByIndex","line":375,"loc":{"start":{"line":375,"column":19},"end":{"line":376,"column":4}}},"30":{"name":"enableByText","line":390,"loc":{"start":{"line":390,"column":18},"end":{"line":391,"column":4}}},"31":{"name":"enableByValue","line":405,"loc":{"start":{"line":405,"column":19},"end":{"line":406,"column":4}}},"32":{"name":"getData","line":420,"loc":{"start":{"line":420,"column":13},"end":{"line":421,"column":4}}},"33":{"name":"(anonymous_33)","line":433,"loc":{"start":{"line":433,"column":30},"end":{"line":434,"column":12}}},"34":{"name":"(anonymous_34)","line":440,"loc":{"start":{"line":440,"column":43},"end":{"line":441,"column":12}}},"35":{"name":"getSelected","line":458,"loc":{"start":{"line":458,"column":4},"end":{"line":458,"column":4}}},"36":{"name":"(anonymous_36)","line":464,"loc":{"start":{"line":464,"column":42},"end":{"line":465,"column":8}}},"37":{"name":"getSelectedValues","line":484,"loc":{"start":{"line":484,"column":4},"end":{"line":484,"column":4}}},"38":{"name":"(anonymous_38)","line":485,"loc":{"start":{"line":485,"column":39},"end":{"line":null,"column":null}}},"39":{"name":"loadDataFromUrl","line":499,"loc":{"start":{"line":499,"column":21},"end":{"line":500,"column":4}}},"40":{"name":"(anonymous_40)","line":503,"loc":{"start":{"line":503,"column":36},"end":{"line":504,"column":8}}},"41":{"name":"(anonymous_41)","line":518,"loc":{"start":{"line":518,"column":19},"end":{"line":519,"column":8}}},"42":{"name":"rebuild","line":548,"loc":{"start":{"line":548,"column":13},"end":{"line":549,"column":4}}},"43":{"name":"setByIndex","line":597,"loc":{"start":{"line":597,"column":16},"end":{"line":598,"column":4}}},"44":{"name":"(anonymous_44)","line":0,"loc":{"start":{"line":0,"column":0},"end":{"line":0,"column":0}},"skip":true},"45":{"name":"(anonymous_45)","line":605,"loc":{"start":{"line":605,"column":30},"end":{"line":null,"column":null}}},"46":{"name":"setByText","line":646,"loc":{"start":{"line":646,"column":15},"end":{"line":647,"column":4}}},"47":{"name":"(anonymous_47)","line":0,"loc":{"start":{"line":0,"column":0},"end":{"line":0,"column":0}},"skip":true},"48":{"name":"(anonymous_48)","line":652,"loc":{"start":{"line":652,"column":29},"end":{"line":null,"column":null}}},"49":{"name":"(anonymous_49)","line":658,"loc":{"start":{"line":658,"column":32},"end":{"line":659,"column":8}}},"50":{"name":"setByValue","line":685,"loc":{"start":{"line":685,"column":16},"end":{"line":686,"column":4}}},"51":{"name":"(anonymous_51)","line":0,"loc":{"start":{"line":0,"column":0},"end":{"line":0,"column":0}},"skip":true},"52":{"name":"(anonymous_52)","line":691,"loc":{"start":{"line":691,"column":30},"end":{"line":null,"column":null}}},"53":{"name":"(anonymous_53)","line":694,"loc":{"start":{"line":694,"column":52},"end":{"line":695,"column":8}}},"54":{"name":"(anonymous_54)","line":697,"loc":{"start":{"line":697,"column":20},"end":{"line":null,"column":null}}}},"statementMap":{"1":{"start":{"line":0,"column":0},"end":{"line":0,"column":0},"skip":true},"2":{"start":{"line":0,"column":0},"end":{"line":0,"column":0},"skip":true},"3":{"start":{"line":0,"column":0},"end":{"line":0,"column":0},"skip":true},"4":{"start":{"line":0,"column":0},"end":{"line":0,"column":0},"skip":true},"5":{"start":{"line":0,"column":0},"end":{"line":0,"column":0},"skip":true},"6":{"start":{"line":0,"column":0},"end":{"line":0,"column":0},"skip":true},"7":{"start":{"line":0,"column":0},"end":{"line":0,"column":0},"skip":true},"8":{"start":{"line":0,"column":0},"end":{"line":0,"column":0},"skip":true},"9":{"start":{"line":0,"column":0},"end":{"line":0,"column":0},"skip":true},"10":{"start":{"line":0,"column":0},"end":{"line":0,"column":0},"skip":true},"11":{"start":{"line":0,"column":0},"end":{"line":0,"column":0},"skip":true},"12":{"start":{"line":0,"column":0},"end":{"line":0,"column":0},"skip":true},"13":{"start":{"line":0,"column":0},"end":{"line":0,"column":0},"skip":true},"14":{"start":{"line":0,"column":0},"end":{"line":0,"column":0},"skip":true},"15":{"start":{"line":0,"column":0},"end":{"line":0,"column":0},"skip":true},"16":{"start":{"line":0,"column":0},"end":{"line":0,"column":0},"skip":true},"17":{"start":{"line":0,"column":0},"end":{"line":0,"column":0},"skip":true},"18":{"start":{"line":0,"column":0},"end":{"line":0,"column":0},"skip":true},"19":{"start":{"line":0,"column":0},"end":{"line":0,"column":0},"skip":true},"20":{"start":{"line":0,"column":0},"end":{"line":0,"column":0},"skip":true},"21":{"start":{"line":0,"column":0},"end":{"line":0,"column":0},"skip":true},"22":{"start":{"line":0,"column":0},"end":{"line":0,"column":0},"skip":true},"23":{"start":{"line":0,"column":0},"end":{"line":0,"column":0},"skip":true},"24":{"start":{"line":0,"column":0},"end":{"line":0,"column":0},"skip":true},"25":{"start":{"line":0,"column":0},"end":{"line":0,"column":0},"skip":true},"26":{"start":{"line":0,"column":0},"end":{"line":0,"column":0},"skip":true},"27":{"start":{"line":0,"column":0},"end":{"line":0,"column":0},"skip":true},"28":{"start":{"line":0,"column":0},"end":{"line":0,"column":0},"skip":true},"29":{"start":{"line":0,"column":0},"end":{"line":0,"column":0},"skip":true},"30":{"start":{"line":2,"column":0},"end":{"line":null,"column":null}},"31":{"start":{"line":0,"column":0},"end":{"line":0,"column":0},"skip":true},"32":{"start":{"line":3,"column":0},"end":{"line":null,"column":null}},"33":{"start":{"line":0,"column":0},"end":{"line":0,"column":0},"skip":true},"34":{"start":{"line":0,"column":0},"end":{"line":0,"column":0},"skip":true},"35":{"start":{"line":5,"column":0},"end":{"line":null,"column":null}},"36":{"start":{"line":7,"column":0},"end":{"line":null,"column":null}},"37":{"start":{"line":0,"column":0},"end":{"line":0,"column":0},"skip":true},"38":{"start":{"line":21,"column":13},"end":{"line":null,"column":null}},"39":{"start":{"line":23,"column":17},"end":{"line":null,"column":null}},"40":{"start":{"line":25,"column":17},"end":{"line":null,"column":null}},"41":{"start":{"line":27,"column":26},"end":{"line":null,"column":null}},"42":{"start":{"line":30,"column":17},"end":{"line":null,"column":null}},"43":{"start":{"line":33,"column":15},"end":{"line":null,"column":null}},"44":{"start":{"line":51,"column":15},"end":{"line":null,"column":null}},"45":{"start":{"line":70,"column":15},"end":{"line":null,"column":null}},"46":{"start":{"line":89,"column":15},"end":{"line":null,"column":null}},"47":{"start":{"line":102,"column":13},"end":{"line":null,"column":null}},"48":{"start":{"line":104,"column":14},"end":{"line":null,"column":null}},"49":{"start":{"line":105,"column":14},"end":{"line":null,"column":null}},"50":{"start":{"line":106,"column":14},"end":{"line":null,"column":null}},"51":{"start":{"line":107,"column":14},"end":{"line":null,"column":null}},"52":{"start":{"line":109,"column":13},"end":{"line":null,"column":null}},"53":{"start":{"line":111,"column":16},"end":{"line":null,"column":null}},"54":{"start":{"line":113,"column":17},"end":{"line":null,"column":null}},"55":{"start":{"line":115,"column":22},"end":{"line":null,"column":null}},"56":{"start":{"line":117,"column":21},"end":{"line":null,"column":null}},"57":{"start":{"line":120,"column":35},"end":{"line":null,"column":null}},"58":{"start":{"line":125,"column":25},"end":{"line":null,"column":null}},"59":{"start":{"line":129,"column":12},"end":{"line":null,"column":null}},"60":{"start":{"line":130,"column":22},"end":{"line":null,"column":null}},"61":{"start":{"line":131,"column":23},"end":{"line":null,"column":null}},"62":{"start":{"line":132,"column":31},"end":{"line":null,"column":null}},"63":{"start":{"line":133,"column":22},"end":{"line":null,"column":null}},"64":{"start":{"line":137,"column":22},"end":{"line":null,"column":null}},"65":{"start":{"line":143,"column":12},"end":{"line":null,"column":null}},"66":{"start":{"line":144,"column":22},"end":{"line":null,"column":null}},"67":{"start":{"line":145,"column":22},"end":{"line":null,"column":null}},"68":{"start":{"line":146,"column":23},"end":{"line":null,"column":null}},"69":{"start":{"line":150,"column":22},"end":{"line":null,"column":null}},"70":{"start":{"line":154,"column":13},"end":{"line":null,"column":null}},"71":{"start":{"line":0,"column":0},"end":{"line":0,"column":0},"skip":true},"72":{"start":{"line":170,"column":13},"end":{"line":null,"column":null}},"73":{"start":{"line":172,"column":17},"end":{"line":null,"column":null}},"74":{"start":{"line":173,"column":17},"end":{"line":null,"column":null}},"75":{"start":{"line":175,"column":18},"end":{"line":null,"column":null}},"76":{"start":{"line":177,"column":17},"end":{"line":null,"column":null}},"77":{"start":{"line":0,"column":0},"end":{"line":0,"column":0},"skip":true},"78":{"start":{"line":179,"column":22},"end":{"line":null,"column":null}},"79":{"start":{"line":181,"column":21},"end":{"line":null,"column":null}},"80":{"start":{"line":183,"column":26},"end":{"line":null,"column":null}},"81":{"start":{"line":185,"column":25},"end":{"line":null,"column":null}},"82":{"start":{"line":187,"column":29},"end":{"line":null,"column":null}},"83":{"start":{"line":188,"column":29},"end":{"line":null,"column":null}},"84":{"start":{"line":190,"column":27},"end":{"line":null,"column":null}},"85":{"start":{"line":194,"column":27},"end":{"line":null,"column":null}},"86":{"start":{"line":196,"column":27},"end":{"line":null,"column":null}},"87":{"start":{"line":200,"column":21},"end":{"line":null,"column":null}},"88":{"start":{"line":201,"column":21},"end":{"line":null,"column":null}},"89":{"start":{"line":218,"column":14},"end":{"line":null,"column":null}},"90":{"start":{"line":219,"column":14},"end":{"line":null,"column":null}},"91":{"start":{"line":220,"column":14},"end":{"line":null,"column":null}},"92":{"start":{"line":221,"column":14},"end":{"line":null,"column":null}},"93":{"start":{"line":223,"column":13},"end":{"line":null,"column":null}},"94":{"start":{"line":225,"column":17},"end":{"line":null,"column":null}},"95":{"start":{"line":227,"column":17},"end":{"line":null,"column":null}},"96":{"start":{"line":228,"column":18},"end":{"line":null,"column":null}},"97":{"start":{"line":229,"column":18},"end":{"line":null,"column":null}},"98":{"start":{"line":233,"column":17},"end":{"line":null,"column":null}},"99":{"start":{"line":235,"column":17},"end":{"line":null,"column":null}},"100":{"start":{"line":236,"column":18},"end":{"line":null,"column":null}},"101":{"start":{"line":237,"column":18},"end":{"line":null,"column":null}},"102":{"start":{"line":0,"column":0},"end":{"line":0,"column":0},"skip":true},"103":{"start":{"line":254,"column":14},"end":{"line":null,"column":null}},"104":{"start":{"line":256,"column":13},"end":{"line":null,"column":null}},"105":{"start":{"line":0,"column":0},"end":{"line":0,"column":0},"skip":true},"106":{"start":{"line":258,"column":18},"end":{"line":null,"column":null}},"107":{"start":{"line":0,"column":0},"end":{"line":0,"column":0},"skip":true},"108":{"start":{"line":260,"column":36},"end":{"line":null,"column":null}},"109":{"start":{"line":0,"column":0},"end":{"line":0,"column":0},"skip":true},"110":{"start":{"line":0,"column":0},"end":{"line":0,"column":0},"skip":true},"111":{"start":{"line":263,"column":14},"end":{"line":null,"column":null}},"112":{"start":{"line":264,"column":12},"end":{"line":null,"column":null}},"113":{"start":{"line":266,"column":13},"end":{"line":null,"column":null}},"114":{"start":{"line":268,"column":22},"end":{"line":null,"column":null}},"115":{"start":{"line":269,"column":20},"end":{"line":null,"column":null}},"116":{"start":{"line":272,"column":14},"end":{"line":null,"column":null}},"117":{"start":{"line":274,"column":13},"end":{"line":null,"column":null}},"118":{"start":{"line":276,"column":18},"end":{"line":null,"column":null}},"119":{"start":{"line":277,"column":18},"end":{"line":null,"column":null}},"120":{"start":{"line":279,"column":17},"end":{"line":null,"column":null}},"121":{"start":{"line":281,"column":20},"end":{"line":null,"column":null}},"122":{"start":{"line":282,"column":22},"end":{"line":null,"column":null}},"123":{"start":{"line":286,"column":20},"end":{"line":null,"column":null}},"124":{"start":{"line":287,"column":22},"end":{"line":null,"column":null}},"125":{"start":{"line":290,"column":19},"end":{"line":null,"column":null}},"126":{"start":{"line":293,"column":16},"end":{"line":null,"column":null}},"127":{"start":{"line":0,"column":0},"end":{"line":0,"column":0},"skip":true},"128":{"start":{"line":309,"column":13},"end":{"line":null,"column":null}},"129":{"start":{"line":0,"column":0},"end":{"line":0,"column":0},"skip":true},"130":{"start":{"line":311,"column":18},"end":{"line":null,"column":null}},"131":{"start":{"line":312,"column":18},"end":{"line":null,"column":null}},"132":{"start":{"line":312,"column":40},"end":{"line":null,"column":null}},"133":{"start":{"line":0,"column":0},"end":{"line":0,"column":0},"skip":true},"134":{"start":{"line":0,"column":0},"end":{"lin
[...]
:63},"end":{"line":1301,"column":8},"skip":true}]},"99":{"line":1322,"type":"cond-expr","locations":[{"start":{"line":1322,"column":27},"end":{"line":1324,"column":4}},{"start":{"line":0,"column":0},"end":{"line":0,"column":0},"skip":true}]},"100":{"line":1322,"type":"binary-expr","locations":[{"start":{"line":1322,"column":27},"end":{"line":1322,"column":27}},{"start":{"line":1322,"column":27},"end":{"line":1322,"column":27}}]},"101":{"line":1336,"type":"if","locations":[{"start":{"line":1336,"column":13},"end":{"line":1336,"column":13}},{"start":{"line":1336,"column":13},"end":{"line":1336,"column":13}}]},"102":{"line":1341,"type":"if","locations":[{"start":{"line":1341,"column":13},"end":{"line":1341,"column":13}},{"start":{"line":1341,"column":13},"end":{"line":1341,"column":13}}]},"103":{"line":1346,"type":"if","locations":[{"start":{"line":1346,"column":13},"end":{"line":1346,"column":13}},{"start":{"line":1346,"column":13},"end":{"line":1346,"column":13}}]},"104":{"line":1381,"type":"if","locations":[{"start":{"line":1381,"column":13},"end":{"line":1381,"column":13}},{"start":{"line":1381,"column":13},"end":{"line":1381,"column":13}}]},"105":{"line":1381,"type":"binary-expr","locations":[{"start":{"line":1381,"column":13},"end":{"line":1381,"column":13}},{"start":{"line":1381,"column":38},"end":{"line":1381,"column":13}},{"start":{"line":1381,"column":59},"end":{"line":1381,"column":8}}]},"106":{"line":1388,"type":"if","locations":[{"start":{"line":1388,"column":17},"end":{"line":1388,"column":17}},{"start":{"line":1388,"column":17},"end":{"line":1388,"column":17}}]},"107":{"line":1411,"type":"if","locations":[{"start":{"line":1411,"column":13},"end":{"line":1411,"column":13}},{"start":{"line":1411,"column":13},"end":{"line":1411,"column":13}}]},"108":{"line":1433,"type":"if","locations":[{"start":{"line":1433,"column":13},"end":{"line":1433,"column":13}},{"start":{"line":1433,"column":13},"end":{"line":1433,"column":13}}]},"109":{"line":1433,"type":"binary-expr","locations":[{"start":{"line":1433,"column":13},"end":{"line":1433,"column":13}},{"start":{"line":1433,"column":28},"end":{"line":1433,"column":13}},{"start":{"line":1433,"column":43},"end":{"line":1433,"column":8}}]},"110":{"line":1447,"type":"if","locations":[{"start":{"line":1447,"column":13},"end":{"line":1447,"column":13}},{"start":{"line":1447,"column":13},"end":{"line":1447,"column":13}}]},"111":{"line":1455,"type":"if","locations":[{"start":{"line":1455,"column":13},"end":{"line":1455,"column":13}},{"start":{"line":1455,"column":13},"end":{"line":1455,"column":13}}]},"112":{"line":1462,"type":"if","locations":[{"start":{"line":1462,"column":13},"end":{"line":1462,"column":13}},{"start":{"line":1462,"column":13},"end":{"line":1462,"column":13}}]},"113":{"line":1467,"type":"if","locations":[{"start":{"line":1467,"column":13},"end":{"line":1467,"column":13}},{"start":{"line":1467,"column":13},"end":{"line":1467,"column":13}}]},"114":{"line":1467,"type":"binary-expr","locations":[{"start":{"line":1467,"column":13},"end":{"line":1467,"column":13}},{"start":{"line":1467,"column":37},"end":{"line":1467,"column":8}}]},"115":{"line":1474,"type":"if","locations":[{"start":{"line":1474,"column":13},"end":{"line":1474,"column":13}},{"start":{"line":1474,"column":13},"end":{"line":1474,"column":13}}]}}},"/Library/WebServer/Documents/flounder/src/core/keycodes.js":{"path":"/Library/WebServer/Documents/flounder/src/core/keycodes.js","s":{"1":1,"2":1,"3":1},"b":{},"f":{},"fnMap":{},"statementMap":{"1":{"start":{"line":0,"column":0},"end":{"line":0,"column":0},"skip":true},"2":{"start":{"line":1,"column":0},"end":{"line":null,"column":null}},"3":{"start":{"line":14,"column":15},"end":{"line":null,"column":null}}},"branchMap":{}},"/Library/WebServer/Documents/flounder/src/core/search.js":{"path":"/Library/WebServer/Documents/flounder/src/core/search.js","s":{"1":1,"2":1,"3":1,"4":2,"5":7,"6":7,"7":7,"8":7,"9":7,"10":7,"11":1,"12":2,"13":2,"14":2,"15":0,"16":2,"17":1,"18":54,"19":0,"20":1,"21":1,"22":1,"23":45,"24":43,"25":43,"26":43,"27":20,"28":23,"29":8,"30":15,"31":2,"32":1,"33":54,"34":54,"35":54,"36":54,"37":54,"38":54,"39":54,"40":1,"41":255,"42":41,"43":41,"44":41,"45":41,"46":41,"47":41,"48":41,"49":41,"50":41,"51":41,"52":41,"53":41,"54":41,"55":41,"56":41,"57":41,"58":328,"59":41,"60":82,"61":41,"62":41,"63":41,"64":15,"65":15,"66":15,"67":15,"68":12,"69":12,"70":12,"71":12,"72":3,"73":12,"74":12,"75":12,"76":84,"77":84,"78":84,"79":82,"80":82,"81":1,"82":83,"83":332,"84":332,"85":332,"86":254,"87":254,"88":254,"89":254,"90":167,"91":167,"92":87,"93":84,"94":94,"95":3,"96":254,"97":73,"98":181,"99":180,"100":332,"101":1,"102":1},"b":{"1":[7,7],"2":[7,0],"3":[2,0],"4":[0,2],"5":[0,54],"6":[43,2],"7":[45,45,45,43],"8":[20,23],"9":[8,15],"10":[41,31],"11":[4,37],"12":[4,37],"13":[1,14],"14":[15,14],"15":[11,4],"16":[12,3],"17":[82,2],"18":[1,81],"19":[254,78],"20":[167,87],"21":[167,120],"22":[84,3],"23":[23,71],"24":[3,3],"25":[73,181],"26":[254,73],"27":[180,1]},"f":{"1":1,"2":2,"3":2,"4":54,"5":1,"6":45,"7":54,"8":255,"9":41,"10":328,"11":82,"12":41,"13":15,"14":84,"15":332,"16":254,"17":94},"fnMap":{"1":{"name":"(anonymous_1)","line":0,"loc":{"start":{"line":0,"column":0},"end":{"line":0,"column":0}},"skip":true},"2":{"name":"defineProperties","line":0,"loc":{"start":{"line":0,"column":0},"end":{"line":0,"column":0}},"skip":true},"3":{"name":"(anonymous_3)","line":0,"loc":{"start":{"line":0,"column":0},"end":{"line":0,"column":0}},"skip":true},"4":{"name":"_classCallCheck","line":0,"loc":{"start":{"line":0,"column":0},"end":{"line":0,"column":0}},"skip":true},"5":{"name":"(anonymous_5)","line":0,"loc":{"start":{"line":0,"column":0},"end":{"line":0,"column":0}},"skip":true},"6":{"name":"compareScoreCards","line":78,"loc":{"start":{"line":78,"column":23},"end":{"line":79,"column":4}}},"7":{"name":"Sole","line":110,"loc":{"start":{"line":110,"column":17},"end":{"line":111,"column":4}}},"8":{"name":"escapeRegExp","line":133,"loc":{"start":{"line":133,"column":18},"end":{"line":134,"column":4}}},"9":{"name":"getResultWeights","line":150,"loc":{"start":{"line":150,"column":22},"end":{"line":151,"column":4}}},"10":{"name":"(anonymous_10)","line":177,"loc":{"start":{"line":177,"column":42},"end":{"line":178,"column":8}}},"11":{"name":"(anonymous_11)","line":182,"loc":{"start":{"line":182,"column":47},"end":{"line":183,"column":8}}},"12":{"name":"isItemAboveMinimum","line":203,"loc":{"start":{"line":203,"column":24},"end":{"line":204,"column":4}}},"13":{"name":"isThereAnythingRelatedTo","line":221,"loc":{"start":{"line":221,"column":4},"end":{"line":221,"column":4}}},"14":{"name":"startsWith","line":259,"loc":{"start":{"line":259,"column":16},"end":{"line":260,"column":4}}},"15":{"name":"scoreThis","line":292,"loc":{"start":{"line":292,"column":15},"end":{"line":293,"column":4}}},"16":{"name":"(anonymous_16)","line":298,"loc":{"start":{"line":298,"column":32},"end":{"line":299,"column":12}}},"17":{"name":"(anonymous_17)","line":310,"loc":{"start":{"line":310,"column":36},"end":{"line":311,"column":20}}}},"statementMap":{"1":{"start":{"line":0,"column":0},"end":{"line":0,"column":0},"skip":true},"2":{"start":{"line":0,"column":0},"end":{"line":0,"column":0},"skip":true},"3":{"start":{"line":0,"column":0},"end":{"line":0,"column":0},"skip":true},"4":{"start":{"line":0,"column":0},"end":{"line":0,"column":0},"skip":true},"5":{"start":{"line":0,"column":0},"end":{"line":0,"column":0},"skip":true},"6":{"start":{"line":0,"column":0},"end":{"line":0,"column":0},"skip":true},"7":{"start":{"line":0,"column":0},"end":{"line":0,"column":0},"skip":true},"8":{"start":{"line":0,"column":0},"end":{"line":0,"column":0},"skip":true},"9":{"start":{"line":0,"column":0},"end":{"line":0,"column":0},"skip":true},"10":{"start":{"line":0,"column":0},"end":{"line":0,"column":0},"skip":true},"11":{"start":{"line":0,"column":0},"end":{"line":0,"column":0},"skip":true},"12":{"start":{"line":0,"column":0},"end":{"line":0,"column":0},"skip":true},"13":{"start":{"line":0,"column":0},"end":{"line":0,"column":0},"skip":true},"14":{"start":{"line":0,"column":0},"end":{"line":0,"column":0},"skip":true},"15":{"start":{"line":0,"column":0},"end":{"line":0,"column":0},"skip":true},"16":{"start":{"line":0,"column":0},"end":{"line":0,"column":0},"skip":true},"17":{"start":{"line":0,"column":0},"end":{"line":0,"column":0},"skip":true},"18":{"start":{"line":0,"column":0},"end":{"line":0,"column":0},"skip":true},"19":{"start":{"line":0,"column":0},"end":{"line":0,"column":0},"skip":true},"20":{"start":{"line":6,"column":7},"end":{"line":null,"column":null}},"21":{"start":{"line":66,"column":13},"end":{"line":null,"column":null}},"22":{"start":{"line":0,"column":0},"end":{"line":0,"column":0},"skip":true},"23":{"start":{"line":80,"column":13},"end":{"line":null,"column":null}},"24":{"start":{"line":82,"column":16},"end":{"line":null,"column":null}},"25":{"start":{"line":83,"column":16},"end":{"line":null,"column":null}},"26":{"start":{"line":85,"column":17},"end":{"line":null,"column":null}},"27":{"start":{"line":87,"column":23},"end":{"line":null,"column":null}},"28":{"start":{"line":89,"column":17},"end":{"line":null,"column":null}},"29":{"start":{"line":91,"column":23},"end":{"line":null,"column":null}},"30":{"start":{"line":94,"column":19},"end":{"line":null,"column":null}},"31":{"start":{"line":97,"column":15},"end":{"line":null,"column":null}},"32":{"start":{"line":110,"column":17},"end":{"line":null,"column":null}},"33":{"start":{"line":0,"column":0},"end":{"line":0,"column":0},"skip":true},"34":{"start":{"line":112,"column":13},"end":{"line":null,"column":null}},"35":{"start":{"line":114,"column":13},"end":{"line":null,"column":null}},"36":{"start":{"line":115,"column":13},"end":{"line":null,"column":null}},"37":{"start":{"line":117,"column":13},"end":{"line":null,"column":null}},"38":{"start":{"line":118,"column":13},"end":{"line":null,"column":null}},"39":{"start":{"line":120,"column":15},"end":{"line":null,"column":null}},"40":{"start":{"line":0,"column":0},"end":{"line":0,"column":0},"skip":true},"41":{"start":{"line":135,"column":15},"end":{"line":null,"column":null}},"42":{"start":{"line":0,"column":0},"end":{"line":0,"column":0},"skip":true},"43":{"start":{"line":152,"column":12},"end":{"line":null,"column":null}},"44":{"start":{"line":153,"column":14},"end":{"line":null,"column":null}},"45":{"start":{"line":158,"column":14},"end":{"line":null,"column":null}},"46":{"start":{"line":159,"column":14},"end":{"line":null,"column":null}},"47":{"start":{"line":160,"column":14},"end":{"line":null,"column":null}},"48":{"start":{"line":161,"column":14},"end":{"line":null,"column":null}},"49":{"start":{"line":163,"column":15},"end":{"line":null,"column":null}},"50":{"start":{"line":164,"column":15},"end":{"line":null,"column":null}},"51":{"start":{"line":165,"column":15},"end":{"line":null,"column":null}},"52":{"start":{"line":167,"column":15},"end":{"line":null,"column":null}},"53":{"start":{"line":168,"column":15},"end":{"line":null,"column":null}},"54":{"start":{"line":169,"column":15},"end":{"line":null,"column":null}},"55":{"start":{"line":171,"column":15},"end":{"line":null,"column":null}},"56":{"start":{"line":173,"column":15},"end":{"line":null,"column":null}},"57":{"start":{"line":177,"column":17},"end":{"line":null,"column":null}},"58":{"start":{"line":179,"column":21},"end":{"line":null,"column":null}},"59":{"start":{"line":182,"column":17},"end":{"line":null,"column":null}},"60":{"start":{"line":184,"column":21},"end":{"line":null,"column":null}},"61":{"start":{"line":188,"column":12},"end":{"line":null,"column":null}},"62":{"start":{"line":190,"column":15},"end":{"line":null,"column":null}},"63":{"start":{"line":205,"column":15},"end":{"line":null,"column":null}},"64":{"start":{"line":220,"column":30},"end":{"line":null,"column":null}},"65":{"start":{"line":222,"column":12},"end":{"line":null,"column":null}},"66":{"start":{"line":224,"column":16},"end":{"line":null,"column":null}},"67":{"start":{"line":226,"column":13},"end":{"line":null,"column":null}},"68":{"start":{"line":228,"column":17},"end":{"line":null,"column":null}},"69":{"start":{"line":230,"column":16},"end":{"line":null,"column":null}},"70":{"start":{"line":231,"column":26},"end":{"line":null,"column":null}},"71":{"start":{"line":233,"column":26},"end":{"line":null,"column":null}},"72":{"start":{"line":237,"column":19},"end":{"line":null,"column":null}},"73":{"start":{"line":240,"column":17},"end":{"line":null,"column":null}},"74":{"start":{"line":241,"column":19},"end":{"line":null,"column":null}},"75":{"start":{"line":243,"column":15},"end":{"line":null,"column":null}},"76":{"start":{"line":261,"column":14},"end":{"line":null,"column":null}},"77":{"start":{"line":262,"column":14},"end":{"line":null,"column":null}},"78":{"start":{"line":264,"column":13},"end":{"line":null,"column":null}},"79":{"start":{"line":266,"column":18},"end":{"line":null,"column":null}},"80":{"start":{"line":268,"column":17},"end":{"line":null,"column":null}},"81":{"start":{"line":270,"column":23},"end":{"line":null,"column":null}},"82":{"start":{"line":274,"column":15},"end":{"line":null,"column":null}},"83":{"start":{"line":0,"column":0},"end":{"line":0,"column":0},"skip":true},"84":{"start":{"line":294,"column":12},"end":{"line":null,"column":null}},"85":{"start":{"line":296,"column":13},"end":{"line":null,"column":null}},"86":{"start":{"line":298,"column":17},"end":{"line":null,"column":null}},"87":{"start":{"line":300,"column":28},"end":{"line":null,"column":null}},"88":{"start":{"line":301,"column":20},"end":{"line":null,"column":null}},"89":{"start":{"line":303,"column":21},"end":{"line":null,"column":null}},"90":{"start":{"line":305,"column":34},"end":{"line":null,"column":null}},"91":{"start":{"line":306,"column":34},"end":{"line":null,"column":null}},"92":{"start":{"line":308,"column":21},"end":{"line":null,"column":null}},"93":{"start":{"line":310,"column":27},"end":{"line":null,"column":null}},"94":{"start":{"line":312,"column":32},"end":{"line":null,"column":null}},"95":{"start":{"line":317,"column":28},"end":{"line":null,"column":null}},"96":{"start":{"line":320,"column":21},"end":{"line":null,"column":null}},"97":{"start":{"line":322,"column":29},"end":{"line":null,"column":null}},"98":{"start":{"line":324,"column":21},"end":{"line":null,"column":null}},"99":{"start":{"line":326,"column":28},"end":{"line":null,"column":null}},"100":{"start":{"line":331,"column":15},"end":{"line":null,"column":null}},"101":{"start":{"line":0,"column":0},"end":{"line":0,"column":0},"skip":true},"102":{"start":{"line":335,"column":15},"end":{"line":null,"column":null}}},"branchMap":{"1":{"line":0,"type":"binary-expr","locations":[{"start":{"line":0,"column":0},"end":{"line":0,"column":0},"skip":true},{"start":{"line":0,"column":0},"end":{"line":0,"column":0},"skip":true}]},"2":{"line":0,"type":"if","locations":[{"start":{"line":0,"column":0},"end":{"line":0,"column":0},"skip":true},{"start":{"line":0,"column":0},"end":{"line":0,"column":0},"skip":true}]},"3":{"line":0,"type":"if","locations":[{"start":{"line":0,"column":0},"end":{"line":0,"column":0},"skip":true},{"start":{"line":0,"column":0},"end":{"line":0,"column":0},"skip":true}]},"4":{"line":0,"type":"if","locations":[{"start":{"line":0,"column":0},"end":{"line":0,"column":0},"skip":true},{"start":{"line":0,"column":0},"end":{"line":0,"column":0},"skip":true}]},"5":{"line":0,"type":"if","locations":[{"start":{"line":0,"column":0},"end":{"line":0,"column":0},"skip":true},{"start":{"line":0,"column":0},"end":{"line":0,"column":0},"skip":true}]},"6":{"line":80,"type":"if","locations":[{"start":{"line":80,"column":13},"end":{"line":80,"column":13}},{"start":{"line":80,"column":13},"end":{"line":80,"column":13}}]},"7":{"line":80,"type":"binary-expr","locations":[{"start":{"line":80,"column":13},"end":{"line":80,"column":18}},{"start":{"line":80,"column":18},"end":{"line":80,"column":13}},{"start":{"line":80,"column":29},"end":{"line":80,"column":13}},{"start":{"line":80,"column":34},"end":{"line":80,"column":8}}]},"8":{"line":85,"type":"if","locations":[{"start":{"line":85,"column":17},"end":{"line":85,"column":17}},{"start":{"line":85,"column":17},"end":{"line":85,"column":17}}]},"9":{"line":89,"type":"if","locations":[{"start":{"line":89,"column":17},"end":{"line":89,"column":17}},{"start":{"line":89,"column":17},"end":{"line":89,"column":17}}]},"10":{"line":158,"type":"binary-expr","locations":[{"start":{"line":158,"column":36},"end":{"line":158,"column":36}},{"start":{"line":158,"column":48},"end":{"line":158,"column":8}}]},"11":{"line":172,"type":"cond-expr","locations":[{"start":{"line":172,"column":44},"end":{"line":171,"column":34}},{"start":{"line":172,"column":74},"end":{"line":171,"column":8}}]},"12":{"line":174,"type":"cond-expr","locations":[{"start":{"line":174,"column":40},"end":{"line":173,"column":34}},{"start":{"line":174,"column":74},"end":{"line":173,"column":8}}]},"13":{"line":220,"type":"cond-expr","locations":[{"start":{"line":220,"column":38},"end":{"line":221,"column":4}},{"start":{"line":0,"column":0},"end":{"line":0,"column":0},"skip":true}]},"14":{"line":220,"type":"binary-expr","locations":[{"start":{"line":220,"column":38},"end":{"line":220,"column":38}},{"start":{"line":220,"column":38},"end":{"line":220,"column":38}}]},"15":{"line":224,"type":"cond-expr","locations":[{"start":{"line":224,"column":31},"end":{"line":224,"column":16}},{"start":{"line":224,"column":42},"end":{"line":224,"column":8}}]},"16":{"line":226,"type":"if","locations":[{"start":{"line":226,"column":13},"end":{"line":226,"column":13}},{"start":{"line":226,"column":13},"end":{"line":226,"column":13}}]},"17":{"line":264,"type":"if","locations":[{"start":{"line":264,"column":13},"end":{"line":264,"column":13}},{"start":{"line":264,"column":13},"end":{"line":264,"column":13}}]},"18":{"line":268,"type":"if","locations":[{"start":{"line":268,"column":17},"end":{"line":268,"column":17}},{"start":{"line":268,"column":17},"end":{"line":268,"column":17}}]},"19":{"line":296,"type":"if","locations":[{"start":{"line":296,"column":13},"end":{"line":296,"column":13}},{"start":{"line":296,"column":13},"end":{"line":296,"column":13}}]},"20":{"line":303,"type":"if","locations":[{"start":{"line":303,"column":21},"end":{"line":303,"column":21}},{"start":{"line":303,"column":21},"end":{"line":303,"column":21}}]},"21":{"line":306,"type":"binary-expr","locations":[{"start":{"line":306,"column":36},"end":{"line":306,"column":65}},{"start":{"line":306,"column":65},"end":{"line":306,"column":34}}]},"22":{"line":308,"type":"if","locations":[{"start":{"line":308,"column":21},"end":{"line":308,"column":21}},{"start":{"line":308,"column":21},"end":{"line":308,"column":21}}]},"23":{"line":312,"type":"cond-expr","locations":[{"start":{"line":312,"column":67},"end":{"line":312,"column":32}},{"start":{"line":312,"column":71},"end":{"line":312,"column":24}}]},"24":{"line":317,"type":"binary-expr","locations":[{"start":{"line":317,"column":28},"end":{"line":317,"column":51}},{"start":{"line":317,"column":51},"end":{"line":317,"column":20}}]},"25":{"line":320,"type":"if","locations":[{"start":{"line":320,"column":21},"end":{"line":320,"column":21}},{"start":{"line":320,"column":21},"end":{"line":320,"column":21}}]},"26":{"line":320,"type":"binary-expr","locations":[{"start":{"line":320,"column":21},"end":{"line":320,"column":30}},{"start":{"line":320,"column":30},"end":{"line":320,"column":16}}]},"27":{"line":324,"type":"if","locations":[{"start":{"line":324,"column":21},"end":{"line":324,"column":21}},{"start":{"line":324,"column":21},"end":{"line":324,"column":21}}]}}},"/Library/WebServer/Documents/flounder/src/core/version.js":{"path":"/Library/WebServer/Documents/flounder/src/core/version.js","s":{"1":1},"b":{},"f":{},"fnMap":{},"statementMap":{"1":{"start":{"line":2,"column":0},"end":{"line":null,"column":null}}},"branchMap":{}}}