{"/Library/WebServer/Documents/flounder/src/core/flounder.js":{"path":"/Library/WebServer/Documents/flounder/src/core/flounder.js","s":{"1":1,"2":1,"3":1,"4":2,"5":8,"6":8,"7":8,"8":8,"9":8,"10":8,"11":1,"12":2,"13":2,"14":2,"15":0,"16":2,"17":1,"18":1,"19":1,"20":1,"21":1,"22":1,"23":1,"24":1,"25":1,"26":1,"27":1,"28":1,"29":1,"30":1,"31":1,"32":1,"33":1,"34":1,"35":8,"36":1,"37":268,"38":0,"39":1,"40":1,"41":61,"42":61,"43":1,"44":61,"45":61,"46":8,"47":1,"48":268,"49":268,"50":1,"51":267,"52":5,"53":267,"54":5,"55":3,"56":2,"57":1,"58":4,"59":266,"60":52,"61":266,"62":1,"63":5,"64":5,"65":5,"66":5,"67":5,"68":3,"69":3,"70":3,"71":9,"72":3,"73":3,"74":2,"75":10,"76":10,"77":10,"78":1,"79":10,"80":9,"81":9,"82":9,"83":5,"84":2,"85":2,"86":1,"87":3,"88":4,"89":2,"90":2,"91":2,"92":1,"93":52,"94":52,"95":202,"96":52,"97":266,"98":266,"99":266,"100":266,"101":266,"102":47,"103":266,"104":266,"105":1,"106":266,"107":266,"108":266,"109":266,"110":266,"111":266,"112":266,"113":266,"114":266,"115":266,"116":266,"117":1,"118":266,"119":266,"120":266,"121":266,"122":6118,"123":5852,"124":266,"125":266,"126":266,"127":1064,"128":266,"129":1,"130":266,"131":26,"132":26,"133":26,"134":26,"135":268,"136":268,"137":268,"138":268,"139":1,"140":1,"141":1,"142":268,"143":290,"144":290,"145":290,"146":290,"147":529,"148":2,"149":527,"150":309,"151":218,"152":527,"153":527,"154":290,"155":1,"156":1,"157":3,"158":1,"159":2,"160":1,"161":3,"162":137,"163":1,"164":1,"165":1,"166":1,"167":1,"168":1},"b":{"1":[8,8],"2":[8,0],"3":[2,0],"4":[0,2],"5":[7,1],"6":[8,8],"7":[0,268],"8":[8,53],"9":[1,267],"10":[5,262],"11":[5,262],"12":[267,258,13],"13":[3,2],"14":[1,1],"15":[52,214],"16":[5,2],"17":[3,2],"18":[10,7],"19":[9,1],"20":[5,4],"21":[9,8,7,6],"22":[2,3],"23":[5,3,2],"24":[1,1],"25":[2,2],"26":[4,3],"27":[47,219],"28":[266,145],"29":[5852,266],"30":[188,5664],"31":[3,1061],"32":[1064,12],"33":[1,265],"34":[26,240],"35":[1,25],"36":[1,267],"37":[268,1],"38":[288,2],"39":[290,2],"40":[288,2],"41":[290,2],"42":[2,527],"43":[309,218],"44":[1,2],"45":[1,1]},"f":{"1":1,"2":2,"3":2,"4":8,"5":268,"6":1,"7":61,"8":268,"9":5,"10":3,"11":9,"12":3,"13":10,"14":52,"15":202,"16":266,"17":266,"18":268,"19":290,"20":529,"21":3,"22":137,"23":1,"24":1},"fnMap":{"1":{"name":"(anonymous_1)","line":0,"loc":{"start":{"line":0,"column":0},"end":{"line":0,"column":0}},"skip":true},"2":{"name":"defineProperties","line":0,"loc":{"start":{"line":0,"column":0},"end":{"line":0,"column":0}},"skip":true},"3":{"name":"(anonymous_3)","line":0,"loc":{"start":{"line":0,"column":0},"end":{"line":0,"column":0}},"skip":true},"4":{"name":"_interopRequireDefault","line":0,"loc":{"start":{"line":0,"column":0},"end":{"line":0,"column":0}},"skip":true},"5":{"name":"_classCallCheck","line":0,"loc":{"start":{"line":0,"column":0},"end":{"line":0,"column":0}},"skip":true},"6":{"name":"(anonymous_6)","line":0,"loc":{"start":{"line":0,"column":0},"end":{"line":0,"column":0}},"skip":true},"7":{"name":"componentWillUnmount","line":23,"loc":{"start":{"line":23,"column":4},"end":{"line":23,"column":4}}},"8":{"name":"Flounder","line":52,"loc":{"start":{"line":52,"column":17},"end":{"line":53,"column":4}}},"9":{"name":"filterSearchResults","line":98,"loc":{"start":{"line":98,"column":25},"end":{"line":99,"column":4}}},"10":{"name":"(anonymous_10)","line":0,"loc":{"start":{"line":0,"column":0},"end":{"line":0,"column":0}},"skip":true},"11":{"name":"(anonymous_11)","line":110,"loc":{"start":{"line":110,"column":26},"end":{"line":111,"column":12}}},"12":{"name":"(anonymous_12)","line":115,"loc":{"start":{"line":115,"column":29},"end":{"line":116,"column":12}}},"13":{"name":"fuzzySearch","line":136,"loc":{"start":{"line":136,"column":17},"end":{"line":137,"column":4}}},"14":{"name":"fuzzySearchReset","line":195,"loc":{"start":{"line":195,"column":4},"end":{"line":195,"column":4}}},"15":{"name":"(anonymous_15)","line":198,"loc":{"start":{"line":198,"column":27},"end":{"line":199,"column":8}}},"16":{"name":"init","line":217,"loc":{"start":{"line":217,"column":10},"end":{"line":218,"column":4}}},"17":{"name":"initializeOptions","line":269,"loc":{"start":{"line":269,"column":4},"end":{"line":269,"column":4}}},"18":{"name":"onRender","line":317,"loc":{"start":{"line":317,"column":4},"end":{"line":317,"column":4}}},"19":{"name":"sortData","line":340,"loc":{"start":{"line":340,"column":14},"end":{"line":341,"column":4}}},"20":{"name":"(anonymous_20)","line":342,"loc":{"start":{"line":342,"column":22},"end":{"line":343,"column":8}}},"21":{"name":"(anonymous_21)","line":383,"loc":{"start":{"line":383,"column":16},"end":{"line":384,"column":0}}},"22":{"name":"(anonymous_22)","line":394,"loc":{"start":{"line":394,"column":57},"end":{"line":null,"column":null}}},"23":{"name":"get","line":404,"loc":{"start":{"line":404,"column":10},"end":{"line":405,"column":4}}},"24":{"name":"get","line":411,"loc":{"start":{"line":411,"column":10},"end":{"line":412,"column":4}}}},"statementMap":{"1":{"start":{"line":0,"column":0},"end":{"line":0,"column":0},"skip":true},"2":{"start":{"line":0,"column":0},"end":{"line":0,"column":0},"skip":true},"3":{"start":{"line":0,"column":0},"end":{"line":0,"column":0},"skip":true},"4":{"start":{"line":0,"column":0},"end":{"line":0,"column":0},"skip":true},"5":{"start":{"line":0,"column":0},"end":{"line":0,"column":0},"skip":true},"6":{"start":{"line":0,"column":0},"end":{"line":0,"column":0},"skip":true},"7":{"start":{"line":0,"column":0},"end":{"line":0,"column":0},"skip":true},"8":{"start":{"line":0,"column":0},"end":{"line":0,"column":0},"skip":true},"9":{"start":{"line":0,"column":0},"end":{"line":0,"column":0},"skip":true},"10":{"start":{"line":0,"column":0},"end":{"line":0,"column":0},"skip":true},"11":{"start":{"line":0,"column":0},"end":{"line":0,"column":0},"skip":true},"12":{"start":{"line":0,"column":0},"end":{"line":0,"column":0},"skip":true},"13":{"start":{"line":0,"column":0},"end":{"line":0,"column":0},"skip":true},"14":{"start":{"line":0,"column":0},"end":{"line":0,"column":0},"skip":true},"15":{"start":{"line":0,"column":0},"end":{"line":0,"column":0},"skip":true},"16":{"start":{"line":0,"column":0},"end":{"line":0,"column":0},"skip":true},"17":{"start":{"line":2,"column":0},"end":{"line":null,"column":null}},"18":{"start":{"line":3,"column":0},"end":{"line":null,"column":null}},"19":{"start":{"line":0,"column":0},"end":{"line":0,"column":0},"skip":true},"20":{"start":{"line":4,"column":0},"end":{"line":null,"column":null}},"21":{"start":{"line":0,"column":0},"end":{"line":0,"column":0},"skip":true},"22":{"start":{"line":5,"column":0},"end":{"line":null,"column":null}},"23":{"start":{"line":0,"column":0},"end":{"line":0,"column":0},"skip":true},"24":{"start":{"line":6,"column":0},"end":{"line":null,"column":null}},"25":{"start":{"line":0,"column":0},"end":{"line":0,"column":0},"skip":true},"26":{"start":{"line":7,"column":0},"end":{"line":null,"column":null}},"27":{"start":{"line":0,"column":0},"end":{"line":0,"column":0},"skip":true},"28":{"start":{"line":8,"column":0},"end":{"line":null,"column":null}},"29":{"start":{"line":0,"column":0},"end":{"line":0,"column":0},"skip":true},"30":{"start":{"line":9,"column":0},"end":{"line":null,"column":null}},"31":{"start":{"line":0,"column":0},"end":{"line":0,"column":0},"skip":true},"32":{"start":{"line":10,"column":0},"end":{"line":null,"column":null}},"33":{"start":{"line":0,"column":0},"end":{"line":0,"column":0},"skip":true},"34":{"start":{"line":0,"column":0},"end":{"line":0,"column":0},"skip":true},"35":{"start":{"line":0,"column":0},"end":{"line":0,"column":0},"skip":true},"36":{"start":{"line":0,"column":0},"end":{"line":0,"column":0},"skip":true},"37":{"start":{"line":0,"column":0},"end":{"line":0,"column":0},"skip":true},"38":{"start":{"line":0,"column":0},"end":{"line":0,"column":0},"skip":true},"39":{"start":{"line":13,"column":6},"end":{"line":null,"column":null}},"40":{"start":{"line":0,"column":0},"end":{"line":0,"column":0},"skip":true},"41":{"start":{"line":25,"column":8},"end":{"line":null,"column":null}},"42":{"start":{"line":26,"column":17},"end":{"line":null,"column":null}},"43":{"start":{"line":30,"column":20},"end":{"line":null,"column":null}},"44":{"start":{"line":33,"column":13},"end":{"line":null,"column":null}},"45":{"start":{"line":35,"column":13},"end":{"line":null,"column":null}},"46":{"start":{"line":37,"column":17},"end":{"line":null,"column":null}},"47":{"start":{"line":52,"column":17},"end":{"line":null,"column":null}},"48":{"start":{"line":0,"column":0},"end":{"line":0,"column":0},"skip":true},"49":{"start":{"line":54,"column":13},"end":{"line":null,"column":null}},"50":{"start":{"line":56,"column":20},"end":{"line":null,"column":null}},"51":{"start":{"line":60,"column":17},"end":{"line":null,"column":null}},"52":{"start":{"line":62,"column":25},"end":{"line":null,"column":null}},"53":{"start":{"line":65,"column":17},"end":{"line":null,"column":null}},"54":{"start":{"line":67,"column":21},"end":{"line":null,"column":null}},"55":{"start":{"line":69,"column":28},"end":{"line":null,"column":null}},"56":{"start":{"line":71,"column":21},"end":{"line":null,"column":null}},"57":{"start":{"line":73,"column":26},"end":{"line":null,"column":null}},"58":{"start":{"line":76,"column":25},"end":{"line":null,"column":null}},"59":{"start":{"line":79,"column":17},"end":{"line":null,"column":null}},"60":{"start":{"line":81,"column":23},"end":{"line":null,"column":null}},"61":{"start":{"line":84,"column":19},"end":{"line":null,"column":null}},"62":{"start":{"line":0,"column":0},"end":{"line":0,"column":0},"skip":true},"63":{"start":{"line":0,"column":0},"end":{"line":0,"column":0},"skip":true},"64":{"start":{"line":100,"column":12},"end":{"line":null,"column":null}},"65":{"start":{"line":102,"column":13},"end":{"line":null,"column":null}},"66":{"start":{"line":104,"column":12},"end":{"line":null,"column":null}},"67":{"start":{"line":106,"column":13},"end":{"line":null,"column":null}},"68":{"start":{"line":0,"column":0},"end":{"line":0,"column":0},"skip":true},"69":{"start":{"line":108,"column":16},"end":{"line":null,"column":null}},"70":{"start":{"line":110,"column":17},"end":{"line":null,"column":null}},"71":{"start":{"line":112,"column":22},"end":{"line":null,"column":null}},"72":{"start":{"line":115,"column":20},"end":{"line":null,"column":null}},"73":{"start":{"line":117,"column":22},"end":{"line":null,"column":null}},"74":{"start":{"line":122,"column":17},"end":{"line":null,"column":null}},"75":{"start":{"line":138,"column":13},"end":{"line":null,"column":null}},"76":{"start":{"line":141,"column":8},"end":{"line":null,"column":null}},"77":{"start":{"line":142,"column":17},"end":{"line":null,"column":null}},"78":{"start":{"line":146,"column":20},"end":{"line":null,"column":null}},"79":{"start":{"line":149,"column":13},"end":{"line":null,"column":null}},"80":{"start":{"line":151,"column":14},"end":{"line":null,"column":null}},"81":{"start":{"line":153,"column":16},"end":{"line":null,"column":null}},"82":{"start":{"line":155,"column":17},"end":{"line":null,"column":null}},"83":{"start":{"line":158,"column":21},"end":{"line":null,"column":null}},"84":{"start":{"line":161,"column":24},"end":{"line":null,"column":null}},"85":{"start":{"line":163,"column":25},"end":{"line":null,"column":null}},"86":{"start":{"line":165,"column":32},"end":{"line":null,"column":null}},"87":{"start":{"line":170,"column":25},"end":{"line":null,"column":null}},"88":{"start":{"line":173,"column":17},"end":{"line":null,"column":null}},"89":{"start":{"line":175,"column":21},"end":{"line":null,"column":null}},"90":{"start":{"line":176,"column":21},"end":{"line":null,"column":null}},"91":{"start":{"line":177,"column":21},"end":{"line":null,"column":null}},"92":{"start":{"line":182,"column":17},"end":{"line":null,"column":null}},"93":{"start":{"line":196,"column":12},"end":{"line":null,"column":null}},"94":{"start":{"line":198,"column":13},"end":{"line":null,"column":null}},"95":{"start":{"line":200,"column":18},"end":{"line":null,"column":null}},"96":{"start":{"line":203,"column":13},"end":{"line":null,"column":null}},"97":{"start":{"line":219,"column":13},"end":{"line":null,"column":null}},"98":{"start":{"line":220,"column":13},"end":{"line":null,"column":null}},"99":{"start":{"line":221,"column":13},"end":{"line":null,"column":null}},"100":{"start":{"line":222,"column":13},"end":{"line":null,"column":null}},"101":{"start":{"line":224,"column":13},"end":{"line":null,"column":null}},"102":{"start":{"line":226,"column":17},"end":{"line":null,"column":null}},"103":{"start":{"line":230,"column":8},"end":{"line":null,"column":null}},"104":{"start":{"line":231,"column":17},"end":{"line":null,"column":null}},"105":{"start":{"line":235,"column":20},"end":{"line":null,"column":null}},"106":{"start":{"line":238,"column":13},"end":{"line":null,"column":null}},"107":{"start":{"line":239,"column":44},"end":{"line":null,"column":null}},"108":{"start":{"line":239,"column":14},"end":{"line":null,"column":null}},"109":{"start":{"line":239,"column":21},"end":{"line":null,"column":null}},"110":{"start":{"line":239,"column":28},"end":{"line":null,"column":null}},"111":{"start":{"line":240,"column":13},"end":{"line":null,"column":null}},"112":{"start":{"line":241,"column":13},"end":{"line":null,"column":null}},"113":{"start":{"line":242,"column":13},"end":{"line":null,"column":null}},"114":{"start":{"line":243,"column":13},"end":{"line":null,"column":null}},"115":{"start":{"line":246,"column":8},"end":{"line":null,"column":null}},"116":{"start":{"line":247,"column":17},"end":{"line":null,"column":null}},"117":{"start":{"line":251,"column":20},"end":{"line":null,"column":null}},"118":{"start":{"line":254,"column":13},"end":{"line":null,"column":null}},"119":{"start":{"line":256,"column":15},"end":{"line":null,"column":null}},"120":{"start":{"line":270,"column":12},"end":{"line":null,"column":null}},"121":{"start":{"line":272,"column":14},"end":{"line":null,"column":null}},"122":{"start":{"line":274,"column":17},"end":{"line":null,"column":null}},"123":{"start":{"line":276,"column":22},"end":{"line":null,"column":null}},"124":{"start":{"line":280,"column":20},"end":{"line":null,"column":null}},"125":{"start":{"line":281,"column":20},"end":{"line":null,"column":null}},"126":{"start":{"line":283,"column":22},"end":{"line":null,"column":null}},"127":{"start":{"line":285,"column":29},"end":{"line":null,"column":null}},"128":{"start":{"line":292,"column":13},"end":{"line":null,"column":null}},"129":{"start":{"line":294,"column":17},"end":{"line":null,"column":null}},"130":{"start":{"line":297,"column":13},"end":{"line":null,"column":null}},"131":{"start":{"line":299,"column":17},"end":{"line":null,"column":null}},"132":{"start":{"line":300,"column":17},"end":{"line":null,"column":null}},"133":{"start":{"line":301,"column":17},"end":{"line":null,"column":null}},"134":{"start":{"line":303,"column":17},"end":{"line":null,"column":null}},"135":{"start":{"line":318,"column":12},"end":{"line":null,"column":null}},"136":{"start":{"line":319,"column":12},"end":{"line":null,"column":null}},"137":{"start":{"line":320,"column":12},"end":{"line":null,"column":null}},"138":{"start":{"line":322,"column":13},"end":{"line":null,"column":null}},"139":{"start":{"line":324,"column":16},"end":{"line":null,"column":null}},"140":{"start":{"line":325,"column":18},"end":{"line":null,"column":null}},"141":{"start":{"line":326,"column":18},"end":{"line":null,"column":null}},"142":{"start":{"line":329,"column":13},"end":{"line":null,"column":null}},"143":{"start":{"line":0,"column":0},"end":{"line":0,"column":0},"skip":true},"144":{"start":{"line":340,"column":20},"end":{"line":null,"column":null}},"145":{"start":{"line":340,"column":30},"end":{"line":null,"column":null}},"146":{"start":{"line":342,"column":13},"end":{"line":null,"column":null}},"147":{"start":{"line":344,"column":17},"end":{"line":null,"column":null}},"148":{"start":{"line":346,"column":22},"end":{"line":null,"column":null}},"149":{"start":{"line":350,"column":21},"end":{"line":null,"column":null}},"150":{"start":{"line":352,"column":24},"end":{"line":null,"column":null}},"151":{"start":{"line":360,"column":22},"end":{"line":null,"column":null}},"152":{"start":{"line":363,"column":20},"end":{"line":null,"column":null}},"153":{"start":{"line":0,"column":0},"end":{"line":0,"column":0},"skip":true},"154":{"start":{"line":368,"column":15},"end":{"line":null,"column":null}},"155":{"start":{"line":0,"column":0},"end":{"line":0,"column":0},"skip":true},"156":{"start":{"line":383,"column":0},"end":{"line":null,"column":null}},"157":{"start":{"line":385,"column":9},"end":{"line":null,"column":null}},"158":{"start":{"line":387,"column":18},"end":{"line":null,"column":null}},"159":{"start":{"line":389,"column":9},"end":{"line":null,"column":null}},"160":{"start":{"line":391,"column":18},"end":{"line":null,"column":null}},"161":{"start":{"line":394,"column":11},"end":{"line":null,"column":null}},"162":{"start":{"line":394,"column":63},"end":{"line":null,"column":null}},"163":{"start":{"line":403,"column":0},"end":{"line":null,"column":null}},"164":{"start":{"line":0,"column":0},"end":{"line":0,"column":0},"skip":true},"165":{"start":{"line":410,"column":0},"end":{"line":null,"column":null}},"166":{"start":{"line":0,"column":0},"end":{"line":0,"column":0},"skip":true},"167":{"start":{"line":417,"column":0},"end":{"line":null,"column":null}},"168":{"start":{"line":419,"column":15},"end":{"line":null,"column":null}}},"branchMap":{"1":{"line":0,"type":"binary-expr","locations":[{"start":{"line":0,"column":0},"end":{"line":0,"column":0},"skip":true},{"start":{"line":0,"column":0},"end":{"line":0,"column":0},"skip":true}]},"2":{"line":0,"type":"if","locations":[{"start":{"line":0,"column":0},"end":{"line":0,"column":0},"skip":true},{"start":{"line":0,"column":0},"end":{"line":0,"column":0},"skip":true}]},"3":{"line":0,"type":"if","locations":[{"start":{"line":0,"column":0},"end":{"line":0,"column":0},"skip":true},{"start":{"line":0,"column":0},"end":{"line":0,"column":0},"skip":true}]},"4":{"line":0,"type":"if","locations":[{"start":{"line":0,"column":0},"end":{"line":0,"column":0},"skip":true},{"start":{"line":0,"column":0},"end":{"line":0,"column":0},"skip":true}]},"5":{"line":0,"type":"cond-expr","locations":[{"start":{"line":0,"column":0},"end":{"line":0,"column":0},"skip":true},{"start":{"line":0,"column":0},"end":{"line":0,"column":0},"skip":true}]},"6":{"line":0,"type":"binary-expr","locations":[{"start":{"line":0,"column":0},"end":{"line":0,"column":0},"skip":true},{"start":{"line":0,"column":0},"end":{"line":0,"column":0},"skip":true}]},"7":{"line":0,"type":"if","locations":[{"start":{"line":0,"column":0},"end":{"line":0,"column":0},"skip":true},{"start":{"line":0,"column":0},"end":{"line":0,"column":0},"skip":true}]},"8":{"line":35,"type":"if","locations":[{"start":{"line":35,"column":13},"end":{"line":35,"column":13}},{"start":{"line":35,"column":13},"end":{"line":35,"column":13}}]},"9":{"line":54,"type":"if","locations":[{"start":{"line":54,"column":13},"end":{"line":54,"column":13}},{"start":{"line":54,"column":13},"end":{"line":54,"column":13}}]},"10":{"line":60,"type":"if","locations":[{"start":{"line":60,"column":17},"end":{"line":60,"column":17}},{"start":{"line":60,"column":17},"end":{"line":60,"column":17}}]},"11":{"line":65,"type":"if","locations":[{"start":{"line":65,"column":17},"end":{"line":65,"column":17}},{"start":{"line":65,"column":17},"end":{"line":65,"column":17}}]},"12":{"line":65,"type":"binary-expr","locations":[{"start":{"line":65,"column":19},"end":{"line":65,"column":19}},{"start":{"line":65,"column":36},"end":{"line":65,"column":17}},{"start":{"line":65,"column":61},"end":{"line":65,"column":12}}]},"13":{"line":67,"type":"if","locations":[{"start":{"line":67,"column":21},"end":{"line":67,"column":21}},{"start":{"line":67,"column":21},"end":{"line":67,"column":21}}]},"14":{"line":71,"type":"if","locations":[{"start":{"line":71,"column":21},"end":{"line":71,"column":21}},{"start":{"line":71,"column":21},"end":{"line":71,"column":21}}]},"15":{"line":79,"type":"if","locations":[{"start":{"line":79,"column":17},"end":{"line":79,"column":17}},{"start":{"line":79,"column":17},"end":{"line":79,"column":17}}]},"16":{"line":104,"type":"binary-expr","locations":[{"start":{"line":104,"column":22},"end":{"line":104,"column":69}},{"start":{"line":104,"column":69},"end":{"line":104,"column":8}}]},"17":{"line":106,"type":"if","locations":[{"start":{"line":106,"column":13},"end":{"line":106,"column":13}},{"start":{"line":106,"column":13},"end":{"line":106,"column":13}}]},"18":{"line":138,"type":"binary-expr","locations":[{"start":{"line":138,"column":43},"end":{"line":138,"column":43}},{"start":{"line":138,"column":79},"end":{"line":138,"column":8}}]},"19":{"line":149,"type":"if","locations":[{"start":{"line":149,"column":13},"end":{"line":149,"column":13}},{"start":{"line":149,"column":13},"end":{"line":149,"column":13}}]},"20":{"line":155,"type":"if","locations":[{"start":{"line":155,"column":17},"end":{"line":155,"column":17}},{"start":{"line":155,"column":17},"end":{"line":155,"column":17}}]},"21":{"line":155,"type":"binary-expr","locations":[{"start":{"line":155,"column":17},"end":{"line":155,"column":17}},{"start":{"line":155,"column":44},"end":{"line":155,"column":17}},{"start":{"line":156,"column":20},"end":{"line":155,"column":17}},{"start":{"line":156,"column":50},"end":{"line":155,"column":12}}]},"22":{"line":158,"type":"if","locations":[{"start":{"line":158,"column":21},"end":{"line":158,"column":21}},{"start":{"line":158,"column":21},"end":{"line":158,"column":21}}]},"23":{"line":158,"type":"binary-expr","locations":[{"start":{"line":158,"column":21},"end":{"line":158,"column":21}},{"start":{"line":158,"column":42},"end":{"line":158,"column":21}},{"start":{"line":159,"column":24},"end":{"line":158,"column":16}}]},"24":{"line":163,"type":"if","locations":[{"start":{"line":163,"column":25},"end":{"line":163,"column":25}},{"start":{"line":163,"column":25},"end":{"line":163,"column":25}}]},"25":{"line":173,"type":"if","locations":[{"start":{"line":173,"column":17},"end":{"line":173,"column":17}},{"start":{"line":173,"column":17},"end":{"line":173,"column":17}}]},"26":{"line":173,"type":"binary-expr","locations":[{"start":{"line":173,"column":22},"end":{"line":173,"column":22}},{"start":{"line":173,"column":53},"end":{"line":173,"column":17}}]},"27":{"line":224,"type":"if","locations":[{"start":{"line":224,"column":13},"end":{"line":224,"column":13}},{"start":{"line":224,"column":13},"end":{"line":224,"column":13}}]},"28":{"line":270,"type":"binary-expr","locations":[{"start":{"line":270,"column":33},"end":{"line":270,"column":33}},{"start":{"line":270,"column":47},"end":{"line":270,"column":8}}]},"29":{"line":274,"type":"if","locations":[{"start":{"line":274,"column":17},"end":{"line":274,"column":17}},{"start":{"line":274,"column":17},"end":{"line":274,"column":17}}]},"30":{"line":276,"type":"cond-expr","locations":[{"start":{"line":276,"column":59},"end":{"line":276,"column":30}},{"start":{"line":276,"column":74},"end":{"line":276,"column":16}}]},"31":{"line":286,"type":"cond-expr","locations":[{"start":{"line":286,"column":48},"end":{"line":285,"column":45}},{"start":{"line":287,"column":48},"end":{"line":285,"column":20}}]},"32":{"line":285,"type":"binary-expr","locations":[{"start":{"line":285,"column":45},"end":{"line":285,"column":61}},{"start":{"line":285,"column":61},"end":{"line":285,"column":45}}]},"33":{"line":292,"type":"if","locations":[{"start":{"line":292,"column":13},"end":{"line":292,"column":13}},{"start":{"line":292,"column":13},"end":{"line":292,"column":13}}]},"34":{"line":297,"type":"if","locations":[{"start":{"line":297,"column":13},"end":{"line":297,"column":13}},{"start":{"line":297,"column":13},"end":{"line":297,"column":13}}]},"35":{"line":303,"type":"cond-expr","locations":[{"start":{"line":303,"column":60},"end":{"line":303,"column":34}},{"start":{"line":304,"column":54},"end":{"line":303,"column":12}}]},"36":{"line":322,"type":"if","locations":[{"start":{"line":322,"column":13},"end":{"line":322,"column":13}},{"start":{"line":322,"column":13},"end":{"line":322,"column":13}}]},"37":{"line":322,"type":"binary-expr","locations":[{"start":{"line":322,"column":13},"end":{"line":322,"column":13}},{"start":{"line":322,"column":29},"end":{"line":322,"column":8}}]},"38":{"line":340,"type":"cond-expr","locations":[{"start":{"line":340,"column":26},"end":{"line":341,"column":4}},{"start":{"line":0,"column":0},"end":{"line":0,"column":0},"skip":true}]},"39":{"line":340,"type":"binary-expr","locations":[{"start":{"line":340,"column":26},"end":{"line":340,"column":26}},{"start":{"line":340,"column":26},"end":{"line":340,"column":26}}]},"40":{"line":340,"type":"cond-expr","locations":[{"start":{"line":340,"column":34},"end":{"line":341,"column":4}},{"start":{"line":0,"column":0},"end":{"line":0,"column":0},"skip":true}]},"41":{"line":340,"type":"binary-expr","locations":[{"start":{"line":340,"column":34},"end":{"line":340,"column":34}},{"start":{"line":340,"column":34},"end":{"line":340,"column":34}}]},"42":{"line":344,"type":"if","locations":[{"start":{"line":344,"column":17},"end":{"line":344,"column":17}},{"start":{"line":344,"column":17},"end":{"line":344,"column":17}}]},"43":{"line":350,"type":"if","locations":[{"start":{"line":350,"column":21},"end":{"line":350,"column":21}},{"start":{"line":350,"column":21},"end":{"line":350,"column":21}}]},"44":{"line":385,"type":"if","locations":[{"start":{"line":385,"column":9},"end":{"line":385,"column":9}},{"start":{"line":385,"column":9},"end":{"line":385,"column":9}}]},"45":{"line":389,"type":"if","locations":[{"start":{"line":389,"column":9},"end":{"line":389,"column":9}},{"start":{"line":389,"column":9},"end":{"line":389,"column":9}}]}}},"/Library/WebServer/Documents/flounder/src/core/defaults.js":{"path":"/Library/WebServer/Documents/flounder/src/core/defaults.js","s":{"1":1,"2":1,"3":1,"4":1,"5":1,"6":1,"7":1,"8":2,"9":1,"10":1,"11":277,"12":277,"13":277,"14":277,"15":226,"16":226,"17":226,"18":225,"19":225,"20":1,"21":277,"22":49,"23":49,"24":49,"25":49,"26":49,"27":3,"28":3,"29":3,"30":3,"31":3,"32":49,"33":49,"34":277,"35":6,"36":6,"37":6,"38":16,"39":16,"40":3,"41":6,"42":6,"43":3,"44":3,"45":3,"46":277,"47":277,"48":277,"49":40,"50":277,"51":1,"52":277,"53":277,"54":49,"55":228,"56":228,"57":3,"58":3,"59":3,"60":1,"61":227,"62":227,"63":227,"64":227,"65":277,"66":277,"67":5,"68":5,"69":5,"70":5,"71":5,"72":12,"73":2,"74":10,"75":9,"76":1,"77":10,"78":10,"79":5,"80":1,"81":1},"b":{"1":[2,0],"2":[2,2],"3":[1,276],"4":[277,276],"5":[273,4],"6":[277,4],"7":[222,4],"8":[226,226],"9":[225,1],"10":[47,2],"11":[49,3],"12":[3,46],"13":[2,1],"14":[6,3],"15":[3,13],"16":[3,3],"17":[3,3],"18":[40,237],"19":[277,251,41,41],"20":[40,32],"21":[1,276],"22":[49,228],"23":[277,231,230],"24":[3,225],"25":[1,2],"26":[4,223],"27":[3,224],"28":[227,224],"29":[222,5],"30":[277,7,1],"31":[2,3],"32":[5,3],"33":[2,3],"34":[5,3],"35":[2,10],"36":[9,1]},"f":{"1":2,"2":68,"3":265,"4":59,"5":53,"6":265,"7":9,"8":67,"9":5,"10":277,"11":226,"12":49,"13":6,"14":16,"15":277,"16":5,"17":12},"fnMap":{"1":{"name":"_interopRequireDefault","line":0,"loc":{"start":{"line":0,"column":0},"end":{"line":0,"column":0}},"skip":true},"2":{"name":"onClose","line":21,"loc":{"start":{"line":21,"column":30},"end":{"line":21,"column":59}}},"3":{"name":"onComponentDidMount","line":22,"loc":{"start":{"line":22,"column":30},"end":{"line":22,"column":40}}},"4":{"name":"onComponentWillUnmount","line":23,"loc":{"start":{"line":23,"column":30},"end":{"line":23,"column":40}}},"5":{"name":"onFirstTouch","line":24,"loc":{"start":{"line":24,"column":30},"end":{"line":24,"column":43}}},"6":{"name":"onInit","line":25,"loc":{"start":{"line":25,"column":30},"end":{"line":25,"column":40}}},"7":{"name":"onInputChange","line":26,"loc":{"start":{"line":26,"column":30},"end":{"line":26,"column":43}}},"8":{"name":"onOpen","line":27,"loc":{"start":{"line":27,"column":30},"end":{"line":27,"column":59}}},"9":{"name":"onSelect","line":28,"loc":{"start":{"line":28,"column":30},"end":{"line":28,"column":59}}},"10":{"name":"setDefaultOption","line":50,"loc":{"start":{"line":50,"column":22},"end":{"line":51,"column":4}}},"11":{"name":"setIndexDefault","line":60,"loc":{"start":{"line":60,"column":30},"end":{"line":61,"column":8}}},"12":{"name":"setPlaceholderDefault","line":83,"loc":{"start":{"line":83,"column":36},"end":{"line":84,"column":8}}},"13":{"name":"setValueDefault","line":123,"loc":{"start":{"line":123,"column":30},"end":{"line":124,"column":8}}},"14":{"name":"(anonymous_14)","line":128,"loc":{"start":{"line":128,"column":27},"end":{"line":129,"column":12}}},"15":{"name":"checkDefaultPriority","line":157,"loc":{"start":{"line":157,"column":35},"end":{"line":158,"column":8}}},"16":{"name":"sortData","line":215,"loc":{"start":{"line":215,"column":14},"end":{"line":216,"column":4}}},"17":{"name":"(anonymous_17)","line":219,"loc":{"start":{"line":219,"column":22},"end":{"line":220,"column":8}}}},"statementMap":{"1":{"start":{"line":0,"column":0},"end":{"line":0,"column":0},"skip":true},"2":{"start":{"line":0,"column":0},"end":{"line":0,"column":0},"skip":true},"3":{"start":{"line":1,"column":0},"end":{"line":null,"column":null}},"4":{"start":{"line":0,"column":0},"end":{"line":0,"column":0},"skip":true},"5":{"start":{"line":2,"column":0},"end":{"line":null,"column":null}},"6":{"start":{"line":0,"column":0},"end":{"line":0,"column":0},"skip":true},"7":{"start":{"line":0,"column":0},"end":{"line":0,"column":0},"skip":true},"8":{"start":{"line":0,"column":0},"end":{"line":0,"column":0},"skip":true},"9":{"start":{"line":4,"column":7},"end":{"line":null,"column":null}},"10":{"start":{"line":35,"column":0},"end":{"line":null,"column":null}},"11":{"start":{"line":50,"column":28},"end":{"line":null,"column":null}},"12":{"start":{"line":50,"column":44},"end":{"line":null,"column":null}},"13":{"start":{"line":50,"column":50},"end":{"line":null,"column":null}},"14":{"start":{"line":60,"column":12},"end":{"line":null,"column":null}},"15":{"start":{"line":62,"column":16},"end":{"line":null,"column":null}},"16":{"start":{"line":63,"column":16},"end":{"line":null,"column":null}},"17":{"start":{"line":65,"column":17},"end":{"line":null,"column":null}},"18":{"start":{"line":67,"column":30},"end":{"line":null,"column":null}},"19":{"start":{"line":68,"column":23},"end":{"line":null,"column":null}},"20":{"start":{"line":71,"column":19},"end":{"line":null,"column":null}},"21":{"start":{"line":83,"column":12},"end":{"line":null,"column":null}},"22":{"start":{"line":85,"column":16},"end":{"line":null,"column":null}},"23":{"start":{"line":86,"column":16},"end":{"line":null,"column":null}},"24":{"start":{"line":87,"column":16},"end":{"line":null,"column":null}},"25":{"start":{"line":89,"column":16},"end":{"line":null,"column":null}},"26":{"start":{"line":96,"column":17},"end":{"line":null,"column":null}},"27":{"start":{"line":98,"column":20},"end":{"line":null,"column":null}},"28":{"start":{"line":100,"column":20},"end":{"line":null,"column":null}},"29":{"start":{"line":103,"column":30},"end":{"line":null,"column":null}},"30":{"start":{"line":105,"column":23},"end":{"line":null,"column":null}},"31":{"start":{"line":106,"column":21},"end":{"line":null,"column":null}},"32":{"start":{"line":109,"column":17},"end":{"line":null,"column":null}},"33":{"start":{"line":111,"column":19},"end":{"line":null,"column":null}},"34":{"start":{"line":123,"column":12},"end":{"line":null,"column":null}},"35":{"start":{"line":125,"column":16},"end":{"line":null,"column":null}},"36":{"start":{"line":126,"column":16},"end":{"line":null,"column":null}},"37":{"start":{"line":128,"column":18},"end":{"line":null,"column":null}},"38":{"start":{"line":130,"column":20},"end":{"line":null,"column":null}},"39":{"start":{"line":132,"column":21},"end":{"line":null,"column":null}},"40":{"start":{"line":134,"column":28},"end":{"line":null,"column":null}},"41":{"start":{"line":138,"column":16},"end":{"line":null,"column":null}},"42":{"start":{"line":140,"column":17},"end":{"line":null,"column":null}},"43":{"start":{"line":142,"column":29},"end":{"line":null,"column":null}},"44":{"start":{"line":143,"column":23},"end":{"line":null,"column":null}},"45":{"start":{"line":146,"column":19},"end":{"line":null,"column":null}},"46":{"start":{"line":157,"column":12},"end":{"line":null,"column":null}},"47":{"start":{"line":159,"column":16},"end":{"line":null,"column":null}},"48":{"start":{"line":161,"column":17},"end":{"line":null,"column":null}},"49":{"start":{"line":165,"column":26},"end":{"line":null,"column":null}},"50":{"start":{"line":168,"column":17},"end":{"line":null,"column":null}},"51":{"start":{"line":170,"column":26},"end":{"line":null,"column":null}},"52":{"start":{"line":173,"column":16},"end":{"line":null,"column":null}},"53":{"start":{"line":175,"column":17},"end":{"line":null,"column":null}},"54":{"start":{"line":177,"column":23},"end":{"line":null,"column":null}},"55":{"start":{"line":180,"column":16},"end":{"line":null,"column":null}},"56":{"start":{"line":182,"column":17},"end":{"line":null,"column":null}},"57":{"start":{"line":184,"column":20},"end":{"line":null,"column":null}},"58":{"start":{"line":185,"column":26},"end":{"line":null,"column":null}},"59":{"start":{"line":187,"column":21},"end":{"line":null,"column":null}},"60":{"start":{"line":189,"column":27},"end":{"line":null,"column":null}},"61":{"start":{"line":194,"column":18},"end":{"line":null,"column":null}},"62":{"start":{"line":195,"column":18},"end":{"line":null,"column":null}},"63":{"start":{"line":196,"column":18},"end":{"line":null,"column":null}},"64":{"start":{"line":198,"column":19},"end":{"line":null,"column":null}},"65":{"start":{"line":202,"column":18},"end":{"line":null,"column":null}},"66":{"start":{"line":204,"column":15},"end":{"line":null,"column":null}},"67":{"start":{"line":0,"column":0},"end":{"line":0,"column":0},"skip":true},"68":{"start":{"line":215,"column":20},"end":{"line":null,"column":null}},"69":{"start":{"line":215,"column":30},"end":{"line":null,"column":null}},"70":{"start":{"line":217,"column":12},"end":{"line":null,"column":null}},"71":{"start":{"line":219,"column":13},"end":{"line":null,"column":null}},"72":{"start":{"line":221,"column":17},"end":{"line":null,"column":null}},"73":{"start":{"line":223,"column":22},"end":{"line":null,"column":null}},"74":{"start":{"line":227,"column":21},"end":{"line":null,"column":null}},"75":{"start":{"line":229,"column":24},"end":{"line":null,"column":null}},"76":{"start":{"line":237,"column":22},"end":{"line":null,"column":null}},"77":{"start":{"line":240,"column":20},"end":{"line":null,"column":null}},"78":{"start":{"line":0,"column":0},"end":{"line":0,"column":0},"skip":true},"79":{"start":{"line":245,"column":15},"end":{"line":null,"column":null}},"80":{"start":{"line":250,"column":7},"end":{"line":null,"column":null}},"81":{"start":{"line":253,"column":15},"end":{"line":null,"column":null}}},"branchMap":{"1":{"line":0,"type":"cond-expr","locations":[{"start":{"line":0,"column":0},"end":{"line":0,"column":0},"skip":true},{"start":{"line":0,"column":0},"end":{"line":0,"column":0},"skip":true}]},"2":{"line":0,"type":"binary-expr","locations":[{"start":{"line":0,"column":0},"end":{"line":0,"column":0},"skip":true},{"start":{"line":0,"column":0},"end":{"line":0,"column":0},"skip":true}]},"3":{"line":50,"type":"cond-expr","locations":[{"start":{"line":50,"column":40},"end":{"line":51,"column":4}},{"start":{"line":0,"column":0},"end":{"line":0,"column":0},"skip":true}]},"4":{"line":50,"type":"binary-expr","locations":[{"start":{"line":50,"column":40},"end":{"line":50,"column":40}},{"start":{"line":50,"column":40},"end":{"line":50,"column":40}}]},"5":{"line":50,"type":"cond-expr","locations":[{"start":{"line":50,"column":60},"end":{"line":51,"column":4}},{"start":{"line":0,"column":0},"end":{"line":0,"column":0},"skip":true}]},"6":{"line":50,"type":"binary-expr","locations":[{"start":{"line":50,"column":60},"end":{"line":50,"column":60}},{"start":{"line":50,"column":60},"end":{"line":50,"column":60}}]},"7":{"line":62,"type":"cond-expr","locations":[{"start":{"line":62,"column":61},"end":{"line":62,"column":38}},{"start":{"line":62,"column":69},"end":{"line":62,"column":12}}]},"8":{"line":62,"type":"binary-expr","locations":[{"start":{"line":62,"column":38},"end":{"line":62,"column":47}},{"start":{"line":62,"column":47},"end":{"line":62,"column":38}}]},"9":{"line":65,"type":"if","locations":[{"start":{"line":65,"column":17},"end":{"line":65,"column":17}},{"start":{"line":65,"column":17},"end":{"line":65,"column":17}}]},"10":{"line":90,"type":"cond-expr","locations":[{"start":{"line":90,"column":66},"end":{"line":90,"column":30}},{"start":{"line":90,"column":80},"end":{"line":89,"column":30}}]},"11":{"line":90,"type":"binary-expr","locations":[{"start":{"line":90,"column":30},"end":{"line":90,"column":45}},{"start":{"line":90,"column":45},"end":{"line":90,"column":30}}]},"12":{"line":96,"type":"if","locations":[{"start":{"line":96,"column":17},"end":{"line":96,"column":17}},{"start":{"line":96,"column":17},"end":{"line":96,"column":17}}]},"13":{"line":98,"type":"cond-expr","locations":[{"start":{"line":98,"column":55},"end":{"line":98,"column":38}},{"start":{"line":98,"column":71},"end":{"line":98,"column":16}}]},"14":{"line":125,"type":"binary-expr","locations":[{"start":{"line":125,"column":30},"end":{"line":125,"column":41}},{"start":{"line":125,"column":41},"end":{"line":125,"column":12}}]},"15":{"line":132,"type":"if","locations":[{"start":{"line":132,"column":21},"end":{"line":132,"column":21}},{"start":{"line":132,"column":21},"end":{"line":132,"column":21}}]},"16":{"line":138,"type":"cond-expr","locations":[{"start":{"line":138,"column":44},"end":{"line":138,"column":31}},{"start":{"line":138,"column":61},"end":{"line":138,"column":12}}]},"17":{"line":140,"type":"if","locations":[{"start":{"line":140,"column":17},"end":{"line":140,"column":17}},{"start":{"line":140,"column":17},"end":{"line":140,"column":17}}]},"18":{"line":161,"type":"if","locations":[{"start":{"line":161,"column":17},"end":{"line":161,"column":17}},{"start":{"line":161,"column":17},"end":{"line":161,"column":17}}]},"19":{"line":161,"type":"binary-expr","locations":[{"start":{"line":161,"column":19},"end":{"line":161,"column":19}},{"start":{"line":161,"column":45},"end":{"line":161,"column":17}},{"start":{"line":162,"column":23},"end":{"line":161,"column":17}},{"start":{"line":163,"column":23},"end":{"line":161,"column":12}}]},"20":{"line":165,"type":"binary-expr","locations":[{"start":{"line":165,"column":40},"end":{"line":165,"column":40}},{"start":{"line":165,"column":65},"end":{"line":165,"column":16}}]},"21":{"line":168,"type":"if","locations":[{"start":{"line":168,"column":17},"end":{"line":168,"column":17}},{"start":{"line":168,"column":17},"end":{"line":168,"column":17}}]},"22":{"line":175,"type":"if","locations":[{"start":{"line":175,"column":17},"end":{"line":175,"column":17}},{"start":{"line":175,"column":17},"end":{"line":175,"column":17}}]},"23":{"line":175,"type":"binary-expr","locations":[{"start":{"line":175,"column":17},"end":{"line":175,"column":32}},{"start":{"line":175,"column":32},"end":{"line":175,"column":17}},{"start":{"line":175,"column":54},"end":{"line":175,"column":12}}]},"24":{"line":182,"type":"if","locations":[{"start":{"line":182,"column":17},"end":{"line":182,"column":17}},{"start":{"line":182,"column":17},"end":{"line":182,"column":17}}]},"25":{"line":187,"type":"if","locations":[{"start":{"line":187,"column":21},"end":{"line":187,"column":21}},{"start":{"line":187,"column":21},"end":{"line":187,"column":21}}]},"26":{"line":194,"type":"cond-expr","locations":[{"start":{"line":194,"column":43},"end":{"line":194,"column":18}},{"start":{"line":194,"column":70},"end":{"line":194,"column":12}}]},"27":{"line":195,"type":"cond-expr","locations":[{"start":{"line":195,"column":51},"end":{"line":195,"column":18}},{"start":{"line":195,"column":78},"end":{"line":195,"column":12}}]},"28":{"line":195,"type":"binary-expr","locations":[{"start":{"line":195,"column":18},"end":{"line":195,"column":18}},{"start":{"line":195,"column":26},"end":{"line":195,"column":18}}]},"29":{"line":196,"type":"cond-expr","locations":[{"start":{"line":196,"column":25},"end":{"line":196,"column":18}},{"start":{"line":196,"column":55},"end":{"line":196,"column":12}}]},"30":{"line":202,"type":"binary-expr","locations":[{"start":{"line":202,"column":18},"end":{"line":202,"column":26}},{"start":{"line":202,"column":26},"end":{"line":202,"column":18}},{"start":{"line":202,"column":44},"end":{"line":202,"column":8}}]},"31":{"line":215,"type":"cond-expr","locations":[{"start":{"line":215,"column":26},"end":{"line":216,"column":4}},{"start":{"line":0,"column":0},"end":{"line":0,"column":0},"skip":true}]},"32":{"line":215,"type":"binary-expr","locations":[{"start":{"line":215,"column":26},"end":{"line":215,"column":26}},{"start":{"line":215,"column":26},"end":{"line":215,"column":26}}]},"33":{"line":215,"type":"cond-expr","locations":[{"start":{"line":215,"column":34},"end":{"line":216,"column":4}},{"start":{"line":0,"column":0},"end":{"line":0,"column":0},"skip":true}]},"34":{"line":215,"type":"binary-expr","locations":[{"start":{"line":215,"column":34},"end":{"line":215,"column":34}},{"start":{"line":215,"column":34},"end":{"line":215,"column":34}}]},"35":{"line":221,"type":"if","locations":[{"start":{"line":221,"column":17},"end":{"line":221,"column":17}},{"start":{"line":221,"column":17},"end":{"line":221,"column":17}}]},"36":{"line":227,"type":"if","locations":[{"start":{"line":227,"column":21},"end":{"line":227,"column":21}},{"start":{"line":227,"column":21},"end":{"line":227,"column":21}}]}}},"/Library/WebServer/Documents/flounder/src/core/classes.js":{"path":"/Library/WebServer/Documents/flounder/src/core/classes.js","s":{"1":1,"2":1,"3":1},"b":{},"f":{},"fnMap":{},"statementMap":{"1":{"start":{"line":0,"column":0},"end":{"line":0,"column":0},"skip":true},"2":{"start":{"line":1,"column":0},"end":{"line":null,"column":null}},"3":{"start":{"line":35,"column":15},"end":{"line":null,"column":null}}},"branchMap":{}},"/Library/WebServer/Documents/flounder/src/core/utils.js":{"path":"/Library/WebServer/Documents/flounder/src/core/utils.js","s":{"1":1,"2":1,"3":1,"4":1,"5":1,"6":1,"7":2,"8":1,"9":258,"10":3,"11":8,"12":3,"13":255,"14":255,"15":255,"16":231,"17":255,"18":3230,"19":3229,"20":6899,"21":1049,"22":5850,"23":1,"24":3226,"25":3226,"26":3226,"27":4,"28":4,"29":8,"30":77,"31":4,"32":8,"33":4,"34":8,"35":8,"36":4,"37":1022,"38":57,"39":57,"40":57,"41":2,"42":1,"43":1,"44":1,"45":55,"46":56,"47":1070,"48":1070,"49":1070,"50":277,"51":277,"52":5,"53":1,"54":4,"55":1,"56":3,"57":1,"58":2,"59":272,"60":10,"61":30,"62":464,"63":2,"64":5,"65":2,"66":462,"67":462,"68":462,"69":462,"70":3,"71":459,"72":2,"73":457,"74":179,"75":278,"76":24,"77":462,"78":16,"79":15,"80":15,"81":15,"82":15,"83":15,"84":15,"85":1,"86":14,"87":1,"88":1,"89":272,"90":272,"91":272,"92":272,"93":272,"94":51,"95":3,"96":48,"97":1,"98":1},"b":{"1":[1,1],"2":[2,2],"3":[3,255],"4":[258,3],"5":[231,24],"6":[255,231,231],"7":[3229,1],"8":[1049,5850],"9":[3226,2406],"10":[56,1],"11":[57,1],"12":[2,55],"13":[57,2],"14":[1,1],"15":[2,1],"16":[1,276],"17":[277,276],"18":[5,272],"19":[1,4],"20":[1,3],"21":[1,2],"22":[2,462],"23":[464,2],"24":[3,459],"25":[2,457],"26":[179,278],"27":[24,254],"28":[15,1],"29":[1,14],"30":[1,13],"31":[266,6],"32":[272,6],"33":[270,2],"34":[2,270],"35":[3,48]},"f":{"1":2,"2":258,"3":8,"4":3230,"5":3226,"6":4,"7":8,"8":1022,"9":57,"10":1070,"11":277,"12":10,"13":30,"14":464,"15":5,"16":16,"17":272,"18":51},"fnMap":{"1":{"name":"_interopRequireDefault","line":0,"loc":{"start":{"line":0,"column":0},"end":{"line":0,"column":0}},"skip":true},"2":{"name":"addClass","line":16,"loc":{"start":{"line":16,"column":14},"end":{"line":17,"column":4}}},"3":{"name":"(anonymous_3)","line":20,"loc":{"start":{"line":20,"column":28},"end":{"line":21,"column":12}}},"4":{"name":"attachAttributes","line":51,"loc":{"start":{"line":51,"column":22},"end":{"line":52,"column":4}}},"5":{"name":"constructElement","line":81,"loc":{"start":{"line":81,"column":22},"end":{"line":82,"column":4}}},"6":{"name":"extendClass","line":101,"loc":{"start":{"line":101,"column":17},"end":{"line":102,"column":4}}},"7":{"name":"merge","line":105,"loc":{"start":{"line":105,"column":20},"end":{"line":106,"column":8}}},"8":{"name":"escapeHTML","line":132,"loc":{"start":{"line":132,"column":16},"end":{"line":133,"column":4}}},"9":{"name":"getElWidth","line":150,"loc":{"start":{"line":150,"column":16},"end":{"line":151,"column":4}}},"10":{"name":"hasClass","line":187,"loc":{"start":{"line":187,"column":14},"end":{"line":188,"column":4}}},"11":{"name":"iosVersion","line":209,"loc":{"start":{"line":209,"column":4},"end":{"line":209,"column":4}}},"12":{"name":"removeAllChildren","line":231,"loc":{"start":{"line":231,"column":23},"end":{"line":232,"column":4}}},"13":{"name":"(anonymous_13)","line":233,"loc":{"start":{"line":233,"column":66},"end":{"line":234,"column":8}}},"14":{"name":"removeClass","line":250,"loc":{"start":{"line":250,"column":17},"end":{"line":251,"column":4}}},"15":{"name":"(anonymous_15)","line":254,"loc":{"start":{"line":254,"column":28},"end":{"line":255,"column":12}}},"16":{"name":"scrollTo","line":296,"loc":{"start":{"line":296,"column":14},"end":{"line":297,"column":4}}},"17":{"name":"setPlatform","line":332,"loc":{"start":{"line":332,"column":4},"end":{"line":332,"column":4}}},"18":{"name":"toggleClass","line":351,"loc":{"start":{"line":351,"column":17},"end":{"line":352,"column":4}}}},"statementMap":{"1":{"start":{"line":0,"column":0},"end":{"line":0,"column":0},"skip":true},"2":{"start":{"line":2,"column":0},"end":{"line":null,"column":null}},"3":{"start":{"line":0,"column":0},"end":{"line":0,"column":0},"skip":true},"4":{"start":{"line":3,"column":0},"end":{"line":null,"column":null}},"5":{"start":{"line":0,"column":0},"end":{"line":0,"column":0},"skip":true},"6":{"start":{"line":0,"column":0},"end":{"line":0,"column":0},"skip":true},"7":{"start":{"line":0,"column":0},"end":{"line":0,"column":0},"skip":true},"8":{"start":{"line":5,"column":0},"end":{"line":null,"column":null}},"9":{"start":{"line":18,"column":13},"end":{"line":null,"column":null}},"10":{"start":{"line":20,"column":19},"end":{"line":null,"column":null}},"11":{"start":{"line":22,"column":22},"end":{"line":null,"column":null}},"12":{"start":{"line":25,"column":19},"end":{"line":null,"column":null}},"13":{"start":{"line":28,"column":12},"end":{"line":null,"column":null}},"14":{"start":{"line":29,"column":12},"end":{"line":null,"column":null}},"15":{"start":{"line":31,"column":13},"end":{"line":null,"column":null}},"16":{"start":{"line":34,"column":31},"end":{"line":null,"column":null}},"17":{"start":{"line":37,"column":12},"end":{"line":null,"column":null}},"18":{"start":{"line":53,"column":13},"end":{"line":null,"column":null}},"19":{"start":{"line":55,"column":18},"end":{"line":null,"column":null}},"20":{"start":{"line":57,"column":21},"end":{"line":null,"column":null}},"21":{"start":{"line":59,"column":24},"end":{"line":null,"column":null}},"22":{"start":{"line":63,"column":25},"end":{"line":null,"column":null}},"23":{"start":{"line":69,"column":19},"end":{"line":null,"column":null}},"24":{"start":{"line":83,"column":12},"end":{"line":null,"column":null}},"25":{"start":{"line":85,"column":14},"end":{"line":null,"column":null}},"26":{"start":{"line":87,"column":15},"end":{"line":null,"column":null}},"27":{"start":{"line":103,"column":18},"end":{"line":null,"column":null}},"28":{"start":{"line":105,"column":12},"end":{"line":null,"column":null}},"29":{"start":{"line":107,"column":18},"end":{"line":null,"column":null}},"30":{"start":{"line":109,"column":25},"end":{"line":null,"column":null}},"31":{"start":{"line":101,"column":29},"end":{"line":null,"column":null}},"32":{"start":{"line":102,"column":4},"end":{"line":null,"column":null}},"33":{"start":{"line":113,"column":14},"end":{"line":null,"column":null}},"34":{"start":{"line":115,"column":16},"end":{"line":null,"column":null}},"35":{"start":{"line":116,"column":19},"end":{"line":null,"column":null}},"36":{"start":{"line":119,"column":15},"end":{"line":null,"column":null}},"37":{"start":{"line":134,"column":15},"end":{"line":null,"column":null}},"38":{"start":{"line":150,"column":34},"end":{"line":null,"column":null}},"39":{"start":{"line":152,"column":12},"end":{"line":null,"column":null}},"40":{"start":{"line":154,"column":13},"end":{"line":null,"column":null}},"41":{"start":{"line":156,"column":17},"end":{"line":null,"column":null}},"42":{"start":{"line":159,"column":28},"end":{"line":null,"column":null},"skip":true},"43":{"start":{"line":160,"column":21},"end":{"line":null,"column":null}},"44":{"start":{"line":164,"column":22},"end":{"line":null,"column":null}},"45":{"start":{"line":169,"column":17},"end":{"line":null,"column":null}},"46":{"start":{"line":172,"column":15},"end":{"line":null,"column":null}},"47":{"start":{"line":189,"column":12},"end":{"line":null,"column":null}},"48":{"start":{"line":190,"column":12},"end":{"line":null,"column":null}},"49":{"start":{"line":191,"column":15},"end":{"line":null,"column":null}},"50":{"start":{"line":208,"column":16},"end":{"line":null,"column":null}},"51":{"start":{"line":210,"column":13},"end":{"line":null,"column":null}},"52":{"start":{"line":212,"column":17},"end":{"line":null,"column":null}},"53":{"start":{"line":0,"column":0},"end":{"line":0,"column":0},"skip":true},"54":{"start":{"line":213,"column":17},"end":{"line":null,"column":null}},"55":{"start":{"line":0,"column":0},"end":{"line":0,"column":0},"skip":true},"56":{"start":{"line":214,"column":17},"end":{"line":null,"column":null}},"57":{"start":{"line":0,"column":0},"end":{"line":0,"column":0},"skip":true},"58":{"start":{"line":0,"column":0},"end":{"line":0,"column":0},"skip":true},"59":{"start":{"line":218,"column":15},"end":{"line":null,"column":null}},"60":{"start":{"line":233,"column":14},"end":{"line":null,"column":null}},"61":{"start":{"line":235,"column":19},"end":{"line":null,"column":null}},"62":{"start":{"line":252,"column":13},"end":{"line":null,"column":null}},"63":{"start":{"line":254,"column":19},"end":{"line":null,"column":null}},"64":{"start":{"line":256,"column":22},"end":{"line":null,"column":null}},"65":{"start":{"line":259,"column":19},"end":{"line":null,"column":null}},"66":{"start":{"line":262,"column":12},"end":{"line":null,"column":null}},"67":{"start":{"line":263,"column":12},"end":{"line":null,"column":null}},"68":{"start":{"line":264,"column":12},"end":{"line":null,"column":null}},"69":{"start":{"line":266,"column":13},"end":{"line":null,"column":null}},"70":{"start":{"line":0,"column":0},"end":{"line":0,"column":0},"skip":true},"71":{"start":{"line":270,"column":13},"end":{"line":null,"column":null}},"72":{"start":{"line":272,"column":24},"end":{"line":null,"column":null}},"73":{"start":{"line":274,"column":13},"end":{"line":null,"column":null}},"74":{"start":{"line":276,"column":24},"end":{"line":null,"column":null}},"75":{"start":{"line":278,"column":13},"end":{"line":null,"column":null}},"76":{"start":{"line":280,"column":24},"end":{"line":null,"column":null}},"77":{"start":{"line":283,"column":11},"end":{"line":null,"column":null}},"78":{"start":{"line":298,"column":13},"end":{"line":null,"column":null}},"79":{"start":{"line":300,"column":16},"end":{"line":null,"column":null}},"80":{"start":{"line":301,"column":16},"end":{"line":null,"column":null}},"81":{"start":{"line":302,"column":16},"end":{"line":null,"column":null}},"82":{"start":{"line":303,"column":16},"end":{"line":null,"column":null}},"83":{"start":{"line":304,"column":16},"end":{"line":null,"column":null}},"84":{"start":{"line":306,"column":17},"end":{"line":null,"column":null}},"85":{"start":{"line":308,"column":23},"end":{"line":null,"column":null}},"86":{"start":{"line":310,"column":17},"end":{"line":null,"column":null}},"87":{"start":{"line":312,"column":23},"end":{"line":null,"column":null}},"88":{"start":{"line":317,"column":19},"end":{"line":null,"column":null}},"89":{"start":{"line":331,"column":17},"end":{"line":null,"column":null}},"90":{"start":{"line":333,"column":12},"end":{"line":null,"column":null}},"91":{"start":{"line":334,"column":12},"end":{"line":null,"column":null}},"92":{"start":{"line":335,"column":12},"end":{"line":null,"column":null}},"93":{"start":{"line":337,"column":15},"end":{"line":null,"column":null}},"94":{"start":{"line":353,"column":13},"end":{"line":null,"column":null}},"95":{"start":{"line":355,"column":18},"end":{"line":null,"column":null}},"96":{"start":{"line":359,"column":18},"end":{"line":null,"column":null}},"97":{"start":{"line":364,"column":0},"end":{"line":null,"column":null}},"98":{"start":{"line":366,"column":15},"end":{"line":null,"column":null}}},"branchMap":{"1":{"line":0,"type":"cond-expr","locations":[{"start":{"line":0,"column":0},"end":{"line":0,"column":0},"skip":true},{"start":{"line":0,"column":0},"end":{"line":0,"column":0},"skip":true}]},"2":{"line":0,"type":"binary-expr","locations":[{"start":{"line":0,"column":0},"end":{"line":0,"column":0},"skip":true},{"start":{"line":0,"column":0},"end":{"line":0,"column":0},"skip":true}]},"3":{"line":18,"type":"if","locations":[{"start":{"line":18,"column":13},"end":{"line":18,"column":13}},{"start":{"line":18,"column":13},"end":{"line":18,"column":13}}]},"4":{"line":18,"type":"binary-expr","locations":[{"start":{"line":18,"column":13},"end":{"line":18,"column":43}},{"start":{"line":18,"column":43},"end":{"line":18,"column":8}}]},"5":{"line":31,"type":"if","locations":[{"start":{"line":31,"column":13},"end":{"line":31,"column":13}},{"start":{"line":31,"column":13},"end":{"line":31,"column":13}}]},"6":{"line":31,"type":"binary-expr","locations":[{"start":{"line":31,"column":13},"end":{"line":31,"column":13}},{"start":{"line":31,"column":47},"end":{"line":31,"column":13}},{"start":{"line":32,"column":12},"end":{"line":31,"column":8}}]},"7":{"line":53,"type":"if","locations":[{"start":{"line":53,"column":13},"end":{"line":53,"column":13}},{"start":{"line":53,"column":13},"end":{"line":53,"column":13}}]},"8":{"line":57,"type":"if","locations":[{"start":{"line":57,"column":21},"end":{"line":57,"column":21}},{"start":{"line":57,"column":21},"end":{"line":57,"column":21}}]},"9":{"line":83,"type":"binary-expr","locations":[{"start":{"line":83,"column":50},"end":{"line":83,"column":50}},{"start":{"line":83,"column":26},"end":{"line":83,"column":26}}]},"10":{"line":150,"type":"cond-expr","locations":[{"start":{"line":150,"column":44},"end":{"line":151,"column":4}},{"start":{"line":0,"column":0},"end":{"line":0,"column":0},"skip":true}]},"11":{"line":150,"type":"binary-expr","locations":[{"start":{"line":150,"column":44},"end":{"line":150,"column":44}},{"start":{"line":150,"column":44},"end":{"line":150,"column":44}}]},"12":{"line":154,"type":"if","locations":[{"start":{"line":154,"column":13},"end":{"line":154,"column":13}},{"start":{"line":154,"column":13},"end":{"line":154,"column":13}}]},"13":{"line":154,"type":"binary-expr","locations":[{"start":{"line":154,"column":13},"end":{"line":154,"column":13}},{"start":{"line":154,"column":37},"end":{"line":154,"column":8}}]},"14":{"line":156,"type":"if","locations":[{"start":{"line":156,"column":17},"end":{"line":156,"column":17}},{"start":{"line":156,"column":17},"end":{"line":156,"column":17}}]},"15":{"line":156,"type":"binary-expr","locations":[{"start":{"line":156,"column":17},"end":{"line":156,"column":24}},{"start":{"line":156,"column":24},"end":{"line":156,"column":12}}]},"16":{"line":208,"type":"cond-expr","locations":[{"start":{"line":208,"column":28},"end":{"line":209,"column":4}},{"start":{"line":0,"column":0},"end":{"line":0,"column":0},"skip":true}]},"17":{"line":208,"type":"binary-expr","locations":[{"start":{"line":208,"column":28},"end":{"line":208,"column":28}},{"start":{"line":208,"column":28},"end":{"line":208,"column":28}}]},"18":{"line":210,"type":"if","locations":[{"start":{"line":210,"column":13},"end":{"line":210,"column":13}},{"start":{"line":210,"column":13},"end":{"line":210,"column":13}}]},"19":{"line":212,"type":"if","locations":[{"start":{"line":212,"column":17},"end":{"line":212,"column":17}},{"start":{"line":212,"column":17},"end":{"line":212,"column":17}}]},"20":{"line":213,"type":"if","locations":[{"start":{"line":213,"column":17},"end":{"line":213,"column":17}},{"start":{"line":213,"column":17},"end":{"line":213,"column":17}}]},"21":{"line":214,"type":"if","locations":[{"start":{"line":214,"column":17},"end":{"line":214,"column":17}},{"start":{"line":214,"column":17},"end":{"line":214,"column":17}}]},"22":{"line":252,"type":"if","locations":[{"start":{"line":252,"column":13},"end":{"line":252,"column":13}},{"start":{"line":252,"column":13},"end":{"line":252,"column":13}}]},"23":{"line":252,"type":"binary-expr","locations":[{"start":{"line":252,"column":13},"end":{"line":252,"column":43}},{"start":{"line":252,"column":43},"end":{"line":252,"column":8}}]},"24":{"line":266,"type":"if","locations":[{"start":{"line":266,"column":13},"end":{"line":266,"column":13}},{"start":{"line":266,"column":13},"end":{"line":266,"column":13}}]},"25":{"line":270,"type":"if","locations":[{"start":{"line":270,"column":13},"end":{"line":270,"column":13}},{"start":{"line":270,"column":13},"end":{"line":270,"column":13}}]},"26":{"line":274,"type":"if","locations":[{"start":{"line":274,"column":13},"end":{"line":274,"column":13}},{"start":{"line":274,"column":13},"end":{"line":274,"column":13}}]},"27":{"line":278,"type":"if","locations":[{"start":{"line":278,"column":13},"end":{"line":278,"column":13}},{"start":{"line":278,"column":13},"end":{"line":278,"column":13}}]},"28":{"line":298,"type":"if","locations":[{"start":{"line":298,"column":13},"end":{"line":298,"column":13}},{"start":{"line":298,"column":13},"end":{"line":298,"column":13}}]},"29":{"line":306,"type":"if","locations":[{"start":{"line":306,"column":17},"end":{"line":306,"column":17}},{"start":{"line":306,"column":17},"end":{"line":306,"column":17}}]},"30":{"line":310,"type":"if","locations":[{"start":{"line":310,"column":17},"end":{"line":310,"column":17}},{"start":{"line":310,"column":17},"end":{"line":310,"column":17}}]},"31":{"line":331,"type":"cond-expr","locations":[{"start":{"line":331,"column":29},"end":{"line":332,"column":4}},{"start":{"line":0,"column":0},"end":{"line":0,"column":0},"skip":true}]},"32":{"line":331,"type":"binary-expr","locations":[{"start":{"line":331,"column":29},"end":{"line":331,"column":29}},{"start":{"line":331,"column":29},"end":{"line":331,"column":29}}]},"33":{"line":333,"type":"cond-expr","locations":[{"start":{"line":333,"column":81},"end":{"line":333,"column":26}},{"start":{"line":333,"column":89},"end":{"line":333,"column":8}}]},"34":{"line":335,"type":"cond-expr","locations":[{"start":{"line":335,"column":8},"end":{"line":335,"column":8}},{"start":{"line":335,"column":8},"end":{"line":335,"column":8}}]},"35":{"line":353,"type":"if","locations":[{"start":{"line":353,"column":13},"end":{"line":353,"column":13}},{"start":{"line":353,"column":13},"end":{"line":353,"column":13}}]}}},"/Library/WebServer/Documents/flounder/src/core/api.js":{"path":"/Library/WebServer/Documents/flounder/src/core/api.js","s":{"1":1,"2":1,"3":1,"4":0,"5":0,"6":0,"7":0,"8":0,"9":0,"10":0,"11":0,"12":0,"13":0,"14":0,"15":0,"16":0,"17":0,"18":0,"19":0,"20":0,"21":1,"22":3,"23":3,"24":0,"25":0,"26":0,"27":1,"28":26,"29":0,"30":1,"31":1,"32":1,"33":1,"34":1,"35":1,"36":2,"37":1,"38":1,"39":2,"40":2,"41":2,"42":2,"43":1,"44":2,"45":2,"46":3,"47":1,"48":1,"49":58,"50":57,"51":57,"52":57,"53":57,"54":8,"55":8,"56":7,"57":7,"58":1,"59":1,"60":8,"61":8,"62":8,"63":8,"64":0,"65":49,"66":49,"67":49,"68":49,"69":0,"70":57,"71":19,"72":19,"73":19,"74":19,"75":2,"76":2,"77":4,"78":2,"79":2,"80":2,"81":2,"82":1,"83":1,"84":1,"85":1,"86":1,"87":1,"88":1,"89":1,"90":15,"91":15,"92":15,"93":1,"94":1,"95":1,"96":2,"97":1,"98":1,"99":14,"100":14,"101":14,"102":1,"103":1,"104":14,"105":14,"106":11,"107":11,"108":3,"109":3,"110":8,"111":8,"112":11,"113":3,"114":6,"115":6,"116":2,"117":2,"118":2,"119":3,"120":2,"121":2,"122":2,"123":4,"124":4,"125":4,"126":12,"127":12,"128":3,"129":4,"130":4,"131":4,"132":4,"133":6,"134":6,"135":2,"136":2,"137":2,"138":3,"139":2,"140":2,"141":2,"142":4,"143":12,"144":12,"145":4,"146":4,"147":1,"148":1,"149":1,"150":9,"151":9,"152":9,"153":6,"154":3,"155":1,"156":2,"157":2,"158":1,"159":3,"160":1,"161":319,"162":319,"163":319,"164":319,"165":1211,"166":258,"167":319,"168":163,"169":113,"170":4,"171":4,"172":4,"173":3,"174":3,"175":2,"176":1,"177":1,"178":1,"179":4,"180":6,"181":3,"182":3,"183":3,"184":3,"185":3,"186":3,"187":3,"188":3,"189":3,"190":3,"191":3,"192":3,"193":3,"194":3,"195":3,"196":3,"197":3,"198":3,"199":3,"200":3,"201":88,"202":88,"203":88,"204":88,"205":11,"206":11,"207":11,"208":15,"209":11,"210":11,"211":77,"212":77,"213":77,"214":3,"215":3,"216":77,"217":77,"218":75,"219":75,"220":75,"221":75,"222":75,"223":75,"224":2,"225":5,"226":5,"227":5,"228":1,"229":1,"230":1,"231":3,"232":1,"233":1,"234":4,"235":4,"236":4,"237":4,"238":16,"239":16,"240":4,"241":4,"242":4,"243":4,"244":6,"245":6,"246":6,"247":1,"248":1,"249":1,"250":3,"251":1,"252":1,"253":5,"254":19,"255":19,"256":5,"257":1},"b":{"1":[0,0],"2":[0,0],"3":[0,0],"4":[0,0],"5":[0,0],"6":[3,0],"7":[0,0],"8":[1,0],"9":[1,1],"10":[0,0],"11":[0,0,0],"12":[2,0],"13":[2,2],"14":[1,1],"15":[8,49],"16":[57,56],"17":[7,1],"18":[1,6],"19":[7,1],"20":[2,17],"21":[1,1],"22":[1,14],"23":[15,15],"24":[1,0],"25":[0,1],"26":[1,13],"27":[11,3],"28":[3,8],"29":[2,4],"30":[6,2],"31":[1,1],"32":[2,0],"33":[0,2],"34":[3,9],"35":[3,1],"36":[4,0],"37":[0,4],"38":[2,4],"39":[6,3],"40":[1,1],"41":[2,0],"42":[0,2],"43":[3,9],"44":[3,9],"45":[12,10],"46":[3,1],"47":[6,3],"48":[1,2],"49":[3,2,2],"50":[1,1],"51":[258,953],"52":[1211,461],"53":[3,1],"54":[2,1],"55":[3,3],"56":[6,5,5,4,3],"57":[3,1],"58":[60,28],"59":[88,28],"60":[11,77],"61":[88,88],"62":[11,0],"63":[0,11],"64":[3,74],"65":[75,2],"66":[14,61],"67":[75,18],"68":[1,4],"69":[5,4],"70":[1,4],"71":[5,2],"72":[1,0],"73":[0,1],"74":[4,12],"75":[4,0],"76":[0,4],"77":[2,4],"78":[6,4],"79":[1,5],"80":[6,2],"81":[1,0],"82":[0,1],"83":[5,14],"84":[19,19]},"f":{"1":1,"2":0,"3":3,"4":26,"5":0,"6":2,"7":2,"8":2,"9":3,"10":1,"11":1,"12":58,"13":19,"14":4,"15":2,"16":15,"17":1,"18":2,"19":6,"20":2,"21":3,"22":4,"23":12,"24":6,"25":2,"26":3,"27":12,"28":12,"29":1,"30":1,"31":1,"32":9,"33":2,"34":3,"35":319,"36":1211,"37":163,"38":113,"39":4,"40":4,"41":1,"42":6,"43":88,"44":11,"45":15,"46":5,"47":1,"48":3,"49":4,"50":16,"51":6,"52":1,"53":3,"54":19,"55":19},"fnMap":{"1":{"name":"(anonymous_1)","line":0,"loc":{"start":{"line":0,"column":0},"end":{"line":0,"column":0}},"skip":true},"2":{"name":"sliceIterator","line":0,"loc":{"start":{"line":0,"column":0},"end":{"line":0,"column":0}},"skip":true},"3":{"name":"(anonymous_3)","line":0,"loc":{"start":{"line":0,"column":0},"end":{"line":0,"column":0}},"skip":true},"4":{"name":"(anonymous_4)","line":0,"loc":{"start":{"line":0,"column":0},"end":{"line":0,"column":0}},"skip":true},"5":{"name":"(anonymous_5)","line":0,"loc":{"start":{"line":0,"column":0},"end":{"line":0,"column":0}},"skip":true},"6":{"name":"_interopRequireDefault","line":0,"loc":{"start":{"line":0,"column":0},"end":{"line":0,"column":0}},"skip":true},"7":{"name":"buildFromUrl","line":20,"loc":{"start":{"line":20,"column":18},"end":{"line":21,"column":4}}},"8":{"name":"(anonymous_8)","line":22,"loc":{"start":{"line":22,"column":35},"end":{"line":23,"column":8}}},"9":{"name":"clickByIndex","line":48,"loc":{"start":{"line":48,"column":18},"end":{"line":49,"column":4}}},"10":{"name":"clickByText","line":64,"loc":{"start":{"line":64,"column":17},"end":{"line":65,"column":4}}},"11":{"name":"clickByValue","line":80,"loc":{"start":{"line":80,"column":18},"end":{"line":81,"column":4}}},"12":{"name":"destroy","line":94,"loc":{"start":{"line":94,"column":4},"end":{"line":94,"column":4}}},"13":{"name":"deselectAll","line":156,"loc":{"start":{"line":156,"column":4},"end":{"line":156,"column":4}}},"14":{"name":"(anonymous_14)","line":166,"loc":{"start":{"line":166,"column":26},"end":{"line":null,"column":null}}},"15":{"name":"disable","line":180,"loc":{"start":{"line":180,"column":13},"end":{"line":181,"column":4}}},"16":{"name":"disableByIndex","line":213,"loc":{"start":{"line":213,"column":20},"end":{"line":214,"column":4}}},"17":{"name":"(anonymous_17)","line":0,"loc":{"start":{"line":0,"column":0},"end":{"line":0,"column":0}},"skip":true},"18":{"name":"(anonymous_18)","line":220,"loc":{"start":{"line":220,"column":30},"end":{"line":null,"column":null}}},"19":{"name":"disableByText","line":270,"loc":{"start":{"line":270,"column":19},"end":{"line":271,"column":4}}},"20":{"name":"(anonymous_20)","line":0,"loc":{"start":{"line":0,"column":0},"end":{"line":0,"column":0}},"skip":true},"21":{"name":"(anonymous_21)","line":275,"loc":{"start":{"line":275,"column":32},"end":{"line":null,"column":null}}},"22":{"name":"(anonymous_22)","line":0,"loc":{"start":{"line":0,"column":0},"end":{"line":0,"column":0}},"skip":true},"23":{"name":"(anonymous_23)","line":283,"loc":{"start":{"line":283,"column":36},"end":{"line":284,"column":12}}},"24":{"name":"disableByValue","line":310,"loc":{"start":{"line":310,"column":20},"end":{"line":311,"column":4}}},"25":{"name":"(anonymous_25)","line":0,"loc":{"start":{"line":0,"column":0},"end":{"line":0,"column":0}},"skip":true},"26":{"name":"(anonymous_26)","line":315,"loc":{"start":{"line":315,"column":33},"end":{"line":null,"column":null}}},"27":{"name":"(anonymous_27)","line":321,"loc":{"start":{"line":321,"column":51},"end":{"line":322,"column":12}}},"28":{"name":"(anonymous_28)","line":324,"loc":{"start":{"line":324,"column":24},"end":{"line":null,"column":null}}},"29":{"name":"enableByIndex","line":342,"loc":{"start":{"line":342,"column":19},"end":{"line":343,"column":4}}},"30":{"name":"enableByText","line":357,"loc":{"start":{"line":357,"column":18},"end":{"line":358,"column":4}}},"31":{"name":"enableByValue","line":372,"loc":{"start":{"line":372,"column":19},"end":{"line":373,"column":4}}},"32":{"name":"getData","line":387,"loc":{"start":{"line":387,"column":13},"end":{"line":388,"column":4}}},"33":{"name":"(anonymous_33)","line":397,"loc":{"start":{"line":397,"column":27},"end":{"line":398,"column":12}}},"34":{"name":"(anonymous_34)","line":404,"loc":{"start":{"line":404,"column":43},"end":{"line":405,"column":12}}},"35":{"name":"getSelected","line":424,"loc":{"start":{"line":424,"column":4},"end":{"line":424,"column":4}}},"36":{"name":"(anonymous_36)","line":429,"loc":{"start":{"line":429,"column":43},"end":{"line":430,"column":8}}},"37":{"name":"getSelectedValues","line":449,"loc":{"start":{"line":449,"column":4},"end":{"line":449,"column":4}}},"38":{"name":"(anonymous_38)","line":450,"loc":{"start":{"line":450,"column":39},"end":{"line":null,"column":null}}},"39":{"name":"loadDataFromUrl","line":464,"loc":{"start":{"line":464,"column":21},"end":{"line":465,"column":4}}},"40":{"name":"(anonymous_40)","line":466,"loc":{"start":{"line":466,"column":36},"end":{"line":467,"column":8}}},"41":{"name":"(anonymous_41)","line":481,"loc":{"start":{"line":481,"column":19},"end":{"line":482,"column":8}}},"42":{"name":"rebuild","line":510,"loc":{"start":{"line":510,"column":13},"end":{"line":511,"column":4}}},"43":{"name":"setByIndex","line":552,"loc":{"start":{"line":552,"column":16},"end":{"line":553,"column":4}}},"44":{"name":"(anonymous_44)","line":0,"loc":{"start":{"line":0,"column":0},"end":{"line":0,"column":0}},"skip":true},"45":{"name":"(anonymous_45)","line":559,"loc":{"start":{"line":559,"column":30},"end":{"line":null,"column":null}}},"46":{"name":"setByText","line":601,"loc":{"start":{"line":601,"column":15},"end":{"line":602,"column":4}}},"47":{"name":"(anonymous_47)","line":0,"loc":{"start":{"line":0,"column":0},"end":{"line":0,"column":0}},"skip":true},"48":{"name":"(anonymous_48)","line":606,"loc":{"start":{"line":606,"column":29},"end":{"line":null,"column":null}}},"49":{"name":"(anonymous_49)","line":0,"loc":{"start":{"line":0,"column":0},"end":{"line":0,"column":0}},"skip":true},"50":{"name":"(anonymous_50)","line":613,"loc":{"start":{"line":613,"column":36},"end":{"line":614,"column":12}}},"51":{"name":"setByValue","line":638,"loc":{"start":{"line":638,"column":16},"end":{"line":639,"column":4}}},"52":{"name":"(anonymous_52)","line":0,"loc":{"start":{"line":0,"column":0},"end":{"line":0,"column":0}},"skip":true},"53":{"name":"(anonymous_53)","line":643,"loc":{"start":{"line":643,"column":30},"end":{"line":null,"column":null}}},"54":{"name":"(anonymous_54)","line":647,"loc":{"start":{"line":647,"column":54},"end":{"line":648,"column":12}}},"55":{"name":"(anonymous_55)","line":650,"loc":{"start":{"line":650,"column":24},"end":{"line":null,"column":null}}}},"statementMap":{"1":{"start":{"line":0,"column":0},"end":{"line":0,"column":0},"skip":true},"2":{"start":{"line":0,"column":0},"end":{"line":0,"column":0},"skip":true},"3":{"start":{"line":0,"column":0},"end":{"line":0,"column":0},"skip":true},"4":{"start":{"line":0,"column":0},"end":{"line":0,"column":0},"skip":true},"5":{"start":{"line":0,"column":0},"end":{"line":0,"column":0},"skip":true},"6":{"start":{"line":0,"column":0},"end":{"line":0,"column":0},"skip":true},"7":{"start":{"line":0,"column":0},"end":{"line":0,"column":0},"skip":true},"8":{"start":{"line":0,"column":0},"end":{"line":0,"column":0},"skip":true},"9":{"start":{"line":0,"column":0},"end":{"line":0,"column":0},"skip":true},"10":{"start":{"line":0,"column":0},"end":{"line":0,"column":0},"skip":true},"11":{"start":{"line":0,"column":0},"end":{"line":0,"column":0},"skip":true},"12":{"start":{"line":0,"column":0},"end":{"line":0,"column":0},"skip":true},"13":{"start":{"line":0,"column":0},"end":{"line":0,"column":0},"skip":true},"14":{"start":{"line":0,"column":0},"end":{"line":0,"column":0},"skip":true},"15":{"start":{"line":0,"column":0},"end":{"line":0,"column":0},"skip":true},"16":{"start":{"line":0,"column":0},"end":{"line":0,"column":0},"skip":true},"17":{"start":{"line":0,"column":0},"end":{"line":0,"column":0},"skip":true},"18":{"start":{"line":0,"column":0},"end":{"line":0,"column":0},"skip":true},"19":{"start":{"line":0,"column":0},"end":{"line":0,"column":0},"skip":true},"20":{"start":{"line":0,"column":0},"end":{"line":0,"column":0},"skip":true},"21":{"start":{"line":0,"column":0},"end":{"line":0,"column":0},"skip":true},"22":{"start":{"line":0,"column":0},"end":{"line":0,"column":0},"skip":true},"23":{"start":{"line":0,"column":0},"end":{"line":0,"column":0},"skip":true},"24":{"start":{"line":0,"column":0},"end":{"line":0,"column":0},"skip":true},"25":{"start":{"line":0,"column":0},"end":{"line":0,"column":0},"skip":true},"26":{"start":{"line":0,"column":0},"end":{"line":0,"column":0},"skip":true},"27":{"start":{"line":0,"column":0},"end":{"line":0,"column":0},"skip":true},"28":{"start":{"line":0,"column":0},"end":{"line":0,"column":0},"skip":true},"29":{"start":{"line":0,"column":0},"end":{"line":0,"column":0},"skip":true},"30":{"start":{"line":2,"column":0},"end":{"line":null,"column":null}},"31":{"start":{"line":0,"column":0},"end":{"line":0,"column":0},"skip":true},"32":{"start":{"line":3,"column":0},"end":{"line":null,"column":null}},"33":{"start":{"line":0,"column":0},"end":{"line":0,"column":0},"skip":true},"34":{"start":{"line":4,"column":0},"end":{"line":null,"column":null}},"35":{"start":{"line":0,"column":0},"end":{"line":0,"column":0},"skip":true},"36":{"start":{"line":0,"column":0},"end":{"line":0,"column":0},"skip":true},"37":{"start":{"line":6,"column":0},"end":{"line":null,"column":null}},"38":{"start":{"line":8,"column":0},"end":{"line":null,"column":null}},"39":{"start":{"line":0,"column":0},"end":{"line":0,"column":0},"skip":true},"40":{"start":{"line":22,"column":13},"end":{"line":null,"column":null}},"41":{"start":{"line":24,"column":17},"end":{"line":null,"column":null}},"42":{"start":{"line":26,"column":17},"end":{"line":null,"column":null}},"43":{"start":{"line":28,"column":26},"end":{"line":null,"column":null}},"44":{"start":{"line":31,"column":17},"end":{"line":null,"column":null}},"45":{"start":{"line":34,"column":15},"end":{"line":null,"column":null}},"46":{"start":{"line":50,"column":15},"end":{"line":null,"column":null}},"47":{"start":{"line":66,"column":15},"end":{"line":null,"column":null}},"48":{"start":{"line":82,"column":15},"end":{"line":null,"column":null}},"49":{"start":{"line":95,"column":13},"end":{"line":null,"column":null}},"50":{"start":{"line":97,"column":12},"end":{"line":null,"column":null}},"51":{"start":{"line":98,"column":12},"end":{"line":null,"column":null}},"52":{"start":{"line":99,"column":12},"end":{"line":null,"column":null}},"53":{"start":{"line":101,"column":13},"end":{"line":null,"column":null}},"54":{"start":{"line":103,"column":16},"end":{"line":null,"column":null}},"55":{"start":{"line":105,"column":17},"end":{"line":null,"column":null}},"56":{"start":{"line":107,"column":20},"end":{"line":null,"column":null}},"57":{"start":{"line":109,"column":21},"end":{"line":null,"column":null}},"58":{"start":{"line":111,"column":35},"end":{"line":null,"column":null}},"59":{"start":{"line":116,"column":25},"end":{"line":null,"column":null}},"60":{"start":{"line":120,"column":12},"end":{"line":null,"column":null}},"61":{"start":{"line":121,"column":23},"end":{"line":null,"column":null}},"62":{"start":{"line":122,"column":31},"end":{"line":null,"column":null}},"63":{"start":{"line":123,"column":22},"end":{"line":null,"column":null}},"64":{"start":{"line":0,"column":0},"end":{"line":0,"column":0},"skip":true},"65":{"start":{"line":133,"column":12},"end":{"line":null,"column":null}},"66":{"start":{"line":134,"column":20},"end":{"line":null,"column":null}},"67":{"start":{"line":135,"column":20},"end":{"line":null,"column":null}},"68":{"start":{"line":136,"column":23},"end":{"line":null,"column":null}},"69":{"start":{"line":0,"column":0},"end":{"line":0,"column":0},"skip":true},"70":{"start":{"line":144,"column":13},"end":{"line":null,"column":null}},"71":{"start":{"line":157,"column":13},"end":{"line":null,"column":null}},"72":{"start":{"line":158,"column":13},"end":{"line":null,"column":null}},"73":{"start":{"line":161,"column":12},"end":{"line":null,"column":null}},"74":{"start":{"line":163,"column":13},"end":{"line":null,"column":null}},"75":{"start":{"line":165,"column":16},"end":{"line":null,"column":null}},"76":{"start":{"line":166,"column":17},"end":{"line":null,"column":null}},"77":{"start":{"line":166,"column":32},"end":{"line":null,"column":null}},"78":{"start":{"line":182,"column":12},"end":{"line":null,"column":null}},"79":{"start":{"line":183,"column":12},"end":{"line":null,"column":null}},"80":{"start":{"line":184,"column":12},"end":{"line":null,"column":null}},"81":{"start":{"line":186,"column":13},"end":{"line":null,"column":null}},"82":{"start":{"line":188,"column":17},"end":{"line":null,"column":null}},"83":{"start":{"line":189,"column":17},"end":{"line":null,"column":null}},"84":{"start":{"line":190,"column":18},"end":{"line":null,"column":null}},"85":{"start":{"line":191,"column":18},"end":{"line":null,"column":null}},"86":{"start":{"line":195,"column":17},"end":{"line":null,"column":null}},"87":{"start":{"line":196,"column":17},"end":{"line":null,"column":null}},"88":{"start":{"line":197,"column":18},"end":{"line":null,"column":null}},"89":{"start":{"line":198,"column":18},"end":{"line":null,"column":null}},"90":{"start":{"line":0,"column":0},"end":{"line":0,"column":0},"skip":true},"91":{"start":{"line":215,"column":12},"end":{"line":null,"column":null}},"92":{"start":{"line":217,"column":13},"end":{"line":null,"column":null}},"93":{"start":{"line":0,"column":0},"end":{"line":0,"column":0},"skip":true},"94":{"start":{"line":219,"column":16},"end":{"line":null,"column":null}},"95":{"start":{"line":0,"column":0},"end":{"line":0,"column":0},"skip":true},"96":{"start":{"line":220,"column":36},"end":{"line":null,"column":null}},"97":{"start":{"line":0,"column":0},"end":{"line":0,"column":0},"skip":true},"98":{"start":{"line":0,"column":0},"end":{"line":0,"column":0},"skip":true},"99":{"start":{"line":224,"column":16},"end":{"line":null,"column":null}},"100":{"start":{"line":225,"column":16},"end":{"line":null,"column":null}},"101":{"start":{"line":227,"column":17},"end":{"line":null,"column":null}},"102":{"start":{"line":229,"column":20},"end":{"line":null,"column":null}},"103":{"start":{"line":230,"column":24},"end":{"line":null,"column":null}},"104":{"start":{"line":233,"column":16},"end":{"line":null,"column":null}},"105":{"start":{"line":235,"column":17},"end":{"line":null,"column":null}},"106":{"start":{"line":237,"column":20},"end":{"line":null,"column":null}},"107":{"start":{"line":239,"column":21},"end":{"line":null,"column":null}},"108":{"start":{"line":241,"column":24},"end":{"line":null,"column":null}},"109":{"start":{"line":242,"column":26},"end":{"line":null,"column":null}},"110":{"start":{"line":246,"column":24},"end":{"line":null,"column":null}},"111":{"start":{"line":247,"column":26},"end":{"line":null,"column":null}},"112":{"start":{"line":250,"column":23},"end":{"line":null,"column":null}},"113":{"start":{"line":254,"column":24},"end":{"line":null,"column":null}},"114":{"start":{"line":0,"column":0},"end":{"line":0,"column":0},"skip":true},"115":{"start":{"line":272,"column":13},"end":{"line":null,"column":null}},"116":{"start":{"line":0,"column":0},"end":{"line":0,"column":0},"skip":true},"117":{"start":{"line":274,"column":16},"end":{"line":null,"column":null}},"118":{"start":{"line":275,"column":16},"end":{"line":null,"column":null}},"119":{"start":{"line":275,"column":38},"end":{"line":null,"column":null}},"120":{"start":{"line":0,"column":0},"end":{"line":0,"column":0},"skip":true},"121":{"start":{"line":0,"column":0},"end":{"line":0,"column":0},"skip":true},"122":{"start":{"line":0,"column":0},"end":{"line":0,"column":0},"skip":true},"123":{"start":{"line":0,"column":0},"end":{"line":0,"column":0},"skip":true},"124":{"start":{"line":281,"column":16},"end":{"line":null,"column":null}},"125":{"start":{"line":283,"column":17},"end":{"line":null,"column":null}},"126":{"start":{"line":285,"column":20},"end":{"line":null,"column":null}},"127":{"start":{"line":287,"column":21},"end":{"line":null,"column":null}},"128":{"start":{"line":289,"column":24},"end":{"line":null,"column":null}},"129":{"start":{"line":293,"column":18},"end":{"line":null,"column":null}},"130":{"start":{"line":0,"column":0},"end":{"line":0,"column":0},"skip":true},"131":{"start":{"line":0,"column":0},"end":{"line":0,"column":0},"skip":true},"132":{"start":{"line":0,"column":0},"end":{"line":0,"column":0},"skip":true},"133":{"start":{"line":0,"column":0},"end":{"line":0,"column":0},"skip":true},"134":{"start":{"line":312,"column":13},"end":{"line":null,"column":null}},"135":{"start":{"line":0,"column":0},"end":{"line":0,"column":0},"skip":true},"136":{"start":{"line":314,"column":16},"end":{"line":null,"column":null}},"137":{"start":{"line":315,"column":16},"end":{"line":null,"column":null}},"138":{"start":{"line":315,"column":39},"end":{"line":null,"column":null}},"139":{"start":{"line":0,"column":0},"end":{"line":0,"column":0},"skip":true},"140":{"start":{"line":0,"column":0},"end":{"line":0,"column":0},"skip":true},"141":{"start":{"line":0,"column":0},"end":{"line":0,"column":0},"skip":true},"142":{"start":{"line":321,"column":16},"end":{"line":null,"column":null}},"143":{"start":{
[...]
1139,"column":13}}]},"90":{"line":1139,"type":"binary-expr","locations":[{"start":{"line":1139,"column":13},"end":{"line":1139,"column":41}},{"start":{"line":1139,"column":41},"end":{"line":1139,"column":8}}]},"91":{"line":1168,"type":"cond-expr","locations":[{"start":{"line":1168,"column":50},"end":{"line":1168,"column":8},"skip":true},{"start":{"line":1168,"column":8},"end":{"line":1168,"column":8},"skip":true}]},"92":{"line":1185,"type":"cond-expr","locations":[{"start":{"line":1185,"column":56},"end":{"line":1186,"column":4}},{"start":{"line":0,"column":0},"end":{"line":0,"column":0},"skip":true}]},"93":{"line":1185,"type":"binary-expr","locations":[{"start":{"line":1185,"column":56},"end":{"line":1185,"column":56}},{"start":{"line":1185,"column":56},"end":{"line":1185,"column":56}}]},"94":{"line":1195,"type":"if","locations":[{"start":{"line":1195,"column":13},"end":{"line":1195,"column":13}},{"start":{"line":1195,"column":13},"end":{"line":1195,"column":13}}]},"95":{"line":1200,"type":"if","locations":[{"start":{"line":1200,"column":13},"end":{"line":1200,"column":13}},{"start":{"line":1200,"column":13},"end":{"line":1200,"column":13}}]},"96":{"line":1205,"type":"if","locations":[{"start":{"line":1205,"column":13},"end":{"line":1205,"column":13}},{"start":{"line":1205,"column":13},"end":{"line":1205,"column":13}}]},"97":{"line":1236,"type":"if","locations":[{"start":{"line":1236,"column":13},"end":{"line":1236,"column":13}},{"start":{"line":1236,"column":13},"end":{"line":1236,"column":13}}]},"98":{"line":1236,"type":"binary-expr","locations":[{"start":{"line":1236,"column":13},"end":{"line":1236,"column":38}},{"start":{"line":1236,"column":38},"end":{"line":1236,"column":13}},{"start":{"line":1236,"column":59},"end":{"line":1236,"column":8}}]},"99":{"line":1243,"type":"if","locations":[{"start":{"line":1243,"column":17},"end":{"line":1243,"column":17}},{"start":{"line":1243,"column":17},"end":{"line":1243,"column":17}}]},"100":{"line":1262,"type":"if","locations":[{"start":{"line":1262,"column":13},"end":{"line":1262,"column":13}},{"start":{"line":1262,"column":13},"end":{"line":1262,"column":13}}]},"101":{"line":1285,"type":"if","locations":[{"start":{"line":1285,"column":13},"end":{"line":1285,"column":13}},{"start":{"line":1285,"column":13},"end":{"line":1285,"column":13}}]},"102":{"line":1285,"type":"binary-expr","locations":[{"start":{"line":1285,"column":13},"end":{"line":1285,"column":13}},{"start":{"line":1285,"column":28},"end":{"line":1285,"column":13}},{"start":{"line":1285,"column":43},"end":{"line":1285,"column":8}}]},"103":{"line":1297,"type":"if","locations":[{"start":{"line":1297,"column":13},"end":{"line":1297,"column":13}},{"start":{"line":1297,"column":13},"end":{"line":1297,"column":13}}]},"104":{"line":1305,"type":"if","locations":[{"start":{"line":1305,"column":13},"end":{"line":1305,"column":13}},{"start":{"line":1305,"column":13},"end":{"line":1305,"column":13}}]},"105":{"line":1310,"type":"if","locations":[{"start":{"line":1310,"column":13},"end":{"line":1310,"column":13}},{"start":{"line":1310,"column":13},"end":{"line":1310,"column":13}}]}}},"/Library/WebServer/Documents/flounder/src/core/search.js":{"path":"/Library/WebServer/Documents/flounder/src/core/search.js","s":{"1":1,"2":1,"3":1,"4":2,"5":7,"6":7,"7":7,"8":7,"9":7,"10":7,"11":1,"12":2,"13":2,"14":2,"15":0,"16":2,"17":1,"18":47,"19":0,"20":1,"21":1,"22":1,"23":41,"24":39,"25":39,"26":39,"27":20,"28":19,"29":8,"30":11,"31":2,"32":1,"33":47,"34":47,"35":47,"36":47,"37":47,"38":47,"39":47,"40":1,"41":219,"42":35,"43":35,"44":35,"45":35,"46":35,"47":35,"48":35,"49":35,"50":35,"51":35,"52":35,"53":35,"54":35,"55":35,"56":35,"57":35,"58":280,"59":35,"60":70,"61":35,"62":35,"63":35,"64":13,"65":13,"66":13,"67":13,"68":10,"69":10,"70":10,"71":10,"72":3,"73":10,"74":10,"75":10,"76":72,"77":72,"78":72,"79":70,"80":70,"81":1,"82":71,"83":284,"84":284,"85":284,"86":218,"87":218,"88":218,"89":218,"90":143,"91":143,"92":75,"93":72,"94":82,"95":3,"96":218,"97":73,"98":145,"99":144,"100":284,"101":1,"102":1},"b":{"1":[7,7],"2":[7,0],"3":[2,0],"4":[0,2],"5":[0,47],"6":[39,2],"7":[41,41,41,39],"8":[20,19],"9":[8,11],"10":[35,31],"11":[4,31],"12":[4,31],"13":[11,24],"14":[1,12],"15":[13,12],"16":[9,4],"17":[10,3],"18":[70,2],"19":[1,69],"20":[218,66],"21":[143,75],"22":[143,96],"23":[72,3],"24":[23,59],"25":[3,3],"26":[73,145],"27":[218,73],"28":[144,1]},"f":{"1":1,"2":2,"3":2,"4":47,"5":1,"6":41,"7":47,"8":219,"9":35,"10":280,"11":70,"12":35,"13":13,"14":72,"15":284,"16":218,"17":82},"fnMap":{"1":{"name":"(anonymous_1)","line":0,"loc":{"start":{"line":0,"column":0},"end":{"line":0,"column":0}},"skip":true},"2":{"name":"defineProperties","line":0,"loc":{"start":{"line":0,"column":0},"end":{"line":0,"column":0}},"skip":true},"3":{"name":"(anonymous_3)","line":0,"loc":{"start":{"line":0,"column":0},"end":{"line":0,"column":0}},"skip":true},"4":{"name":"_classCallCheck","line":0,"loc":{"start":{"line":0,"column":0},"end":{"line":0,"column":0}},"skip":true},"5":{"name":"(anonymous_5)","line":0,"loc":{"start":{"line":0,"column":0},"end":{"line":0,"column":0}},"skip":true},"6":{"name":"compareScoreCards","line":76,"loc":{"start":{"line":76,"column":23},"end":{"line":77,"column":4}}},"7":{"name":"Sole","line":108,"loc":{"start":{"line":108,"column":17},"end":{"line":109,"column":4}}},"8":{"name":"escapeRegExp","line":131,"loc":{"start":{"line":131,"column":18},"end":{"line":132,"column":4}}},"9":{"name":"getResultWeights","line":147,"loc":{"start":{"line":147,"column":22},"end":{"line":148,"column":4}}},"10":{"name":"(anonymous_10)","line":168,"loc":{"start":{"line":168,"column":42},"end":{"line":169,"column":8}}},"11":{"name":"(anonymous_11)","line":173,"loc":{"start":{"line":173,"column":47},"end":{"line":174,"column":8}}},"12":{"name":"isItemAboveMinimum","line":191,"loc":{"start":{"line":191,"column":24},"end":{"line":192,"column":4}}},"13":{"name":"isThereAnythingRelatedTo","line":209,"loc":{"start":{"line":209,"column":4},"end":{"line":209,"column":4}}},"14":{"name":"startsWith","line":246,"loc":{"start":{"line":246,"column":16},"end":{"line":247,"column":4}}},"15":{"name":"scoreThis","line":279,"loc":{"start":{"line":279,"column":15},"end":{"line":280,"column":4}}},"16":{"name":"(anonymous_16)","line":285,"loc":{"start":{"line":285,"column":32},"end":{"line":286,"column":12}}},"17":{"name":"(anonymous_17)","line":297,"loc":{"start":{"line":297,"column":36},"end":{"line":298,"column":20}}}},"statementMap":{"1":{"start":{"line":0,"column":0},"end":{"line":0,"column":0},"skip":true},"2":{"start":{"line":0,"column":0},"end":{"line":0,"column":0},"skip":true},"3":{"start":{"line":0,"column":0},"end":{"line":0,"column":0},"skip":true},"4":{"start":{"line":0,"column":0},"end":{"line":0,"column":0},"skip":true},"5":{"start":{"line":0,"column":0},"end":{"line":0,"column":0},"skip":true},"6":{"start":{"line":0,"column":0},"end":{"line":0,"column":0},"skip":true},"7":{"start":{"line":0,"column":0},"end":{"line":0,"column":0},"skip":true},"8":{"start":{"line":0,"column":0},"end":{"line":0,"column":0},"skip":true},"9":{"start":{"line":0,"column":0},"end":{"line":0,"column":0},"skip":true},"10":{"start":{"line":0,"column":0},"end":{"line":0,"column":0},"skip":true},"11":{"start":{"line":0,"column":0},"end":{"line":0,"column":0},"skip":true},"12":{"start":{"line":0,"column":0},"end":{"line":0,"column":0},"skip":true},"13":{"start":{"line":0,"column":0},"end":{"line":0,"column":0},"skip":true},"14":{"start":{"line":0,"column":0},"end":{"line":0,"column":0},"skip":true},"15":{"start":{"line":0,"column":0},"end":{"line":0,"column":0},"skip":true},"16":{"start":{"line":0,"column":0},"end":{"line":0,"column":0},"skip":true},"17":{"start":{"line":0,"column":0},"end":{"line":0,"column":0},"skip":true},"18":{"start":{"line":0,"column":0},"end":{"line":0,"column":0},"skip":true},"19":{"start":{"line":0,"column":0},"end":{"line":0,"column":0},"skip":true},"20":{"start":{"line":6,"column":7},"end":{"line":null,"column":null}},"21":{"start":{"line":64,"column":13},"end":{"line":null,"column":null}},"22":{"start":{"line":0,"column":0},"end":{"line":0,"column":0},"skip":true},"23":{"start":{"line":78,"column":13},"end":{"line":null,"column":null}},"24":{"start":{"line":80,"column":16},"end":{"line":null,"column":null}},"25":{"start":{"line":81,"column":16},"end":{"line":null,"column":null}},"26":{"start":{"line":83,"column":17},"end":{"line":null,"column":null}},"27":{"start":{"line":85,"column":23},"end":{"line":null,"column":null}},"28":{"start":{"line":87,"column":17},"end":{"line":null,"column":null}},"29":{"start":{"line":89,"column":23},"end":{"line":null,"column":null}},"30":{"start":{"line":92,"column":19},"end":{"line":null,"column":null}},"31":{"start":{"line":95,"column":15},"end":{"line":null,"column":null}},"32":{"start":{"line":108,"column":17},"end":{"line":null,"column":null}},"33":{"start":{"line":0,"column":0},"end":{"line":0,"column":0},"skip":true},"34":{"start":{"line":110,"column":13},"end":{"line":null,"column":null}},"35":{"start":{"line":112,"column":13},"end":{"line":null,"column":null}},"36":{"start":{"line":113,"column":13},"end":{"line":null,"column":null}},"37":{"start":{"line":115,"column":13},"end":{"line":null,"column":null}},"38":{"start":{"line":116,"column":13},"end":{"line":null,"column":null}},"39":{"start":{"line":118,"column":15},"end":{"line":null,"column":null}},"40":{"start":{"line":0,"column":0},"end":{"line":0,"column":0},"skip":true},"41":{"start":{"line":133,"column":15},"end":{"line":null,"column":null}},"42":{"start":{"line":0,"column":0},"end":{"line":0,"column":0},"skip":true},"43":{"start":{"line":149,"column":12},"end":{"line":null,"column":null}},"44":{"start":{"line":150,"column":12},"end":{"line":null,"column":null}},"45":{"start":{"line":151,"column":12},"end":{"line":null,"column":null}},"46":{"start":{"line":152,"column":12},"end":{"line":null,"column":null}},"47":{"start":{"line":153,"column":12},"end":{"line":null,"column":null}},"48":{"start":{"line":154,"column":12},"end":{"line":null,"column":null}},"49":{"start":{"line":156,"column":15},"end":{"line":null,"column":null}},"50":{"start":{"line":157,"column":15},"end":{"line":null,"column":null}},"51":{"start":{"line":158,"column":15},"end":{"line":null,"column":null}},"52":{"start":{"line":160,"column":15},"end":{"line":null,"column":null}},"53":{"start":{"line":161,"column":15},"end":{"line":null,"column":null}},"54":{"start":{"line":162,"column":15},"end":{"line":null,"column":null}},"55":{"start":{"line":164,"column":15},"end":{"line":null,"column":null}},"56":{"start":{"line":165,"column":15},"end":{"line":null,"column":null}},"57":{"start":{"line":168,"column":17},"end":{"line":null,"column":null}},"58":{"start":{"line":170,"column":21},"end":{"line":null,"column":null}},"59":{"start":{"line":173,"column":17},"end":{"line":null,"column":null}},"60":{"start":{"line":175,"column":21},"end":{"line":null,"column":null}},"61":{"start":{"line":178,"column":12},"end":{"line":null,"column":null}},"62":{"start":{"line":180,"column":15},"end":{"line":null,"column":null}},"63":{"start":{"line":193,"column":15},"end":{"line":null,"column":null}},"64":{"start":{"line":208,"column":30},"end":{"line":null,"column":null}},"65":{"start":{"line":210,"column":12},"end":{"line":null,"column":null}},"66":{"start":{"line":212,"column":16},"end":{"line":null,"column":null}},"67":{"start":{"line":214,"column":13},"end":{"line":null,"column":null}},"68":{"start":{"line":216,"column":17},"end":{"line":null,"column":null}},"69":{"start":{"line":218,"column":16},"end":{"line":null,"column":null}},"70":{"start":{"line":219,"column":30},"end":{"line":null,"column":null}},"71":{"start":{"line":221,"column":30},"end":{"line":null,"column":null}},"72":{"start":{"line":225,"column":19},"end":{"line":null,"column":null}},"73":{"start":{"line":228,"column":21},"end":{"line":null,"column":null}},"74":{"start":{"line":229,"column":23},"end":{"line":null,"column":null}},"75":{"start":{"line":231,"column":17},"end":{"line":null,"column":null}},"76":{"start":{"line":248,"column":12},"end":{"line":null,"column":null}},"77":{"start":{"line":249,"column":12},"end":{"line":null,"column":null}},"78":{"start":{"line":251,"column":13},"end":{"line":null,"column":null}},"79":{"start":{"line":253,"column":16},"end":{"line":null,"column":null}},"80":{"start":{"line":255,"column":17},"end":{"line":null,"column":null}},"81":{"start":{"line":257,"column":23},"end":{"line":null,"column":null}},"82":{"start":{"line":261,"column":15},"end":{"line":null,"column":null}},"83":{"start":{"line":0,"column":0},"end":{"line":0,"column":0},"skip":true},"84":{"start":{"line":281,"column":12},"end":{"line":null,"column":null}},"85":{"start":{"line":283,"column":13},"end":{"line":null,"column":null}},"86":{"start":{"line":285,"column":17},"end":{"line":null,"column":null}},"87":{"start":{"line":287,"column":28},"end":{"line":null,"column":null}},"88":{"start":{"line":288,"column":20},"end":{"line":null,"column":null}},"89":{"start":{"line":290,"column":21},"end":{"line":null,"column":null}},"90":{"start":{"line":292,"column":34},"end":{"line":null,"column":null}},"91":{"start":{"line":293,"column":34},"end":{"line":null,"column":null}},"92":{"start":{"line":295,"column":21},"end":{"line":null,"column":null}},"93":{"start":{"line":297,"column":27},"end":{"line":null,"column":null}},"94":{"start":{"line":299,"column":32},"end":{"line":null,"column":null}},"95":{"start":{"line":304,"column":28},"end":{"line":null,"column":null}},"96":{"start":{"line":307,"column":21},"end":{"line":null,"column":null}},"97":{"start":{"line":309,"column":29},"end":{"line":null,"column":null}},"98":{"start":{"line":311,"column":21},"end":{"line":null,"column":null}},"99":{"start":{"line":313,"column":28},"end":{"line":null,"column":null}},"100":{"start":{"line":318,"column":15},"end":{"line":null,"column":null}},"101":{"start":{"line":0,"column":0},"end":{"line":0,"column":0},"skip":true},"102":{"start":{"line":322,"column":15},"end":{"line":null,"column":null}}},"branchMap":{"1":{"line":0,"type":"binary-expr","locations":[{"start":{"line":0,"column":0},"end":{"line":0,"column":0},"skip":true},{"start":{"line":0,"column":0},"end":{"line":0,"column":0},"skip":true}]},"2":{"line":0,"type":"if","locations":[{"start":{"line":0,"column":0},"end":{"line":0,"column":0},"skip":true},{"start":{"line":0,"column":0},"end":{"line":0,"column":0},"skip":true}]},"3":{"line":0,"type":"if","locations":[{"start":{"line":0,"column":0},"end":{"line":0,"column":0},"skip":true},{"start":{"line":0,"column":0},"end":{"line":0,"column":0},"skip":true}]},"4":{"line":0,"type":"if","locations":[{"start":{"line":0,"column":0},"end":{"line":0,"column":0},"skip":true},{"start":{"line":0,"column":0},"end":{"line":0,"column":0},"skip":true}]},"5":{"line":0,"type":"if","locations":[{"start":{"line":0,"column":0},"end":{"line":0,"column":0},"skip":true},{"start":{"line":0,"column":0},"end":{"line":0,"column":0},"skip":true}]},"6":{"line":78,"type":"if","locations":[{"start":{"line":78,"column":13},"end":{"line":78,"column":13}},{"start":{"line":78,"column":13},"end":{"line":78,"column":13}}]},"7":{"line":78,"type":"binary-expr","locations":[{"start":{"line":78,"column":13},"end":{"line":78,"column":18}},{"start":{"line":78,"column":18},"end":{"line":78,"column":13}},{"start":{"line":78,"column":29},"end":{"line":78,"column":13}},{"start":{"line":78,"column":34},"end":{"line":78,"column":8}}]},"8":{"line":83,"type":"if","locations":[{"start":{"line":83,"column":17},"end":{"line":83,"column":17}},{"start":{"line":83,"column":17},"end":{"line":83,"column":17}}]},"9":{"line":87,"type":"if","locations":[{"start":{"line":87,"column":17},"end":{"line":87,"column":17}},{"start":{"line":87,"column":17},"end":{"line":87,"column":17}}]},"10":{"line":151,"type":"binary-expr","locations":[{"start":{"line":151,"column":34},"end":{"line":151,"column":34}},{"start":{"line":151,"column":46},"end":{"line":151,"column":8}}]},"11":{"line":164,"type":"cond-expr","locations":[{"start":{"line":164,"column":50},"end":{"line":164,"column":34}},{"start":{"line":164,"column":80},"end":{"line":164,"column":8}}]},"12":{"line":165,"type":"cond-expr","locations":[{"start":{"line":165,"column":50},"end":{"line":165,"column":34}},{"start":{"line":165,"column":84},"end":{"line":165,"column":8}}]},"13":{"line":193,"type":"cond-expr","locations":[{"start":{"line":193,"column":50},"end":{"line":193,"column":15}},{"start":{"line":193,"column":57},"end":{"line":193,"column":8}}]},"14":{"line":208,"type":"cond-expr","locations":[{"start":{"line":208,"column":38},"end":{"line":209,"column":4}},{"start":{"line":0,"column":0},"end":{"line":0,"column":0},"skip":true}]},"15":{"line":208,"type":"binary-expr","locations":[{"start":{"line":208,"column":38},"end":{"line":208,"column":38}},{"start":{"line":208,"column":38},"end":{"line":208,"column":38}}]},"16":{"line":212,"type":"cond-expr","locations":[{"start":{"line":212,"column":31},"end":{"line":212,"column":16}},{"start":{"line":212,"column":42},"end":{"line":212,"column":8}}]},"17":{"line":214,"type":"if","locations":[{"start":{"line":214,"column":13},"end":{"line":214,"column":13}},{"start":{"line":214,"column":13},"end":{"line":214,"column":13}}]},"18":{"line":251,"type":"if","locations":[{"start":{"line":251,"column":13},"end":{"line":251,"column":13}},{"start":{"line":251,"column":13},"end":{"line":251,"column":13}}]},"19":{"line":255,"type":"if","locations":[{"start":{"line":255,"column":17},"end":{"line":255,"column":17}},{"start":{"line":255,"column":17},"end":{"line":255,"column":17}}]},"20":{"line":283,"type":"if","locations":[{"start":{"line":283,"column":13},"end":{"line":283,"column":13}},{"start":{"line":283,"column":13},"end":{"line":283,"column":13}}]},"21":{"line":290,"type":"if","locations":[{"start":{"line":290,"column":21},"end":{"line":290,"column":21}},{"start":{"line":290,"column":21},"end":{"line":290,"column":21}}]},"22":{"line":293,"type":"binary-expr","locations":[{"start":{"line":293,"column":36},"end":{"line":293,"column":65}},{"start":{"line":293,"column":65},"end":{"line":293,"column":34}}]},"23":{"line":295,"type":"if","locations":[{"start":{"line":295,"column":21},"end":{"line":295,"column":21}},{"start":{"line":295,"column":21},"end":{"line":295,"column":21}}]},"24":{"line":299,"type":"cond-expr","locations":[{"start":{"line":299,"column":67},"end":{"line":299,"column":32}},{"start":{"line":299,"column":71},"end":{"line":299,"column":24}}]},"25":{"line":304,"type":"binary-expr","locations":[{"start":{"line":304,"column":28},"end":{"line":304,"column":51}},{"start":{"line":304,"column":51},"end":{"line":304,"column":20}}]},"26":{"line":307,"type":"if","locations":[{"start":{"line":307,"column":21},"end":{"line":307,"column":21}},{"start":{"line":307,"column":21},"end":{"line":307,"column":21}}]},"27":{"line":307,"type":"binary-expr","locations":[{"start":{"line":307,"column":21},"end":{"line":307,"column":30}},{"start":{"line":307,"column":30},"end":{"line":307,"column":16}}]},"28":{"line":311,"type":"if","locations":[{"start":{"line":311,"column":21},"end":{"line":311,"column":21}},{"start":{"line":311,"column":21},"end":{"line":311,"column":21}}]}}},"/Library/WebServer/Documents/flounder/src/core/keycodes.js":{"path":"/Library/WebServer/Documents/flounder/src/core/keycodes.js","s":{"1":1,"2":1,"3":1},"b":{},"f":{},"fnMap":{},"statementMap":{"1":{"start":{"line":0,"column":0},"end":{"line":0,"column":0},"skip":true},"2":{"start":{"line":1,"column":0},"end":{"line":null,"column":null}},"3":{"start":{"line":15,"column":15},"end":{"line":null,"column":null}}},"branchMap":{}},"/Library/WebServer/Documents/flounder/src/core/version.js":{"path":"/Library/WebServer/Documents/flounder/src/core/version.js","s":{"1":1},"b":{},"f":{},"fnMap":{},"statementMap":{"1":{"start":{"line":1,"column":0},"end":{"line":null,"column":null}}},"branchMap":{}}}