TN:
SF:/Users/conorcafferkey/flounder/src/core/flounder.js
FN:29,componentWillUnmount
FN:59,Flounder
FN:107,filterSearchResults
FN:122,(anonymous_13)
FN:127,(anonymous_14)
FN:132,(anonymous_15)
FN:172,fuzzySearch
FN:233,fuzzySearchReset
FN:237,(anonymous_18)
FN:242,(anonymous_19)
FN:262,init
FN:320,initializeOptions
FN:333,(anonymous_22)
FN:391,onRender
FN:419,sortData
FN:423,(anonymous_25)
FN:472,(anonymous_26)
FN:484,(anonymous_27)
FN:495,get
FN:502,get
FNF:20
FNH:20
FNDA:57,componentWillUnmount
FNDA:252,Flounder
FNDA:8,filterSearchResults
FNDA:21,(anonymous_13)
FNDA:6,(anonymous_14)
FNDA:6,(anonymous_15)
FNDA:11,fuzzySearch
FNDA:14,fuzzySearchReset
FNDA:3,(anonymous_18)
FNDA:53,(anonymous_19)
FNDA:250,init
FNDA:251,initializeOptions
FNDA:1,(anonymous_22)
FNDA:252,onRender
FNDA:290,sortData
FNDA:436,(anonymous_25)
FNDA:3,(anonymous_26)
FNDA:105,(anonymous_27)
FNDA:1,get
FNDA:1,get
DA:3,1
DA:4,1
DA:5,1
DA:6,1
DA:7,1
DA:8,1
DA:9,1
DA:10,1
DA:12,1
DA:19,1
DA:31,57
DA:32,57
DA:36,1
DA:40,57
DA:42,57
DA:44,8
DA:59,1
DA:61,252
DA:63,1
DA:67,251
DA:69,5
DA:72,251
DA:75,5
DA:77,3
DA:80,2
DA:82,1
DA:85,4
DA:88,250
DA:90,46
DA:93,250
DA:109,8
DA:111,8
DA:113,8
DA:116,8
DA:118,6
DA:119,6
DA:120,6
DA:122,6
DA:124,21
DA:127,6
DA:129,6
DA:132,6
DA:134,6
DA:136,6
DA:138,2
DA:143,6
DA:145,5
DA:147,1
DA:151,4
DA:157,2
DA:174,11
DA:177,11
DA:178,11
DA:182,1
DA:185,11
DA:187,10
DA:189,10
DA:191,10
DA:194,6
DA:197,2
DA:200,2
DA:202,1
DA:207,4
DA:210,4
DA:213,2
DA:214,2
DA:215,2
DA:220,1
DA:234,14
DA:235,14
DA:237,14
DA:239,3
DA:242,14
DA:244,53
DA:247,14
DA:248,14
DA:264,250
DA:266,250
DA:267,250
DA:269,250
DA:271,250
DA:273,57
DA:277,250
DA:278,250
DA:282,1
DA:285,250
DA:287,250
DA:289,250
DA:290,250
DA:291,250
DA:292,250
DA:295,250
DA:296,250
DA:300,1
DA:303,250
DA:305,250
DA:307,250
DA:321,251
DA:323,251
DA:326,6275
DA:328,1
DA:330,1
DA:333,1
DA:335,1
DA:337,1
DA:340,6274
DA:342,251
DA:343,251
DA:344,251
DA:347,251
DA:349,8032
DA:354,6023
DA:356,251
DA:362,5772
DA:367,251
DA:369,251
DA:371,1
DA:374,251
DA:376,30
DA:377,30
DA:378,30
DA:392,252
DA:393,252
DA:395,252
DA:397,1
DA:398,1
DA:399,1
DA:400,1
DA:403,252
DA:419,290
DA:421,290
DA:423,290
DA:425,436
DA:427,14
DA:433,422
DA:435,357
DA:443,65
DA:446,422
DA:448,13
DA:451,422
DA:457,290
DA:472,1
DA:474,3
DA:476,1
DA:478,2
DA:480,1
DA:483,3
DA:484,105
DA:494,1
DA:501,1
DA:508,1
DA:510,1
LF:152
LH:152
BRDA:42,13,0,8
BRDA:42,13,1,49
BRDA:61,14,0,1
BRDA:61,14,1,251
BRDA:67,15,0,5
BRDA:67,15,1,246
BRDA:72,16,0,5
BRDA:72,16,1,246
BRDA:72,17,0,251
BRDA:72,17,1,242
BRDA:72,17,2,13
BRDA:75,18,0,3
BRDA:75,18,1,2
BRDA:80,19,0,1
BRDA:80,19,1,1
BRDA:88,20,0,46
BRDA:88,20,1,204
BRDA:113,21,0,8
BRDA:113,21,1,2
BRDA:116,22,0,6
BRDA:116,22,1,2
BRDA:136,23,0,2
BRDA:136,23,1,4
BRDA:143,24,0,5
BRDA:143,24,1,1
BRDA:145,25,0,1
BRDA:145,25,1,4
BRDA:174,26,0,11
BRDA:174,26,1,7
BRDA:185,27,0,10
BRDA:185,27,1,1
BRDA:191,28,0,6
BRDA:191,28,1,4
BRDA:191,29,0,10
BRDA:191,29,1,9
BRDA:191,29,2,8
BRDA:191,29,3,7
BRDA:194,30,0,2
BRDA:194,30,1,4
BRDA:194,31,0,6
BRDA:194,31,1,3
BRDA:194,31,2,2
BRDA:200,32,0,1
BRDA:200,32,1,1
BRDA:210,33,0,2
BRDA:210,33,1,2
BRDA:210,34,0,4
BRDA:210,34,1,3
BRDA:271,35,0,57
BRDA:271,35,1,193
BRDA:321,36,0,251
BRDA:321,36,1,114
BRDA:326,37,0,1
BRDA:326,37,1,6274
BRDA:326,38,0,6275
BRDA:326,38,1,251
BRDA:340,39,0,251
BRDA:340,39,1,6023
BRDA:345,40,0,4
BRDA:345,40,1,247
BRDA:350,41,0,2
BRDA:350,41,1,8030
BRDA:354,42,0,251
BRDA:354,42,1,5772
BRDA:357,43,0,113
BRDA:357,43,1,138
BRDA:356,44,0,251
BRDA:356,44,1,114
BRDA:362,45,0,102
BRDA:362,45,1,5670
BRDA:369,46,0,1
BRDA:369,46,1,250
BRDA:374,47,0,30
BRDA:374,47,1,221
BRDA:395,48,0,1
BRDA:395,48,1,251
BRDA:395,49,0,252
BRDA:395,49,1,1
BRDA:419,50,0,14
BRDA:419,50,1,276
BRDA:419,51,0,290
BRDA:419,51,1,14
BRDA:419,52,0,14
BRDA:419,52,1,276
BRDA:419,53,0,290
BRDA:419,53,1,14
BRDA:419,54,0,14
BRDA:419,54,1,276
BRDA:419,55,0,290
BRDA:419,55,1,14
BRDA:425,56,0,14
BRDA:425,56,1,422
BRDA:433,57,0,357
BRDA:433,57,1,65
BRDA:433,58,0,0
BRDA:433,58,1,422
BRDA:446,59,0,13
BRDA:446,59,1,409
BRDA:474,60,0,1
BRDA:474,60,1,2
BRDA:478,61,0,1
BRDA:478,61,1,1
BRF:102
BRH:102
end_of_record
TN:
SF:/Users/conorcafferkey/flounder/src/core/defaults.js
FN:18,onChange
FN:19,onClose
FN:20,onComponentDidMount
FN:21,onComponentWillUnmount
FN:22,onFirstTouch
FN:23,onInit
FN:24,onInputChange
FN:25,onOpen
FN:50,setDefaultOption
FN:63,setIndexDefault
FN:90,setPlaceholderDefault
FN:139,setValueDefault
FN:144,(anonymous_14)
FN:174,checkDefaultPriority
FNF:14
FNH:14
FNDA:9,onChange
FNDA:9,onClose
FNDA:249,onComponentDidMount
FNDA:55,onComponentWillUnmount
FNDA:24,onFirstTouch
FNDA:249,onInit
FNDA:10,onInputChange
FNDA:8,onOpen
FNDA:261,setDefaultOption
FNDA:72,setIndexDefault
FNDA:187,setPlaceholderDefault
FNDA:6,setValueDefault
FNDA:16,(anonymous_14)
FNDA:261,checkDefaultPriority
DA:1,1
DA:2,1
DA:4,1
DA:34,1
DA:50,261
DA:63,1
DA:65,72
DA:67,72
DA:69,72
DA:71,71
DA:73,71
DA:76,1
DA:90,1
DA:92,187
DA:93,187
DA:94,187
DA:95,187
DA:97,187
DA:105,187
DA:107,3
DA:110,3
DA:116,3
DA:118,3
DA:119,3
DA:122,187
DA:124,187
DA:139,1
DA:141,6
DA:142,6
DA:144,6
DA:146,16
DA:148,16
DA:150,3
DA:154,6
DA:156,6
DA:158,3
DA:160,3
DA:163,3
DA:174,1
DA:176,261
DA:178,261
DA:182,44
DA:186,261
DA:188,1
DA:191,261
DA:193,261
DA:195,187
DA:198,74
DA:200,74
DA:202,3
DA:203,3
DA:205,3
DA:207,1
DA:212,73
DA:213,73
DA:215,73
DA:217,73
DA:220,261
DA:222,261
DA:226,1
DA:228,1
LF:61
LH:61
BRDA:50,3,0,260
BRDA:50,3,1,1
BRDA:50,4,0,261
BRDA:50,4,1,260
BRDA:50,5,0,4
BRDA:50,5,1,257
BRDA:50,6,0,261
BRDA:50,6,1,4
BRDA:65,7,0,68
BRDA:65,7,1,4
BRDA:65,8,0,72
BRDA:65,8,1,72
BRDA:69,9,0,71
BRDA:69,9,1,1
BRDA:98,10,0,52
BRDA:98,10,1,135
BRDA:98,11,0,187
BRDA:98,11,1,136
BRDA:105,12,0,3
BRDA:105,12,1,184
BRDA:107,13,0,2
BRDA:107,13,1,1
BRDA:141,14,0,6
BRDA:141,14,1,3
BRDA:148,15,0,3
BRDA:148,15,1,13
BRDA:154,16,0,3
BRDA:154,16,1,3
BRDA:156,17,0,3
BRDA:156,17,1,3
BRDA:178,18,0,44
BRDA:178,18,1,217
BRDA:178,19,0,261
BRDA:178,19,1,231
BRDA:178,19,2,45
BRDA:178,19,3,45
BRDA:182,20,0,44
BRDA:182,20,1,35
BRDA:186,21,0,1
BRDA:186,21,1,260
BRDA:193,22,0,187
BRDA:193,22,1,74
BRDA:193,23,0,261
BRDA:193,23,1,210
BRDA:193,23,2,209
BRDA:200,24,0,3
BRDA:200,24,1,71
BRDA:205,25,0,1
BRDA:205,25,1,2
BRDA:212,26,0,4
BRDA:212,26,1,69
BRDA:213,27,0,3
BRDA:213,27,1,70
BRDA:213,28,0,73
BRDA:213,28,1,70
BRDA:215,29,0,68
BRDA:215,29,1,5
BRDA:220,30,0,261
BRDA:220,30,1,7
BRDA:220,30,2,1
BRF:60
BRH:60
end_of_record
TN:
SF:/Users/conorcafferkey/flounder/src/core/utils.js
FN:15,addClass
FN:19,(anonymous_3)
FN:54,attachAttributes
FN:84,constructElement
FN:104,extendClass
FN:117,merge
FN:144,escapeHTML
FN:165,getElWidth
FN:202,hasClass
FN:225,iosVersion
FN:257,removeAllChildren
FN:259,(anonymous_13)
FN:276,removeClass
FN:280,(anonymous_15)
FN:323,scrollTo
FN:359,setPlatform
FN:383,toggleClass
FNF:17
FNH:17
FNDA:171,addClass
FNDA:8,(anonymous_3)
FNDA:3170,attachAttributes
FNDA:3166,constructElement
FNDA:4,extendClass
FNDA:8,merge
FNDA:1058,escapeHTML
FNDA:3,getElWidth
FNDA:653,hasClass
FNDA:261,iosVersion
FNDA:10,removeAllChildren
FNDA:30,(anonymous_13)
FNDA:227,removeClass
FNDA:5,(anonymous_15)
FNDA:11,scrollTo
FNDA:256,setPlatform
FNDA:47,toggleClass
DA:2,1
DA:4,1
DA:17,171
DA:19,3
DA:21,8
DA:24,3
DA:27,168
DA:28,168
DA:30,168
DA:33,168
DA:37,137
DA:40,168
DA:56,3170
DA:58,3169
DA:60,6948
DA:62,1035
DA:66,5913
DA:72,1
DA:86,3166
DA:88,3166
DA:90,3166
DA:104,4
DA:105,8
DA:106,4
DA:117,1
DA:119,8
DA:121,81
DA:125,4
DA:127,8
DA:128,8
DA:131,4
DA:146,1058
DA:165,3
DA:167,3
DA:169,3
DA:171,2
DA:174,1
DA:175,1
DA:179,1
DA:184,1
DA:187,2
DA:204,653
DA:205,653
DA:207,653
DA:224,261
DA:226,261
DA:228,5
DA:230,1
DA:232,4
DA:234,1
DA:236,3
DA:238,1
DA:241,2
DA:244,256
DA:259,10
DA:261,30
DA:278,227
DA:280,2
DA:282,5
DA:285,2
DA:288,225
DA:289,225
DA:290,225
DA:292,225
DA:294,3
DA:296,222
DA:298,2
DA:300,220
DA:303,74
DA:305,146
DA:307,24
DA:310,225
DA:325,11
DA:327,10
DA:328,10
DA:329,10
DA:330,10
DA:331,10
DA:333,10
DA:335,1
DA:337,9
DA:339,1
DA:344,1
DA:358,256
DA:360,256
DA:361,256
DA:362,256
DA:363,256
DA:365,256
DA:385,47
DA:387,5
DA:391,42
DA:396,1
DA:398,1
LF:94
LH:94
BRDA:17,3,0,3
BRDA:17,3,1,168
BRDA:17,4,0,171
BRDA:17,4,1,3
BRDA:33,5,0,137
BRDA:33,5,1,31
BRDA:33,6,0,168
BRDA:33,6,1,137
BRDA:33,6,2,137
BRDA:56,7,0,3169
BRDA:56,7,1,1
BRDA:60,8,0,1035
BRDA:60,8,1,5913
BRDA:86,9,0,3166
BRDA:86,9,1,2322
BRDA:165,10,0,1
BRDA:165,10,1,2
BRDA:165,11,0,3
BRDA:165,11,1,1
BRDA:169,12,0,2
BRDA:169,12,1,1
BRDA:169,13,0,3
BRDA:169,13,1,2
BRDA:171,14,0,1
BRDA:171,14,1,1
BRDA:171,15,0,2
BRDA:171,15,1,1
BRDA:224,16,0,260
BRDA:224,16,1,1
BRDA:224,17,0,261
BRDA:224,17,1,260
BRDA:226,18,0,5
BRDA:226,18,1,256
BRDA:228,19,0,1
BRDA:228,19,1,4
BRDA:232,20,0,1
BRDA:232,20,1,3
BRDA:236,21,0,1
BRDA:236,21,1,2
BRDA:278,22,0,2
BRDA:278,22,1,225
BRDA:278,23,0,227
BRDA:278,23,1,2
BRDA:292,24,0,3
BRDA:292,24,1,222
BRDA:296,25,0,2
BRDA:296,25,1,220
BRDA:300,26,0,74
BRDA:300,26,1,146
BRDA:305,27,0,24
BRDA:305,27,1,122
BRDA:325,28,0,10
BRDA:325,28,1,1
BRDA:333,29,0,1
BRDA:333,29,1,9
BRDA:337,30,0,1
BRDA:337,30,1,8
BRDA:358,31,0,6
BRDA:358,31,1,250
BRDA:358,32,0,256
BRDA:358,32,1,6
BRDA:363,33,0,2
BRDA:363,33,1,254
BRDA:385,34,0,5
BRDA:385,34,1,42
BRF:65
BRH:65
end_of_record
TN:
SF:/Users/conorcafferkey/flounder/src/core/classes.js
FNF:0
FNH:0
DA:1,1
DA:36,1
LF:2
LH:2
BRF:0
BRH:0
end_of_record
TN:
SF:/Users/conorcafferkey/flounder/src/core/api.js
FN:20,buildFromUrl
FN:22,(anonymous_6)
FN:50,clickByIndex
FN:69,clickByText
FN:88,clickByValue
FN:102,destroy
FN:169,deselectAll
FN:183,(anonymous_12)
FN:216,disable
FN:252,disableByIndex
FN:260,(anonymous_15)
FN:307,disableByText
FN:312,(anonymous_17)
FN:319,(anonymous_18)
FN:345,disableByValue
FN:350,(anonymous_20)
FN:355,(anonymous_21)
FN:358,(anonymous_22)
FN:375,enableByIndex
FN:390,enableByText
FN:405,enableByValue
FN:420,getData
FN:433,(anonymous_27)
FN:440,(anonymous_28)
FN:458,getSelected
FN:464,(anonymous_30)
FN:484,getSelectedValues
FN:485,(anonymous_32)
FN:499,loadDataFromUrl
FN:503,(anonymous_34)
FN:518,(anonymous_35)
FN:548,rebuild
FN:597,setByIndex
FN:605,(anonymous_38)
FN:646,setByText
FN:652,(anonymous_40)
FN:658,(anonymous_41)
FN:685,setByValue
FN:691,(anonymous_43)
FN:694,(anonymous_44)
FN:697,(anonymous_45)
FNF:41
FNH:41
FNDA:2,buildFromUrl
FNDA:2,(anonymous_6)
FNDA:3,clickByIndex
FNDA:1,clickByText
FNDA:1,clickByValue
FNDA:53,destroy
FNDA:23,deselectAll
FNDA:2,(anonymous_12)
FNDA:2,disable
FNDA:15,disableByIndex
FNDA:2,(anonymous_15)
FNDA:6,disableByText
FNDA:3,(anonymous_17)
FNDA:12,(anonymous_18)
FNDA:6,disableByValue
FNDA:3,(anonymous_20)
FNDA:12,(anonymous_21)
FNDA:12,(anonymous_22)
FNDA:1,enableByIndex
FNDA:1,enableByText
FNDA:1,enableByValue
FNDA:9,getData
FNDA:2,(anonymous_27)
FNDA:3,(anonymous_28)
FNDA:254,getSelected
FNDA:976,(anonymous_30)
FNDA:64,getSelectedValues
FNDA:40,(anonymous_32)
FNDA:4,loadDataFromUrl
FNDA:4,(anonymous_34)
FNDA:1,(anonymous_35)
FNDA:6,rebuild
FNDA:107,setByIndex
FNDA:16,(anonymous_38)
FNDA:5,setByText
FNDA:3,(anonymous_40)
FNDA:16,(anonymous_41)
FNDA:7,setByValue
FNDA:3,(anonymous_43)
FNDA:21,(anonymous_44)
FNDA:21,(anonymous_45)
DA:3,1
DA:4,1
DA:6,1
DA:8,1
DA:22,2
DA:24,2
DA:26,2
DA:28,1
DA:31,2
DA:34,2
DA:52,3
DA:71,1
DA:90,1
DA:103,53
DA:105,53
DA:106,53
DA:107,53
DA:108,53
DA:110,53
DA:112,9
DA:114,9
DA:116,7
DA:118,7
DA:121,1
DA:126,2
DA:130,9
DA:131,9
DA:132,9
DA:133,8
DA:134,8
DA:138,1
DA:144,44
DA:145,44
DA:146,44
DA:147,44
DA:151,1
DA:155,51
DA:171,23
DA:172,23
DA:174,23
DA:176,11
DA:178,11
DA:180,2
DA:183,2
DA:185,2
DA:187,2
DA:189,1
DA:190,1
DA:192,1
DA:196,1
DA:197,1
DA:201,2
DA:218,2
DA:219,2
DA:220,2
DA:221,2
DA:223,2
DA:225,1
DA:227,1
DA:228,1
DA:229,1
DA:233,1
DA:235,1
DA:236,1
DA:237,1
DA:254,15
DA:256,15
DA:258,1
DA:260,2
DA:263,14
DA:264,14
DA:266,14
DA:268,1
DA:269,1
DA:272,14
DA:274,14
DA:276,11
DA:277,11
DA:279,11
DA:281,3
DA:282,3
DA:286,8
DA:287,8
DA:290,11
DA:293,3
DA:309,6
DA:311,2
DA:312,3
DA:314,2
DA:317,4
DA:319,4
DA:321,12
DA:323,12
DA:325,3
DA:329,4
DA:331,4
DA:347,6
DA:349,2
DA:350,3
DA:352,2
DA:355,4
DA:357,12
DA:358,12
DA:360,4
DA:362,4
DA:377,1
DA:392,1
DA:407,1
DA:422,9
DA:424,9
DA:426,6
DA:431,3
DA:433,1
DA:435,2
DA:438,2
DA:440,1
DA:442,3
DA:446,1
DA:459,254
DA:460,254
DA:461,254
DA:462,254
DA:464,254
DA:466,976
DA:468,195
DA:472,254
DA:485,64
DA:501,4
DA:503,4
DA:505,4
DA:507,3
DA:509,3
DA:511,2
DA:516,1
DA:520,1
DA:521,1
DA:529,4
DA:550,6
DA:553,3
DA:556,3
DA:557,3
DA:558,3
DA:559,3
DA:561,3
DA:562,3
DA:564,3
DA:565,3
DA:566,3
DA:568,3
DA:570,3
DA:572,3
DA:574,3
DA:576,3
DA:578,3
DA:580,3
DA:597,107
DA:599,107
DA:601,107
DA:603,12
DA:605,16
DA:608,95
DA:609,95
DA:611,95
DA:613,3
DA:614,3
DA:617,95
DA:619,95
DA:621,93
DA:622,93
DA:624,93
DA:626,93
DA:629,2
DA:646,5
DA:648,5
DA:650,1
DA:652,3
DA:655,4
DA:656,4
DA:658,4
DA:660,16
DA:662,16
DA:664,4
DA:668,4
DA:685,7
DA:687,7
DA:689,1
DA:691,3
DA:694,6
DA:696,21
DA:697,21
DA:699,6
DA:703,1
LF:192
LH:192
BRDA:26,10,0,1
BRDA:26,10,1,1
BRDA:110,11,0,9
BRDA:110,11,1,44
BRDA:110,12,0,53
BRDA:110,12,1,51
BRDA:114,13,0,7
BRDA:114,13,1,2
BRDA:118,14,0,1
BRDA:118,14,1,6
BRDA:118,15,0,7
BRDA:118,15,1,1
BRDA:174,16,0,11
BRDA:174,16,1,12
BRDA:178,17,0,2
BRDA:178,17,1,9
BRDA:187,18,0,1
BRDA:187,18,1,1
BRDA:187,19,0,2
BRDA:187,19,1,2
BRDA:223,20,0,1
BRDA:223,20,1,1
BRDA:256,21,0,1
BRDA:256,21,1,14
BRDA:256,22,0,15
BRDA:256,22,1,15
BRDA:266,23,0,1
BRDA:266,23,1,13
BRDA:274,24,0,11
BRDA:274,24,1,3
BRDA:279,25,0,3
BRDA:279,25,1,8
BRDA:309,26,0,2
BRDA:309,26,1,4
BRDA:309,27,0,6
BRDA:309,27,1,2
BRDA:314,28,0,1
BRDA:314,28,1,1
BRDA:323,29,0,3
BRDA:323,29,1,9
BRDA:329,30,0,3
BRDA:329,30,1,1
BRDA:347,31,0,2
BRDA:347,31,1,4
BRDA:347,32,0,6
BRDA:347,32,1,3
BRDA:352,33,0,1
BRDA:352,33,1,1
BRDA:357,34,0,3
BRDA:357,34,1,9
BRDA:358,35,0,12
BRDA:358,35,1,10
BRDA:360,36,0,3
BRDA:360,36,1,1
BRDA:424,37,0,6
BRDA:424,37,1,3
BRDA:431,38,0,1
BRDA:431,38,1,2
BRDA:431,39,0,3
BRDA:431,39,1,2
BRDA:431,39,2,2
BRDA:438,40,0,1
BRDA:438,40,1,1
BRDA:466,41,0,195
BRDA:466,41,1,781
BRDA:466,42,0,976
BRDA:466,42,1,340
BRDA:505,43,0,3
BRDA:505,43,1,1
BRDA:509,44,0,2
BRDA:509,44,1,1
BRDA:550,45,0,3
BRDA:550,45,1,3
BRDA:550,46,0,6
BRDA:550,46,1,5
BRDA:550,46,2,5
BRDA:550,46,3,4
BRDA:550,46,4,3
BRDA:556,47,0,3
BRDA:556,47,1,1
BRDA:597,48,0,30
BRDA:597,48,1,77
BRDA:597,49,0,107
BRDA:597,49,1,30
BRDA:601,50,0,12
BRDA:601,50,1,95
BRDA:601,51,0,107
BRDA:601,51,1,107
BRDA:611,52,0,3
BRDA:611,52,1,92
BRDA:619,53,0,93
BRDA:619,53,1,2
BRDA:621,54,0,93
BRDA:621,54,1,18
BRDA:646,55,0,4
BRDA:646,55,1,1
BRDA:646,56,0,5
BRDA:646,56,1,4
BRDA:648,57,0,1
BRDA:648,57,1,4
BRDA:648,58,0,5
BRDA:648,58,1,2
BRDA:662,59,0,4
BRDA:662,59,1,12
BRDA:685,60,0,4
BRDA:685,60,1,3
BRDA:685,61,0,7
BRDA:685,61,1,4
BRDA:687,62,0,1
BRDA:687,62,1,6
BRDA:687,63,0,7
BRDA:687,63,1,3
BRDA:696,64,0,6
BRDA:696,64,1,15
BRDA:697,65,0,21
BRDA:697,65,1,21
BRF:116
BRH:116
end_of_record
TN:
SF:/Users/conorcafferkey/flounder/src/core/build.js
FN:21,addOptionDescription
FN:39,addSearch
FN:69,bindThis
FN:88,(anonymous_7)
FN:105,buildArrow
FN:140,buildData
FN:167,buildDiv
FN:216,buildOption
FN:273,(anonymous_12)
FN:301,(anonymous_13)
FN:349,buildDom
FN:411,(anonymous_15)
FN:474,buildMultiTag
FN:505,initSelectBox
FN:530,(anonymous_18)
FN:575,popInSelectElements
FN:579,(anonymous_20)
FN:596,popOutSelectElements
FN:603,(anonymous_22)
FN:609,(anonymous_23)
FN:626,reconfigure
FN:658,setTarget
FNF:22
FNH:22
FNDA:2,addOptionDescription
FNDA:252,addSearch
FNDA:250,bindThis
FNDA:4250,(anonymous_7)
FNDA:252,buildArrow
FNDA:253,buildData
FNDA:532,buildDiv
FNDA:532,buildOption
FNDA:533,(anonymous_12)
FNDA:6,(anonymous_13)
FNDA:250,buildDom
FNDA:1000,(anonymous_15)
FNDA:58,buildMultiTag
FNDA:250,initSelectBox
FNDA:4,(anonymous_18)
FNDA:8,popInSelectElements
FNDA:3,(anonymous_20)
FNDA:9,popOutSelectElements
FNDA:5,(anonymous_22)
FNDA:5,(anonymous_23)
FNDA:6,reconfigure
FNDA:253,setTarget
DA:3,1
DA:4,1
DA:6,1
DA:8,1
DA:23,2
DA:24,2
DA:25,2
DA:26,2
DA:41,252
DA:43,58
DA:44,58
DA:51,58
DA:53,58
DA:56,194
DA:71,250
DA:90,4250
DA:91,4250
DA:107,252
DA:109,1
DA:112,251
DA:113,251
DA:117,251
DA:121,251
DA:123,251
DA:142,253
DA:143,253
DA:144,253
DA:145,253
DA:146,253
DA:147,253
DA:148,253
DA:149,253
DA:150,253
DA:151,253
DA:152,253
DA:153,253
DA:154,253
DA:155,253
DA:167,1
DA:169,532
DA:171,532
DA:174,532
DA:179,532
DA:181,1788
DA:183,1255
DA:187,532
DA:188,532
DA:191,532
DA:193,1
DA:197,532
DA:200,532
DA:202,532
DA:216,1
DA:218,532
DA:220,532
DA:222,528
DA:223,528
DA:225,528
DA:231,528
DA:232,528
DA:234,528
DA:236,528
DA:238,1
DA:241,528
DA:245,4
DA:246,4
DA:247,4
DA:249,4
DA:251,2
DA:254,4
DA:257,532
DA:259,253
DA:263,532
DA:265,1
DA:268,532
DA:273,253
DA:276,533
DA:278,334
DA:284,533
DA:286,7
DA:291,7
DA:296,7
DA:297,7
DA:298,7
DA:300,7
DA:301,7
DA:304,6
DA:306,1
DA:312,6
DA:313,6
DA:314,6
DA:320,7
DA:322,2
DA:325,7
DA:330,526
DA:331,526
DA:332,526
DA:337,253
DA:350,250
DA:351,250
DA:352,250
DA:354,250
DA:356,250
DA:360,250
DA:362,250
DA:366,250
DA:370,250
DA:371,250
DA:372,250
DA:374,250
DA:375,250
DA:377,250
DA:379,250
DA:380,250
DA:382,250
DA:388,250
DA:392,250
DA:396,250
DA:400,250
DA:401,250
DA:403,250
DA:405,44
DA:406,44
DA:409,250
DA:411,250
DA:413,1000
DA:415,780
DA:419,250
DA:421,250
DA:424,250
DA:425,250
DA:426,250
DA:428,250
DA:430,250
DA:445,250
DA:447,30
DA:449,30
DA:451,29
DA:455,1
DA:460,220
DA:476,58
DA:477,58
DA:478,58
DA:479,58
DA:480,58
DA:481,58
DA:483,58
DA:484,58
DA:485,58
DA:487,58
DA:489,58
DA:491,58
DA:507,250
DA:508,250
DA:509,250
DA:510,250
DA:512,250
DA:514,9
DA:515,9
DA:517,9
DA:519,9
DA:521,8
DA:524,9
DA:526,1
DA:527,1
DA:528,1
DA:530,1
DA:532,4
DA:533,4
DA:539,1
DA:541,1
DA:543,8
DA:545,1
DA:548,9
DA:549,9
DA:553,241
DA:558,241
DA:561,250
DA:577,8
DA:579,8
DA:581,3
DA:598,9
DA:600,9
DA:601,9
DA:603,9
DA:605,5
DA:606,5
DA:609,9
DA:611,5
DA:628,6
DA:631,2
DA:632,2
DA:634,4
DA:636,2
DA:637,2
DA:641,2
DA:642,2
DA:645,6
DA:660,253
DA:663,253
DA:664,253
DA:666,253
DA:668,3
DA:669,3
DA:670,3
DA:671,3
DA:672,3
DA:675,253
DA:679,1
LF:209
LH:209
BRDA:41,7,0,58
BRDA:41,7,1,194
BRDA:107,8,0,1
BRDA:107,8,1,251
BRDA:172,9,0,253
BRDA:172,9,1,279
BRDA:181,10,0,1255
BRDA:181,10,1,533
BRDA:181,11,0,1788
BRDA:181,11,1,1256
BRDA:188,12,0,4
BRDA:188,12,1,528
BRDA:191,13,0,1
BRDA:191,13,1,531
BRDA:198,14,0,185
BRDA:198,14,1,347
BRDA:220,15,0,528
BRDA:220,15,1,4
BRDA:222,16,0,528
BRDA:222,16,1,343
BRDA:236,17,0,1
BRDA:236,17,1,527
BRDA:249,18,0,2
BRDA:249,18,1,2
BRDA:249,19,0,4
BRDA:249,19,1,2
BRDA:257,20,0,253
BRDA:257,20,1,279
BRDA:263,21,0,1
BRDA:263,21,1,531
BRDA:276,22,0,334
BRDA:276,22,1,199
BRDA:276,23,0,0
BRDA:276,23,1,533
BRDA:284,24,0,7
BRDA:284,24,1,526
BRDA:304,25,0,1
BRDA:304,25,1,5
BRDA:304,26,0,0
BRDA:304,26,1,6
BRDA:320,27,0,2
BRDA:320,27,1,5
BRDA:363,28,0,30
BRDA:363,28,1,220
BRDA:388,29,0,30
BRDA:388,29,1,220
BRDA:403,30,0,44
BRDA:403,30,1,206
BRDA:413,31,0,780
BRDA:413,31,1,220
BRDA:420,32,0,30
BRDA:420,32,1,220
BRDA:445,33,0,30
BRDA:445,33,1,220
BRDA:449,34,0,29
BRDA:449,34,1,1
BRDA:512,35,0,9
BRDA:512,35,1,241
BRDA:519,36,0,8
BRDA:519,36,1,1
BRDA:524,37,0,1
BRDA:524,37,1,8
BRDA:524,38,0,9
BRDA:524,38,1,2
BRDA:543,39,0,1
BRDA:543,39,1,7
BRDA:628,40,0,2
BRDA:628,40,1,4
BRDA:628,41,0,6
BRDA:628,41,1,4
BRDA:628,41,2,4
BRDA:631,42,0,2
BRDA:631,42,1,1
BRDA:634,43,0,2
BRDA:634,43,1,2
BRDA:634,44,0,4
BRDA:634,44,1,3
BRDA:634,45,0,1
BRDA:634,45,1,2
BRDA:637,46,0,2
BRDA:637,46,1,1
BRDA:641,47,0,2
BRDA:641,47,1,1
BRDA:642,48,0,2
BRDA:642,48,1,1
BRDA:660,49,0,252
BRDA:660,49,1,1
BRDA:666,50,0,3
BRDA:666,50,1,250
BRF:89
BRH:89
end_of_record
TN:
SF:/Users/conorcafferkey/flounder/src/core/events.js
FN:18,addFirstTouchListeners
FN:40,addHoverClass
FN:55,addListeners
FN:96,addMultipleTags
FN:98,(anonymous_6)
FN:113,(anonymous_7)
FN:131,addOptionsListeners
FN:132,(anonymous_9)
FN:153,addNoMoreOptionsMessage
FN:177,addNoResultsMessage
FN:202,addPlaceholder
FN:251,addSearchListeners
FN:277,addSelectKeyListener
FN:311,catchBodyClick
FN:331,checkClickTarget
FN:366,checkEnterOnSearch
FN:376,(anonymous_18)
FN:416,(anonymous_19)
FN:447,checkFlounderKeypress
FN:502,checkMultiTagKeydown
FN:519,focusSearch
FN:563,checkMultiTagKeydownNavigate
FN:595,checkMultiTagKeydownRemove
FN:625,clearPlaceholder
FN:640,clickSet
FN:667,displayMultipleTags
FN:671,(anonymous_28)
FN:702,displaySelected
FN:743,(anonymous_30)
FN:744,(anonymous_31)
FN:762,divertTarget
FN:810,firstTouchController
FN:842,removeHoverClass
FN:856,removeListeners
FN:890,removeMultiTag
FN:927,(anonymous_37)
FN:932,(anonymous_38)
FN:963,removeOptionsListeners
FN:964,(anonymous_40)
FN:986,removeNoMoreOptionsMessage
FN:1005,removeNoResultsMessage
FN:1025,removeSearchListeners
FN:1045,removeSelectedClass
FN:1050,(anonymous_45)
FN:1055,(anonymous_46)
FN:1071,removeSelectedValue
FN:1076,(anonymous_48)
FN:1091,removeSelectKeyListener
FN:1106,setKeypress
FN:1169,setKeypressElement
FN:1216,setSelectValue
FN:1271,setSelectValueButton
FN:1308,setSelectValueClick
FN:1359,toggleClosed
FN:1411,toggleList
FN:1448,toggleListSearchClick
FN:1470,toggleOpen
FN:1544,hideEmptySection
FNF:58
FNH:58
FNDA:254,addFirstTouchListeners
FNDA:1,addHoverClass
FNDA:254,addListeners
FNDA:38,addMultipleTags
FNDA:59,(anonymous_6)
FNDA:57,(anonymous_7)
FNDA:257,addOptionsListeners
FNDA:540,(anonymous_9)
FNDA:4,addNoMoreOptionsMessage
FNDA:2,addNoResultsMessage
FNDA:23,addPlaceholder
FNDA:58,addSearchListeners
FNDA:13,addSelectKeyListener
FNDA:8,catchBodyClick
FNDA:36,checkClickTarget
FNDA:7,checkEnterOnSearch
FNDA:7,(anonymous_18)
FNDA:1,(anonymous_19)
FNDA:8,checkFlounderKeypress
FNDA:6,checkMultiTagKeydown
FNDA:1,focusSearch
FNDA:4,checkMultiTagKeydownNavigate
FNDA:3,checkMultiTagKeydownRemove
FNDA:8,clearPlaceholder
FNDA:59,clickSet
FNDA:45,displayMultipleTags
FNDA:17,(anonymous_28)
FNDA:66,displaySelected
FNDA:54,(anonymous_30)
FNDA:54,(anonymous_31)
FNDA:4,divertTarget
FNDA:25,firstTouchController
FNDA:1,removeHoverClass
FNDA:63,removeListeners
FNDA:8,removeMultiTag
FNDA:2,(anonymous_37)
FNDA:2,(anonymous_38)
FNDA:67,removeOptionsListeners
FNDA:161,(anonymous_40)
FNDA:5,removeNoMoreOptionsMessage
FNDA:20,removeNoResultsMessage
FNDA:10,removeSearchListeners
FNDA:26,removeSelectedClass
FNDA:87,(anonymous_45)
FNDA:6,(anonymous_46)
FNDA:24,removeSelectedValue
FNDA:81,(anonymous_48)
FNDA:15,removeSelectKeyListener
FNDA:9,setKeypress
FNDA:3,setKeypressElement
FNDA:63,setSelectValue
FNDA:3,setSelectValueButton
FNDA:60,setSelectValueClick
FNDA:12,toggleClosed
FNDA:20,toggleList
FNDA:11,toggleListSearchClick
FNDA:12,toggleOpen
FNDA:63,hideEmptySection
DA:3,1
DA:4,1
DA:6,1
DA:8,1
DA:19,254
DA:20,254
DA:21,254
DA:23,254
DA:25,2
DA:42,1
DA:57,254
DA:58,254
DA:61,254
DA:62,254
DA:65,254
DA:67,2
DA:68,2
DA:69,2
DA:73,252
DA:76,254
DA:77,254
DA:79,254
DA:81,58
DA:98,38
DA:100,59
DA:102,57
DA:103,57
DA:107,2
DA:111,38
DA:113,38
DA:115,57
DA:117,57
DA:118,57
DA:132,257
DA:134,540
DA:136,538
DA:137,538
DA:139,538
DA:154,4
DA:155,4
DA:159,4
DA:162,4
DA:163,4
DA:165,4
DA:178,2
DA:179,2
DA:183,2
DA:186,2
DA:187,2
DA:189,2
DA:203,23
DA:204,23
DA:205,23
DA:206,23
DA:208,23
DA:209,23
DA:211,23
DA:214,17
DA:217,4
DA:220,2
DA:224,23
DA:226,16
DA:228,14
DA:231,16
DA:233,14
DA:237,2
DA:252,58
DA:253,58
DA:255,58
DA:257,30
DA:261,58
DA:262,58
DA:263,58
DA:264,58
DA:278,13
DA:279,13
DA:281,13
DA:282,13
DA:286,13
DA:288,1
DA:289,1
DA:291,1
DA:292,1
DA:293,1
DA:294,1
DA:295,1
DA:298,13
DA:313,8
DA:315,5
DA:316,5
DA:333,36
DA:335,36
DA:337,5
DA:339,31
DA:341,3
DA:344,28
DA:346,28
DA:348,27
DA:351,1
DA:368,7
DA:370,7
DA:372,6
DA:373,6
DA:374,6
DA:376,6
DA:378,7
DA:379,7
DA:381,7
DA:383,5
DA:389,6
DA:390,6
DA:392,3
DA:394,3
DA:396,1
DA:398,2
DA:400,1
DA:406,6
DA:408,4
DA:410,4
DA:412,4
DA:414,4
DA:416,1
DA:420,4
DA:421,4
DA:425,0
DA:431,6
DA:434,1
DA:449,8
DA:450,8
DA:451,8
DA:453,8
DA:455,1
DA:456,1
DA:458,1
DA:459,1
DA:461,7
DA:463,3
DA:465,2
DA:466,2
DA:468,2
DA:471,1
DA:475,2
DA:477,2
DA:481,4
DA:484,3
DA:486,2
DA:504,6
DA:505,6
DA:506,6
DA:507,6
DA:509,6
DA:510,6
DA:519,1
DA:521,1
DA:522,1
DA:523,1
DA:527,6
DA:530,3
DA:531,3
DA:534,3
DA:536,1
DA:540,2
DA:544,3
DA:565,4
DA:568,4
DA:569,4
DA:570,4
DA:572,4
DA:576,3
DA:578,2
DA:597,3
DA:600,3
DA:602,3
DA:604,3
DA:606,2
DA:626,8
DA:642,59
DA:643,59
DA:645,59
DA:647,59
DA:649,3
DA:652,59
DA:669,45
DA:671,45
DA:673,17
DA:675,17
DA:676,17
DA:678,17
DA:681,45
DA:683,36
DA:687,9
DA:704,66
DA:705,66
DA:707,66
DA:708,66
DA:709,66
DA:711,66
DA:713,66
DA:715,17
DA:716,17
DA:717,17
DA:719,17
DA:721,17
DA:723,49
DA:725,5
DA:726,5
DA:727,5
DA:728,5
DA:732,44
DA:734,42
DA:735,42
DA:740,2
DA:743,54
DA:744,54
DA:747,66
DA:748,66
DA:766,4
DA:768,2
DA:769,2
DA:770,2
DA:772,2
DA:774,1
DA:778,4
DA:780,4
DA:785,4
DA:787,1
DA:788,1
DA:791,4
DA:793,4
DA:795,1
DA:812,25
DA:815,25
DA:816,25
DA:820,1
DA:823,25
DA:824,25
DA:826,25
DA:828,1
DA:844,1
DA:857,63
DA:859,63
DA:861,63
DA:862,63
DA:863,63
DA:864,63
DA:866,63
DA:867,63
DA:868,63
DA:869,63
DA:870,63
DA:873,63
DA:875,9
DA:892,8
DA:893,8
DA:895,8
DA:896,8
DA:897,8
DA:898,8
DA:899,8
DA:900,8
DA:901,8
DA:902,8
DA:903,8
DA:905,8
DA:907,3
DA:909,3
DA:910,3
DA:912,3
DA:914,3
DA:916,3
DA:917,3
DA:919,3
DA:921,2
DA:922,2
DA:923,2
DA:927,1
DA:929,2
DA:932,1
DA:934,2
DA:938,3
DA:939,3
DA:941,3
DA:942,3
DA:945,3
DA:946,3
DA:950,1
DA:964,67
DA:966,161
DA:968,160
DA:970,160
DA:971,160
DA:987,5
DA:989,5
DA:991,2
DA:992,2
DA:1006,20
DA:1008,20
DA:1010,1
DA:1011,1
DA:1026,10
DA:1027,10
DA:1028,10
DA:1029,10
DA:1030,10
DA:1047,26
DA:1048,26
DA:1050,26
DA:1052,87
DA:1055,26
DA:1057,6
DA:1073,24
DA:1074,24
DA:1076,24
DA:1078,81
DA:1092,15
DA:1093,15
DA:1108,9
DA:1109,9
DA:1110,9
DA:1112,9
DA:1114,9
DA:1116,8
DA:1118,1
DA:1119,1
DA:1121,1
DA:1122,1
DA:1124,1
DA:1127,7
DA:1130,3
DA:1132,3
DA:1135,4
DA:1137,3
DA:1139,2
DA:1141,2
DA:1143,1
DA:1146,2
DA:1149,3
DA:1152,4
DA:1171,3
DA:1172,3
DA:1173,3
DA:1174,3
DA:1175,3
DA:1177,3
DA:1179,1
DA:1181,2
DA:1183,1
DA:1186,3
DA:1187,3
DA:1188,3
DA:1190,3
DA:1192,3
DA:1197,1
DA:1218,63
DA:1219,63
DA:1221,63
DA:1223,60
DA:1227,3
DA:1228,3
DA:1231,63
DA:1233,63
DA:1236,7
DA:1238,7
DA:1242,6
DA:1244,1
DA:1249,5
DA:1250,5
DA:1254,1
DA:1258,7
DA:1272,3
DA:1273,3
DA:1274,3
DA:1276,3
DA:1278,3
DA:1280,1
DA:1283,2
DA:1285,2
DA:1286,2
DA:1288,2
DA:1290,1
DA:1292,1
DA:1294,1
DA:1310,60
DA:1311,60
DA:1313,60
DA:1315,60
DA:1316,60
DA:1317,60
DA:1319,60
DA:1322,15
DA:1323,15
DA:1324,15
DA:1328,45
DA:1329,45
DA:1332,60
DA:1334,60
DA:1336,60
DA:1338,60
DA:1340,16
DA:1341,16
DA:1363,12
DA:1366,12
DA:1368,12
DA:1369,12
DA:1371,12
DA:1373,12
DA:1374,12
DA:1375,12
DA:1377,12
DA:1379,8
DA:1382,12
DA:1384,10
DA:1387,12
DA:1390,11
DA:1391,11
DA:1395,1
DA:1413,20
DA:1414,20
DA:1416,20
DA:1418,20
DA:1419,20
DA:1420,20
DA:1422,20
DA:1424,10
DA:1425,10
DA:1429,10
DA:1431,1
DA:1434,10
DA:1450,11
DA:1452,11
DA:1454,4
DA:1472,12
DA:1474,12
DA:1476,11
DA:1478,11
DA:1479,11
DA:1481,11
DA:1483,11
DA:1484,11
DA:1488,12
DA:1490,8
DA:1491,8
DA:1493,8
DA:1496,12
DA:1498,7
DA:1501,12
DA:1503,12
DA:1508,12
DA:1510,3
DA:1513,3
DA:1515,1
DA:1516,1
DA:1520,12
DA:1523,11
DA:1524,11
DA:1528,1
DA:1546,63
DA:1547,63
DA:1552,63
DA:1554,4
DA:1556,2
DA:1559,2
DA:1561,2
DA:1563,0
DA:1568,2
DA:1570,2
DA:1574,0
DA:1584,1
LF:468
LH:465
BRDA:23,3,0,2
BRDA:23,3,1,252
BRDA:58,4,0,1
BRDA:58,4,1,253
BRDA:65,5,0,2
BRDA:65,5,1,252
BRDA:79,6,0,58
BRDA:79,6,1,196
BRDA:100,7,0,57
BRDA:100,7,1,2
BRDA:134,8,0,538
BRDA:134,8,1,2
BRDA:159,9,0,4
BRDA:159,9,1,4
BRDA:183,10,0,2
BRDA:183,10,1,2
BRDA:207,11,0,6
BRDA:207,11,1,17
BRDA:213,12,0,17
BRDA:213,12,1,4
BRDA:213,12,2,2
BRDA:224,13,0,16
BRDA:224,13,1,7
BRDA:226,14,0,14
BRDA:226,14,1,2
BRDA:231,15,0,14
BRDA:231,15,1,2
BRDA:231,16,0,16
BRDA:231,16,1,2
BRDA:255,17,0,30
BRDA:255,17,1,28
BRDA:286,18,0,1
BRDA:286,18,1,12
BRDA:313,19,0,5
BRDA:313,19,1,3
BRDA:333,20,0,36
BRDA:333,20,1,9
BRDA:335,21,0,5
BRDA:335,21,1,31
BRDA:339,22,0,3
BRDA:339,22,1,28
BRDA:346,23,0,27
BRDA:346,23,1,1
BRDA:370,24,0,6
BRDA:370,24,1,1
BRDA:370,25,0,7
BRDA:370,25,1,6
BRDA:381,26,0,5
BRDA:381,26,1,2
BRDA:390,27,0,3
BRDA:390,27,1,3
BRDA:394,28,0,1
BRDA:394,28,1,2
BRDA:398,29,0,1
BRDA:398,29,1,1
BRDA:406,30,0,4
BRDA:406,30,1,2
BRDA:410,31,0,4
BRDA:410,31,1,0
BRDA:414,32,0,1
BRDA:414,32,1,3
BRDA:453,33,0,1
BRDA:453,33,1,7
BRDA:461,34,0,3
BRDA:461,34,1,4
BRDA:461,35,0,7
BRDA:461,35,1,5
BRDA:463,36,0,2
BRDA:463,36,1,1
BRDA:468,37,0,1
BRDA:468,37,1,1
BRDA:468,38,0,2
BRDA:468,38,1,2
BRDA:475,39,0,2
BRDA:475,39,1,0
BRDA:481,40,0,3
BRDA:481,40,1,1
BRDA:481,41,0,4
BRDA:481,41,1,3
BRDA:481,41,2,2
BRDA:481,41,3,1
BRDA:484,42,0,2
BRDA:484,42,1,1
BRDA:484,43,0,3
BRDA:484,43,1,3
BRDA:527,44,0,3
BRDA:527,44,1,3
BRDA:527,45,0,6
BRDA:527,45,1,5
BRDA:527,45,2,4
BRDA:534,46,0,1
BRDA:534,46,1,2
BRDA:544,47,0,1
BRDA:544,47,1,1
BRDA:572,48,0,1
BRDA:572,48,1,3
BRDA:576,49,0,2
BRDA:576,49,1,1
BRDA:604,50,0,2
BRDA:604,50,1,1
BRDA:606,51,0,1
BRDA:606,51,1,1
BRDA:647,52,0,3
BRDA:647,52,1,56
BRDA:681,53,0,36
BRDA:681,53,1,9
BRDA:713,54,0,17
BRDA:713,54,1,49
BRDA:713,55,0,66
BRDA:713,55,1,24
BRDA:721,56,0,0
BRDA:721,56,1,17
BRDA:723,57,0,5
BRDA:723,57,1,44
BRDA:723,58,0,49
BRDA:723,58,1,7
BRDA:726,59,0,5
BRDA:726,59,1,5
BRDA:732,60,0,42
BRDA:732,60,1,2
BRDA:766,61,0,2
BRDA:766,61,1,2
BRDA:772,62,0,1
BRDA:772,62,1,1
BRDA:785,63,0,1
BRDA:785,63,1,3
BRDA:793,64,0,1
BRDA:793,64,1,3
BRDA:826,65,0,1
BRDA:826,65,1,24
BRDA:873,66,0,9
BRDA:873,66,1,54
BRDA:919,67,0,2
BRDA:919,67,1,1
BRDA:966,68,0,160
BRDA:966,68,1,1
BRDA:989,69,0,2
BRDA:989,69,1,3
BRDA:989,70,0,5
BRDA:989,70,1,5
BRDA:1008,71,0,1
BRDA:1008,71,1,19
BRDA:1008,72,0,20
BRDA:1008,72,1,20
BRDA:1047,73,0,26
BRDA:1047,73,1,24
BRDA:1048,74,0,26
BRDA:1048,74,1,26
BRDA:1073,75,0,24
BRDA:1073,75,1,24
BRDA:1114,76,0,8
BRDA:1114,76,1,1
BRDA:1116,77,0,1
BRDA:1116,77,1,7
BRDA:1127,78,0,3
BRDA:1127,78,1,4
BRDA:1127,79,0,7
BRDA:1127,79,1,6
BRDA:1127,79,2,5
BRDA:1135,80,0,3
BRDA:1135,80,1,1
BRDA:1135,81,0,4
BRDA:1135,81,1,3
BRDA:1137,82,0,2
BRDA:1137,82,1,1
BRDA:1141,83,0,1
BRDA:1141,83,1,1
BRDA:1177,84,0,1
BRDA:1177,84,1,2
BRDA:1181,85,0,1
BRDA:1181,85,1,1
BRDA:1192,86,0,1
BRDA:1192,86,1,2
BRDA:1192,87,0,3
BRDA:1192,87,1,3
BRDA:1192,87,2,3
BRDA:1192,87,3,3
BRDA:1221,88,0,60
BRDA:1221,88,1,3
BRDA:1233,89,0,7
BRDA:1233,89,1,56
BRDA:1238,90,0,6
BRDA:1238,90,1,1
BRDA:1238,91,0,7
BRDA:1238,91,1,3
BRDA:1238,91,2,3
BRDA:1238,91,3,1
BRDA:1238,91,4,3
BRDA:1238,91,5,2
BRDA:1242,92,0,1
BRDA:1242,92,1,5
BRDA:1242,93,0,6
BRDA:1242,93,1,1
BRDA:1278,94,0,1
BRDA:1278,94,1,2
BRDA:1288,95,0,1
BRDA:1288,95,1,1
BRDA:1319,96,0,15
BRDA:1319,96,1,45
BRDA:1319,97,0,60
BRDA:1319,97,1,50
BRDA:1319,97,2,50
BRDA:1319,97,3,8
BRDA:1319,97,4,18
BRDA:1338,98,0,16
BRDA:1338,98,1,44
BRDA:1338,99,0,60
BRDA:1338,99,1,52
BRDA:1363,100,0,2
BRDA:1363,100,1,10
BRDA:1363,101,0,12
BRDA:1363,101,1,2
BRDA:1377,102,0,8
BRDA:1377,102,1,4
BRDA:1382,103,0,10
BRDA:1382,103,1,2
BRDA:1387,104,0,11
BRDA:1387,104,1,1
BRDA:1422,105,0,10
BRDA:1422,105,1,10
BRDA:1422,106,0,20
BRDA:1422,106,1,19
BRDA:1422,106,2,14
BRDA:1429,107,0,1
BRDA:1429,107,1,9
BRDA:1452,108,0,4
BRDA:1452,108,1,7
BRDA:1474,109,0,11
BRDA:1474,109,1,1
BRDA:1474,110,0,12
BRDA:1474,110,1,1
BRDA:1474,110,2,1
BRDA:1488,111,0,8
BRDA:1488,111,1,4
BRDA:1496,112,0,7
BRDA:1496,112,1,5
BRDA:1503,113,0,4
BRDA:1503,113,1,8
BRDA:1508,114,0,3
BRDA:1508,114,1,9
BRDA:1513,115,0,1
BRDA:1513,115,1,2
BRDA:1520,116,0,11
BRDA:1520,116,1,1
BRDA:1554,117,0,2
BRDA:1554,117,1,2
BRDA:1561,118,0,0
BRDA:1561,118,1,2
BRDA:1568,119,0,2
BRDA:1568,119,1,0
BRF:250
BRH:245
end_of_record
TN:
SF:/Users/conorcafferkey/flounder/src/core/keycodes.js
FNF:0
FNH:0
DA:1,1
DA:14,1
LF:2
LH:2
BRF:0
BRH:0
end_of_record
TN:
SF:/Users/conorcafferkey/flounder/src/core/search.js
FN:85,compareScoreCards
FN:117,Sole
FN:140,escapeRegExp
FN:155,filterSelected
FN:188,getResultWeights
FN:215,(anonymous_11)
FN:220,(anonymous_12)
FN:241,isItemAboveMinimum
FN:259,isThereAnythingRelatedTo
FN:298,startsWith
FN:331,scoreThis
FN:337,(anonymous_17)
FN:349,(anonymous_18)
FNF:13
FNH:13
FNDA:10,compareScoreCards
FNDA:57,Sole
FNDA:309,escapeRegExp
FNDA:48,filterSelected
FNDA:50,getResultWeights
FNDA:400,(anonymous_11)
FNDA:100,(anonymous_12)
FNDA:48,isItemAboveMinimum
FNDA:17,isThereAnythingRelatedTo
FNDA:102,startsWith
FNDA:404,scoreThis
FNDA:308,(anonymous_17)
FNDA:112,(anonymous_18)
DA:6,1
DA:73,1
DA:87,10
DA:89,8
DA:90,8
DA:92,8
DA:94,1
DA:96,7
DA:98,1
DA:101,6
DA:104,2
DA:117,1
DA:119,57
DA:121,57
DA:122,57
DA:124,57
DA:125,57
DA:127,57
DA:142,309
DA:157,48
DA:159,2
DA:162,46
DA:164,6
DA:166,0
DA:168,0
DA:173,46
DA:190,50
DA:191,50
DA:196,50
DA:197,50
DA:198,50
DA:199,50
DA:201,50
DA:202,50
DA:203,50
DA:205,50
DA:206,50
DA:207,50
DA:209,50
DA:211,50
DA:215,50
DA:217,400
DA:220,50
DA:222,100
DA:226,50
DA:228,50
DA:243,48
DA:258,17
DA:260,17
DA:262,17
DA:264,17
DA:266,14
DA:268,14
DA:269,14
DA:271,14
DA:275,3
DA:278,14
DA:279,14
DA:280,14
DA:282,14
DA:300,102
DA:301,102
DA:303,102
DA:305,100
DA:307,100
DA:309,1
DA:313,101
DA:333,404
DA:335,404
DA:337,308
DA:339,308
DA:340,308
DA:342,308
DA:344,203
DA:345,203
DA:347,105
DA:349,102
DA:351,112
DA:356,3
DA:359,308
DA:361,109
DA:363,199
DA:365,198
DA:370,404
DA:374,1
LF:85
LH:83
BRDA:87,6,0,8
BRDA:87,6,1,2
BRDA:87,7,0,10
BRDA:87,7,1,10
BRDA:87,7,2,10
BRDA:87,7,3,8
BRDA:92,8,0,1
BRDA:92,8,1,7
BRDA:96,9,0,1
BRDA:96,9,1,6
BRDA:157,10,0,2
BRDA:157,10,1,46
BRDA:157,11,0,48
BRDA:157,11,1,48
BRDA:162,12,0,6
BRDA:162,12,1,40
BRDA:166,13,0,0
BRDA:166,13,1,0
BRDA:196,17,0,50
BRDA:196,17,1,36
BRDA:210,18,0,4
BRDA:210,18,1,46
BRDA:212,19,0,4
BRDA:212,19,1,46
BRDA:258,20,0,16
BRDA:258,20,1,1
BRDA:258,21,0,17
BRDA:258,21,1,16
BRDA:262,22,0,13
BRDA:262,22,1,4
BRDA:264,23,0,14
BRDA:264,23,1,3
BRDA:303,24,0,100
BRDA:303,24,1,2
BRDA:307,25,0,1
BRDA:307,25,1,99
BRDA:335,26,0,308
BRDA:335,26,1,96
BRDA:342,27,0,203
BRDA:342,27,1,105
BRDA:345,28,0,203
BRDA:345,28,1,132
BRDA:347,29,0,102
BRDA:347,29,1,3
BRDA:351,30,0,35
BRDA:351,30,1,77
BRDA:356,31,0,3
BRDA:356,31,1,3
BRDA:359,32,0,109
BRDA:359,32,1,199
BRDA:359,33,0,308
BRDA:359,33,1,109
BRDA:363,34,0,198
BRDA:363,34,1,1
BRF:54
BRH:52
end_of_record
TN:
SF:/Users/conorcafferkey/flounder/src/core/version.js
FNF:0
FNH:0
DA:3,1
LF:1
LH:1
BRF:0
BRH:0
end_of_record
