TN:
SF:/Library/WebServer/Documents/flounder/src/core/flounder.js
FN:26,componentWillUnmount
FN:56,Flounder
FN:104,filterSearchResults
FN:117,(anonymous_13)
FN:122,(anonymous_14)
FN:156,fuzzySearch
FN:216,fuzzySearchReset
FN:220,(anonymous_17)
FN:239,init
FN:297,initializeOptions
FN:310,(anonymous_20)
FN:362,onRender
FN:389,sortData
FN:391,(anonymous_23)
FN:433,(anonymous_24)
FN:445,(anonymous_25)
FN:455,get
FN:462,get
FNF:18
FNH:18
FNDA:59,componentWillUnmount
FNDA:263,Flounder
FNDA:7,filterSearchResults
FNDA:15,(anonymous_13)
FNDA:3,(anonymous_14)
FNDA:10,fuzzySearch
FNDA:10,fuzzySearchReset
FNDA:35,(anonymous_17)
FNDA:261,init
FNDA:261,initializeOptions
FNDA:1,(anonymous_20)
FNDA:263,onRender
FNDA:287,sortData
FNDA:552,(anonymous_23)
FNDA:3,(anonymous_24)
FNDA:119,(anonymous_25)
FNDA:1,get
FNDA:1,get
DA:2,1
DA:3,1
DA:4,1
DA:5,1
DA:6,1
DA:7,1
DA:8,1
DA:9,1
DA:16,1
DA:28,59
DA:29,59
DA:33,1
DA:37,59
DA:39,59
DA:41,8
DA:56,1
DA:58,263
DA:60,1
DA:64,262
DA:66,5
DA:69,262
DA:72,5
DA:74,3
DA:77,2
DA:79,1
DA:82,4
DA:85,261
DA:87,48
DA:90,261
DA:106,7
DA:108,7
DA:110,7
DA:112,7
DA:114,5
DA:115,5
DA:117,5
DA:119,15
DA:122,5
DA:124,3
DA:127,5
DA:129,4
DA:131,1
DA:135,3
DA:141,2
DA:158,10
DA:161,10
DA:162,10
DA:166,1
DA:169,10
DA:171,9
DA:173,9
DA:175,9
DA:178,5
DA:181,2
DA:183,2
DA:185,1
DA:190,3
DA:193,4
DA:196,2
DA:197,2
DA:198,2
DA:203,1
DA:217,10
DA:218,10
DA:220,10
DA:222,35
DA:225,10
DA:241,261
DA:243,261
DA:244,261
DA:246,261
DA:248,261
DA:250,54
DA:254,261
DA:255,261
DA:259,1
DA:262,261
DA:264,261
DA:266,261
DA:267,261
DA:268,261
DA:269,261
DA:272,261
DA:273,261
DA:277,1
DA:280,261
DA:282,261
DA:284,261
DA:298,261
DA:300,261
DA:303,6525
DA:305,1
DA:307,1
DA:310,1
DA:312,1
DA:314,1
DA:317,6524
DA:319,261
DA:320,261
DA:321,261
DA:324,261
DA:326,8613
DA:333,6263
DA:338,261
DA:340,261
DA:342,1
DA:345,261
DA:347,28
DA:348,28
DA:349,28
DA:363,263
DA:364,263
DA:366,263
DA:368,1
DA:369,1
DA:370,1
DA:371,1
DA:374,263
DA:389,287
DA:391,287
DA:393,552
DA:395,2
DA:400,550
DA:402,343
DA:410,207
DA:413,550
DA:418,287
DA:433,1
DA:435,3
DA:437,1
DA:439,2
DA:441,1
DA:444,3
DA:445,119
DA:454,1
DA:461,1
DA:468,1
DA:470,1
LF:138
LH:138
BRDA:39,12,0,8
BRDA:39,12,1,51
BRDA:58,13,0,1
BRDA:58,13,1,262
BRDA:64,14,0,5
BRDA:64,14,1,257
BRDA:69,15,0,5
BRDA:69,15,1,257
BRDA:69,16,0,262
BRDA:69,16,1,253
BRDA:69,16,2,13
BRDA:72,17,0,3
BRDA:72,17,1,2
BRDA:77,18,0,1
BRDA:77,18,1,1
BRDA:85,19,0,48
BRDA:85,19,1,213
BRDA:110,20,0,7
BRDA:110,20,1,2
BRDA:112,21,0,5
BRDA:112,21,1,2
BRDA:127,22,0,4
BRDA:127,22,1,1
BRDA:129,23,0,1
BRDA:129,23,1,3
BRDA:158,24,0,10
BRDA:158,24,1,7
BRDA:169,25,0,9
BRDA:169,25,1,1
BRDA:175,26,0,5
BRDA:175,26,1,4
BRDA:175,27,0,9
BRDA:175,27,1,8
BRDA:175,27,2,7
BRDA:175,27,3,6
BRDA:178,28,0,2
BRDA:178,28,1,3
BRDA:178,29,0,5
BRDA:178,29,1,3
BRDA:178,29,2,2
BRDA:183,30,0,1
BRDA:183,30,1,1
BRDA:193,31,0,2
BRDA:193,31,1,2
BRDA:193,32,0,4
BRDA:193,32,1,3
BRDA:248,33,0,54
BRDA:248,33,1,207
BRDA:298,34,0,261
BRDA:298,34,1,128
BRDA:303,35,0,1
BRDA:303,35,1,6524
BRDA:303,36,0,6525
BRDA:303,36,1,261
BRDA:317,37,0,261
BRDA:317,37,1,6263
BRDA:322,38,0,3
BRDA:322,38,1,258
BRDA:327,39,0,1
BRDA:327,39,1,8612
BRDA:333,40,0,208
BRDA:333,40,1,6055
BRDA:340,41,0,1
BRDA:340,41,1,260
BRDA:345,42,0,28
BRDA:345,42,1,233
BRDA:366,43,0,1
BRDA:366,43,1,262
BRDA:366,44,0,263
BRDA:366,44,1,1
BRDA:389,45,0,285
BRDA:389,45,1,2
BRDA:389,46,0,287
BRDA:389,46,1,2
BRDA:389,47,0,285
BRDA:389,47,1,2
BRDA:389,48,0,287
BRDA:389,48,1,2
BRDA:393,49,0,2
BRDA:393,49,1,550
BRDA:400,50,0,343
BRDA:400,50,1,207
BRDA:400,51,0,0
BRDA:400,51,1,550
BRDA:435,52,0,1
BRDA:435,52,1,2
BRDA:439,53,0,1
BRDA:439,53,1,1
BRF:88
BRH:88
end_of_record
TN:
SF:/Library/WebServer/Documents/flounder/src/core/defaults.js
FN:18,onChange
FN:19,onClose
FN:20,onComponentDidMount
FN:21,onComponentWillUnmount
FN:22,onFirstTouch
FN:23,onInit
FN:24,onInputChange
FN:25,onOpen
FN:50,setDefaultOption
FN:63,setIndexDefault
FN:90,setPlaceholderDefault
FN:139,setValueDefault
FN:144,(anonymous_14)
FN:174,checkDefaultPriority
FNF:14
FNH:14
FNDA:5,onChange
FNDA:8,onClose
FNDA:260,onComponentDidMount
FNDA:57,onComponentWillUnmount
FNDA:24,onFirstTouch
FNDA:260,onInit
FNDA:9,onInputChange
FNDA:8,onOpen
FNDA:272,setDefaultOption
FNDA:219,setIndexDefault
FNDA:51,setPlaceholderDefault
FNDA:6,setValueDefault
FNDA:16,(anonymous_14)
FNDA:272,checkDefaultPriority
DA:1,1
DA:2,1
DA:4,1
DA:34,1
DA:50,272
DA:63,1
DA:65,219
DA:67,219
DA:69,219
DA:71,218
DA:73,218
DA:76,1
DA:90,1
DA:92,51
DA:93,51
DA:94,51
DA:95,51
DA:97,51
DA:105,51
DA:107,3
DA:110,3
DA:116,3
DA:118,3
DA:119,3
DA:122,51
DA:124,51
DA:139,1
DA:141,6
DA:142,6
DA:144,6
DA:146,16
DA:148,16
DA:150,3
DA:154,6
DA:156,6
DA:158,3
DA:160,3
DA:163,3
DA:174,1
DA:176,272
DA:178,272
DA:182,42
DA:186,272
DA:188,1
DA:191,272
DA:193,272
DA:195,51
DA:198,221
DA:200,221
DA:202,3
DA:203,3
DA:205,3
DA:207,1
DA:212,220
DA:213,220
DA:215,220
DA:217,220
DA:220,272
DA:222,272
DA:226,1
DA:228,1
LF:61
LH:61
BRDA:50,3,0,1
BRDA:50,3,1,271
BRDA:50,4,0,272
BRDA:50,4,1,271
BRDA:50,5,0,268
BRDA:50,5,1,4
BRDA:50,6,0,272
BRDA:50,6,1,4
BRDA:65,7,0,215
BRDA:65,7,1,4
BRDA:65,8,0,219
BRDA:65,8,1,219
BRDA:69,9,0,218
BRDA:69,9,1,1
BRDA:98,10,0,49
BRDA:98,10,1,2
BRDA:98,11,0,51
BRDA:98,11,1,3
BRDA:105,12,0,3
BRDA:105,12,1,48
BRDA:107,13,0,2
BRDA:107,13,1,1
BRDA:141,14,0,6
BRDA:141,14,1,3
BRDA:148,15,0,3
BRDA:148,15,1,13
BRDA:154,16,0,3
BRDA:154,16,1,3
BRDA:156,17,0,3
BRDA:156,17,1,3
BRDA:178,18,0,42
BRDA:178,18,1,230
BRDA:178,19,0,272
BRDA:178,19,1,244
BRDA:178,19,2,43
BRDA:178,19,3,43
BRDA:182,20,0,42
BRDA:182,20,1,33
BRDA:186,21,0,1
BRDA:186,21,1,271
BRDA:193,22,0,51
BRDA:193,22,1,221
BRDA:193,23,0,272
BRDA:193,23,1,224
BRDA:193,23,2,223
BRDA:200,24,0,3
BRDA:200,24,1,218
BRDA:205,25,0,1
BRDA:205,25,1,2
BRDA:212,26,0,4
BRDA:212,26,1,216
BRDA:213,27,0,3
BRDA:213,27,1,217
BRDA:213,28,0,220
BRDA:213,28,1,217
BRDA:215,29,0,215
BRDA:215,29,1,5
BRDA:220,30,0,272
BRDA:220,30,1,7
BRDA:220,30,2,1
BRF:60
BRH:60
end_of_record
TN:
SF:/Library/WebServer/Documents/flounder/src/core/utils.js
FN:15,addClass
FN:19,(anonymous_3)
FN:54,attachAttributes
FN:84,constructElement
FN:104,extendClass
FN:117,merge
FN:144,escapeHTML
FN:165,getElWidth
FN:202,hasClass
FN:225,iosVersion
FN:257,removeAllChildren
FN:259,(anonymous_13)
FN:276,removeClass
FN:280,(anonymous_15)
FN:323,scrollTo
FN:359,setPlatform
FN:383,toggleClass
FNF:17
FNH:17
FNDA:146,addClass
FNDA:8,(anonymous_3)
FNDA:3243,attachAttributes
FNDA:3239,constructElement
FNDA:4,extendClass
FNDA:8,merge
FNDA:1060,escapeHTML
FNDA:60,getElWidth
FNDA:585,hasClass
FNDA:272,iosVersion
FNDA:10,removeAllChildren
FNDA:30,(anonymous_13)
FNDA:164,removeClass
FNDA:5,(anonymous_15)
FNDA:11,scrollTo
FNDA:267,setPlatform
FNDA:55,toggleClass
DA:2,1
DA:4,1
DA:17,146
DA:19,3
DA:21,8
DA:24,3
DA:27,143
DA:28,143
DA:30,143
DA:33,143
DA:37,114
DA:40,143
DA:56,3243
DA:58,3242
DA:60,6991
DA:62,1058
DA:66,5933
DA:72,1
DA:86,3239
DA:88,3239
DA:90,3239
DA:104,4
DA:105,8
DA:106,4
DA:117,1
DA:119,8
DA:121,81
DA:125,4
DA:127,8
DA:128,8
DA:131,4
DA:146,1060
DA:165,60
DA:167,60
DA:169,60
DA:171,2
DA:174,1
DA:175,1
DA:179,1
DA:184,58
DA:187,59
DA:204,585
DA:205,585
DA:207,585
DA:224,272
DA:226,272
DA:228,5
DA:230,1
DA:232,4
DA:234,1
DA:236,3
DA:238,1
DA:241,2
DA:244,267
DA:259,10
DA:261,30
DA:278,164
DA:280,2
DA:282,5
DA:285,2
DA:288,162
DA:289,162
DA:290,162
DA:292,162
DA:294,3
DA:296,159
DA:298,2
DA:300,157
DA:303,56
DA:305,101
DA:307,23
DA:310,162
DA:325,11
DA:327,10
DA:328,10
DA:329,10
DA:330,10
DA:331,10
DA:333,10
DA:335,1
DA:337,9
DA:339,1
DA:344,1
DA:358,267
DA:360,267
DA:361,267
DA:362,267
DA:363,267
DA:365,267
DA:385,55
DA:387,6
DA:391,49
DA:396,1
DA:398,1
LF:94
LH:94
BRDA:17,3,0,3
BRDA:17,3,1,143
BRDA:17,4,0,146
BRDA:17,4,1,3
BRDA:33,5,0,114
BRDA:33,5,1,29
BRDA:33,6,0,143
BRDA:33,6,1,114
BRDA:33,6,2,114
BRDA:56,7,0,3242
BRDA:56,7,1,1
BRDA:60,8,0,1058
BRDA:60,8,1,5933
BRDA:86,9,0,3239
BRDA:86,9,1,2398
BRDA:165,10,0,59
BRDA:165,10,1,1
BRDA:165,11,0,60
BRDA:165,11,1,1
BRDA:169,12,0,2
BRDA:169,12,1,58
BRDA:169,13,0,60
BRDA:169,13,1,2
BRDA:171,14,0,1
BRDA:171,14,1,1
BRDA:171,15,0,2
BRDA:171,15,1,1
BRDA:224,16,0,1
BRDA:224,16,1,271
BRDA:224,17,0,272
BRDA:224,17,1,271
BRDA:226,18,0,5
BRDA:226,18,1,267
BRDA:228,19,0,1
BRDA:228,19,1,4
BRDA:232,20,0,1
BRDA:232,20,1,3
BRDA:236,21,0,1
BRDA:236,21,1,2
BRDA:278,22,0,2
BRDA:278,22,1,162
BRDA:278,23,0,164
BRDA:278,23,1,2
BRDA:292,24,0,3
BRDA:292,24,1,159
BRDA:296,25,0,2
BRDA:296,25,1,157
BRDA:300,26,0,56
BRDA:300,26,1,101
BRDA:305,27,0,23
BRDA:305,27,1,78
BRDA:325,28,0,10
BRDA:325,28,1,1
BRDA:333,29,0,1
BRDA:333,29,1,9
BRDA:337,30,0,1
BRDA:337,30,1,8
BRDA:358,31,0,261
BRDA:358,31,1,6
BRDA:358,32,0,267
BRDA:358,32,1,6
BRDA:363,33,0,2
BRDA:363,33,1,265
BRDA:385,34,0,6
BRDA:385,34,1,49
BRF:65
BRH:65
end_of_record
TN:
SF:/Library/WebServer/Documents/flounder/src/core/classes.js
FNF:0
FNH:0
DA:1,1
DA:37,1
LF:2
LH:2
BRF:0
BRH:0
end_of_record
TN:
SF:/Library/WebServer/Documents/flounder/src/core/api.js
FN:19,buildFromUrl
FN:21,(anonymous_8)
FN:49,clickByIndex
FN:68,clickByText
FN:87,clickByValue
FN:101,destroy
FN:168,deselectAll
FN:181,(anonymous_15)
FN:216,disable
FN:252,disableByIndex
FN:260,(anonymous_19)
FN:307,disableByText
FN:312,(anonymous_22)
FN:319,(anonymous_23)
FN:345,disableByValue
FN:350,(anonymous_26)
FN:355,(anonymous_27)
FN:358,(anonymous_28)
FN:375,enableByIndex
FN:390,enableByText
FN:405,enableByValue
FN:420,getData
FN:433,(anonymous_33)
FN:440,(anonymous_34)
FN:458,getSelected
FN:464,(anonymous_36)
FN:484,getSelectedValues
FN:485,(anonymous_38)
FN:499,loadDataFromUrl
FN:503,(anonymous_40)
FN:518,(anonymous_41)
FN:548,rebuild
FN:597,setByIndex
FN:605,(anonymous_45)
FN:646,setByText
FN:652,(anonymous_48)
FN:658,(anonymous_49)
FN:685,setByValue
FN:691,(anonymous_52)
FN:694,(anonymous_53)
FN:697,(anonymous_54)
FNF:41
FNH:41
FNDA:2,buildFromUrl
FNDA:2,(anonymous_8)
FNDA:3,clickByIndex
FNDA:1,clickByText
FNDA:1,clickByValue
FNDA:55,destroy
FNDA:20,deselectAll
FNDA:4,(anonymous_15)
FNDA:2,disable
FNDA:15,disableByIndex
FNDA:2,(anonymous_19)
FNDA:6,disableByText
FNDA:3,(anonymous_22)
FNDA:12,(anonymous_23)
FNDA:6,disableByValue
FNDA:3,(anonymous_26)
FNDA:12,(anonymous_27)
FNDA:12,(anonymous_28)
FNDA:1,enableByIndex
FNDA:1,enableByText
FNDA:1,enableByValue
FNDA:9,getData
FNDA:2,(anonymous_33)
FNDA:3,(anonymous_34)
FNDA:220,getSelected
FNDA:819,(anonymous_36)
FNDA:49,getSelectedValues
FNDA:36,(anonymous_38)
FNDA:4,loadDataFromUrl
FNDA:4,(anonymous_40)
FNDA:1,(anonymous_41)
FNDA:6,rebuild
FNDA:98,setByIndex
FNDA:16,(anonymous_45)
FNDA:5,setByText
FNDA:3,(anonymous_48)
FNDA:16,(anonymous_49)
FNDA:7,setByValue
FNDA:3,(anonymous_52)
FNDA:21,(anonymous_53)
FNDA:21,(anonymous_54)
DA:2,1
DA:3,1
DA:5,1
DA:7,1
DA:21,2
DA:23,2
DA:25,2
DA:27,1
DA:30,2
DA:33,2
DA:51,3
DA:70,1
DA:89,1
DA:102,55
DA:104,55
DA:105,55
DA:106,55
DA:107,55
DA:109,55
DA:111,9
DA:113,9
DA:115,7
DA:117,7
DA:120,1
DA:125,2
DA:129,9
DA:130,9
DA:131,9
DA:132,8
DA:133,8
DA:137,1
DA:143,46
DA:144,46
DA:145,46
DA:146,46
DA:150,1
DA:154,53
DA:170,20
DA:172,11
DA:173,11
DA:175,11
DA:177,11
DA:179,2
DA:181,2
DA:183,4
DA:185,4
DA:187,2
DA:188,2
DA:190,2
DA:194,2
DA:196,2
DA:200,2
DA:201,2
DA:218,2
DA:219,2
DA:220,2
DA:221,2
DA:223,2
DA:225,1
DA:227,1
DA:228,1
DA:229,1
DA:233,1
DA:235,1
DA:236,1
DA:237,1
DA:254,15
DA:256,15
DA:258,1
DA:260,2
DA:263,14
DA:264,14
DA:266,14
DA:268,1
DA:269,1
DA:272,14
DA:274,14
DA:276,11
DA:277,11
DA:279,11
DA:281,3
DA:282,3
DA:286,8
DA:287,8
DA:290,11
DA:293,3
DA:309,6
DA:311,2
DA:312,3
DA:317,4
DA:319,4
DA:321,12
DA:323,12
DA:325,3
DA:329,4
DA:331,4
DA:347,6
DA:349,2
DA:350,3
DA:355,4
DA:357,12
DA:358,12
DA:360,4
DA:362,4
DA:377,1
DA:392,1
DA:407,1
DA:422,9
DA:424,9
DA:426,6
DA:431,3
DA:433,1
DA:435,2
DA:438,2
DA:440,1
DA:442,3
DA:446,1
DA:459,220
DA:460,220
DA:461,220
DA:462,220
DA:464,220
DA:466,819
DA:468,186
DA:472,220
DA:485,49
DA:501,4
DA:503,4
DA:505,4
DA:507,3
DA:509,3
DA:511,2
DA:516,1
DA:520,1
DA:521,1
DA:529,4
DA:550,6
DA:553,3
DA:556,3
DA:557,3
DA:558,3
DA:559,3
DA:561,3
DA:562,3
DA:564,3
DA:565,3
DA:566,3
DA:568,3
DA:570,3
DA:572,3
DA:574,3
DA:576,3
DA:578,3
DA:580,3
DA:597,98
DA:599,98
DA:601,98
DA:603,12
DA:605,16
DA:608,86
DA:609,86
DA:611,86
DA:613,3
DA:614,3
DA:617,86
DA:619,86
DA:621,84
DA:622,84
DA:624,84
DA:626,84
DA:629,2
DA:646,5
DA:648,5
DA:650,1
DA:652,3
DA:655,4
DA:656,4
DA:658,4
DA:660,16
DA:662,16
DA:664,4
DA:668,4
DA:685,7
DA:687,7
DA:689,1
DA:691,3
DA:694,6
DA:696,21
DA:697,21
DA:699,6
DA:703,1
LF:191
LH:191
BRDA:25,14,0,1
BRDA:25,14,1,1
BRDA:109,15,0,9
BRDA:109,15,1,46
BRDA:109,16,0,55
BRDA:109,16,1,53
BRDA:113,17,0,7
BRDA:113,17,1,2
BRDA:117,18,0,1
BRDA:117,18,1,6
BRDA:117,19,0,7
BRDA:117,19,1,1
BRDA:170,20,0,11
BRDA:170,20,1,9
BRDA:177,21,0,2
BRDA:177,21,1,9
BRDA:185,22,0,2
BRDA:185,22,1,2
BRDA:185,23,0,4
BRDA:185,23,1,4
BRDA:223,24,0,1
BRDA:223,24,1,1
BRDA:256,25,0,1
BRDA:256,25,1,14
BRDA:256,26,0,15
BRDA:256,26,1,15
BRDA:266,29,0,1
BRDA:266,29,1,13
BRDA:274,30,0,11
BRDA:274,30,1,3
BRDA:279,31,0,3
BRDA:279,31,1,8
BRDA:309,32,0,2
BRDA:309,32,1,4
BRDA:309,33,0,6
BRDA:309,33,1,2
BRDA:314,34,0,1
BRDA:314,34,1,1
BRDA:323,37,0,3
BRDA:323,37,1,9
BRDA:329,38,0,3
BRDA:329,38,1,1
BRDA:347,39,0,2
BRDA:347,39,1,4
BRDA:347,40,0,6
BRDA:347,40,1,3
BRDA:352,41,0,1
BRDA:352,41,1,1
BRDA:357,44,0,3
BRDA:357,44,1,9
BRDA:358,45,0,12
BRDA:358,45,1,10
BRDA:360,46,0,3
BRDA:360,46,1,1
BRDA:424,47,0,6
BRDA:424,47,1,3
BRDA:431,48,0,1
BRDA:431,48,1,2
BRDA:431,49,0,3
BRDA:431,49,1,2
BRDA:431,49,2,2
BRDA:438,50,0,1
BRDA:438,50,1,1
BRDA:466,51,0,186
BRDA:466,51,1,633
BRDA:466,52,0,819
BRDA:466,52,1,313
BRDA:505,53,0,3
BRDA:505,53,1,1
BRDA:509,54,0,2
BRDA:509,54,1,1
BRDA:550,55,0,3
BRDA:550,55,1,3
BRDA:550,56,0,6
BRDA:550,56,1,5
BRDA:550,56,2,5
BRDA:550,56,3,4
BRDA:550,56,4,3
BRDA:556,57,0,3
BRDA:556,57,1,1
BRDA:597,58,0,68
BRDA:597,58,1,30
BRDA:597,59,0,98
BRDA:597,59,1,30
BRDA:601,60,0,12
BRDA:601,60,1,86
BRDA:601,61,0,98
BRDA:601,61,1,98
BRDA:611,64,0,3
BRDA:611,64,1,83
BRDA:619,65,0,84
BRDA:619,65,1,2
BRDA:621,66,0,84
BRDA:621,66,1,18
BRDA:646,67,0,1
BRDA:646,67,1,4
BRDA:646,68,0,5
BRDA:646,68,1,4
BRDA:648,69,0,1
BRDA:648,69,1,4
BRDA:648,70,0,5
BRDA:648,70,1,2
BRDA:662,73,0,4
BRDA:662,73,1,12
BRDA:685,74,0,3
BRDA:685,74,1,4
BRDA:685,75,0,7
BRDA:685,75,1,4
BRDA:687,76,0,1
BRDA:687,76,1,6
BRDA:687,77,0,7
BRDA:687,77,1,3
BRDA:696,80,0,6
BRDA:696,80,1,15
BRDA:697,81,0,21
BRDA:697,81,1,21
BRF:116
BRH:116
end_of_record
TN:
SF:/Library/WebServer/Documents/flounder/src/core/build.js
FN:20,addOptionDescription
FN:39,addSearch
FN:68,bindThis
FN:87,(anonymous_7)
FN:104,buildArrow
FN:139,buildData
FN:164,buildDiv
FN:213,buildOption
FN:270,(anonymous_12)
FN:298,(anonymous_14)
FN:336,buildDom
FN:402,(anonymous_16)
FN:466,buildMultiTag
FN:497,initSelectBox
FN:522,(anonymous_20)
FN:567,popInSelectElements
FN:571,(anonymous_22)
FN:588,popOutSelectElements
FN:595,(anonymous_24)
FN:601,(anonymous_25)
FN:618,reconfigure
FN:650,setTarget
FNF:22
FNH:22
FNDA:2,addOptionDescription
FNDA:263,addSearch
FNDA:261,bindThis
FNDA:4437,(anonymous_7)
FNDA:263,buildArrow
FNDA:264,buildData
FNDA:533,buildDiv
FNDA:533,buildOption
FNDA:532,(anonymous_12)
FNDA:2,(anonymous_14)
FNDA:261,buildDom
FNDA:1044,(anonymous_16)
FNDA:56,buildMultiTag
FNDA:261,initSelectBox
FNDA:4,(anonymous_20)
FNDA:8,popInSelectElements
FNDA:3,(anonymous_22)
FNDA:9,popOutSelectElements
FNDA:5,(anonymous_24)
FNDA:5,(anonymous_25)
FNDA:6,reconfigure
FNDA:264,setTarget
DA:2,1
DA:3,1
DA:5,1
DA:7,1
DA:22,2
DA:23,2
DA:24,2
DA:25,2
DA:41,263
DA:43,55
DA:44,55
DA:50,55
DA:52,55
DA:55,208
DA:70,261
DA:89,4437
DA:90,4437
DA:106,263
DA:108,1
DA:111,262
DA:112,262
DA:116,262
DA:120,262
DA:122,262
DA:141,264
DA:142,264
DA:143,264
DA:144,264
DA:145,264
DA:146,264
DA:147,264
DA:148,264
DA:149,264
DA:150,264
DA:151,264
DA:152,264
DA:164,1
DA:166,533
DA:168,533
DA:171,533
DA:176,533
DA:178,1799
DA:180,1265
DA:184,533
DA:185,533
DA:188,533
DA:190,1
DA:194,533
DA:197,533
DA:199,533
DA:213,1
DA:215,533
DA:217,533
DA:219,529
DA:220,529
DA:222,529
DA:228,529
DA:229,529
DA:231,529
DA:233,529
DA:235,1
DA:238,529
DA:242,4
DA:243,4
DA:244,4
DA:246,4
DA:248,2
DA:251,4
DA:254,533
DA:256,264
DA:260,533
DA:262,1
DA:265,533
DA:270,264
DA:273,532
DA:275,320
DA:281,532
DA:283,1
DA:288,1
DA:293,1
DA:294,1
DA:295,1
DA:297,1
DA:298,1
DA:301,2
DA:303,1
DA:309,2
DA:310,2
DA:311,2
DA:317,531
DA:318,531
DA:319,531
DA:324,264
DA:337,261
DA:338,261
DA:339,261
DA:341,261
DA:343,261
DA:347,261
DA:349,261
DA:353,261
DA:357,261
DA:358,261
DA:359,261
DA:361,261
DA:362,261
DA:364,261
DA:366,261
DA:367,261
DA:369,261
DA:373,261
DA:379,261
DA:383,261
DA:387,261
DA:391,261
DA:392,261
DA:394,261
DA:396,42
DA:397,42
DA:400,261
DA:402,261
DA:404,1044
DA:406,811
DA:410,261
DA:413,261
DA:416,261
DA:418,261
DA:419,261
DA:421,261
DA:423,261
DA:437,261
DA:439,28
DA:441,28
DA:443,27
DA:447,1
DA:452,233
DA:468,56
DA:469,56
DA:470,56
DA:471,56
DA:472,56
DA:473,56
DA:475,56
DA:476,56
DA:477,56
DA:479,56
DA:481,56
DA:483,56
DA:499,261
DA:500,261
DA:501,261
DA:502,261
DA:504,261
DA:506,9
DA:507,9
DA:509,9
DA:511,9
DA:513,8
DA:516,9
DA:518,1
DA:519,1
DA:520,1
DA:522,1
DA:524,4
DA:525,4
DA:531,1
DA:533,1
DA:535,8
DA:537,1
DA:540,9
DA:541,9
DA:545,252
DA:550,252
DA:553,261
DA:569,8
DA:571,8
DA:573,3
DA:590,9
DA:592,9
DA:593,9
DA:595,9
DA:597,5
DA:598,5
DA:601,9
DA:603,5
DA:620,6
DA:623,2
DA:624,2
DA:626,4
DA:628,2
DA:629,2
DA:633,2
DA:634,2
DA:637,6
DA:652,264
DA:655,264
DA:656,264
DA:658,264
DA:660,3
DA:661,3
DA:662,3
DA:663,3
DA:664,3
DA:667,264
DA:671,1
LF:205
LH:205
BRDA:41,7,0,55
BRDA:41,7,1,208
BRDA:106,8,0,1
BRDA:106,8,1,262
BRDA:169,9,0,264
BRDA:169,9,1,269
BRDA:178,10,0,1265
BRDA:178,10,1,534
BRDA:178,11,0,1799
BRDA:178,11,1,1266
BRDA:185,12,0,4
BRDA:185,12,1,529
BRDA:188,13,0,1
BRDA:188,13,1,532
BRDA:195,14,0,198
BRDA:195,14,1,335
BRDA:217,15,0,529
BRDA:217,15,1,4
BRDA:219,16,0,529
BRDA:219,16,1,331
BRDA:233,17,0,1
BRDA:233,17,1,528
BRDA:246,18,0,2
BRDA:246,18,1,2
BRDA:246,19,0,4
BRDA:246,19,1,2
BRDA:254,20,0,264
BRDA:254,20,1,269
BRDA:260,21,0,1
BRDA:260,21,1,532
BRDA:273,22,0,320
BRDA:273,22,1,212
BRDA:273,23,0,0
BRDA:273,23,1,532
BRDA:281,24,0,1
BRDA:281,24,1,531
BRDA:301,25,0,1
BRDA:301,25,1,1
BRDA:301,26,0,0
BRDA:301,26,1,2
BRDA:350,27,0,28
BRDA:350,27,1,233
BRDA:370,28,0,28
BRDA:370,28,1,233
BRDA:379,29,0,28
BRDA:379,29,1,233
BRDA:394,30,0,42
BRDA:394,30,1,219
BRDA:404,31,0,811
BRDA:404,31,1,233
BRDA:410,32,0,28
BRDA:410,32,1,233
BRDA:437,33,0,28
BRDA:437,33,1,233
BRDA:441,34,0,27
BRDA:441,34,1,1
BRDA:504,35,0,9
BRDA:504,35,1,252
BRDA:511,36,0,8
BRDA:511,36,1,1
BRDA:516,37,0,1
BRDA:516,37,1,8
BRDA:516,38,0,9
BRDA:516,38,1,2
BRDA:535,39,0,1
BRDA:535,39,1,7
BRDA:620,40,0,2
BRDA:620,40,1,4
BRDA:620,41,0,6
BRDA:620,41,1,4
BRDA:620,41,2,4
BRDA:623,42,0,2
BRDA:623,42,1,1
BRDA:626,43,0,2
BRDA:626,43,1,2
BRDA:626,44,0,4
BRDA:626,44,1,3
BRDA:626,45,0,1
BRDA:626,45,1,2
BRDA:629,46,0,2
BRDA:629,46,1,1
BRDA:633,47,0,2
BRDA:633,47,1,1
BRDA:634,48,0,2
BRDA:634,48,1,1
BRDA:652,49,0,263
BRDA:652,49,1,1
BRDA:658,50,0,3
BRDA:658,50,1,261
BRF:89
BRH:89
end_of_record
TN:
SF:/Library/WebServer/Documents/flounder/src/core/events.js
FN:17,addFirstTouchListeners
FN:39,addHoverClass
FN:54,addListeners
FN:95,addMultipleTags
FN:97,(anonymous_8)
FN:111,(anonymous_9)
FN:129,addOptionsListeners
FN:130,(anonymous_11)
FN:151,addNoMoreOptionsMessage
FN:175,addNoResultsMessage
FN:200,addPlaceholder
FN:249,addSearchListeners
FN:275,addSelectKeyListener
FN:309,catchBodyClick
FN:329,checkClickTarget
FN:364,checkEnterOnSearch
FN:374,(anonymous_21)
FN:393,(anonymous_22)
FN:413,checkFlounderKeypress
FN:461,checkMultiTagKeydown
FN:478,focusSearch
FN:522,checkMultiTagKeydownNavigate
FN:553,checkMultiTagKeydownRemove
FN:581,clearPlaceholder
FN:596,clickSet
FN:623,displayMultipleTags
FN:625,(anonymous_31)
FN:658,displaySelected
FN:693,(anonymous_33)
FN:694,(anonymous_34)
FN:712,divertTarget
FN:760,firstTouchController
FN:792,removeHoverClass
FN:806,removeListeners
FN:840,removeMultiTag
FN:875,(anonymous_40)
FN:880,(anonymous_41)
FN:912,removeOptionsListeners
FN:913,(anonymous_43)
FN:935,removeNoMoreOptionsMessage
FN:954,removeNoResultsMessage
FN:974,removeSearchListeners
FN:992,removeSelectedClass
FN:996,(anonymous_48)
FN:1012,removeSelectedValue
FN:1017,(anonymous_50)
FN:1032,removeSelectKeyListener
FN:1047,setKeypress
FN:1110,setKeypressElement
FN:1157,setSelectValue
FN:1212,setSelectValueButton
FN:1249,setSelectValueClick
FN:1289,setTextMultiTagIndent
FN:1295,(anonymous_58)
FN:1318,toggleClosed
FN:1370,toggleList
FN:1407,toggleListSearchClick
FN:1429,toggleOpen
FNF:58
FNH:58
FNDA:265,addFirstTouchListeners
FNDA:1,addHoverClass
FNDA:265,addListeners
FNDA:37,addMultipleTags
FNDA:56,(anonymous_8)
FNDA:55,(anonymous_9)
FNDA:268,addOptionsListeners
FNDA:541,(anonymous_11)
FNDA:4,addNoMoreOptionsMessage
FNDA:2,addNoResultsMessage
FNDA:19,addPlaceholder
FNDA:55,addSearchListeners
FNDA:13,addSelectKeyListener
FNDA:8,catchBodyClick
FNDA:36,checkClickTarget
FNDA:6,checkEnterOnSearch
FNDA:4,(anonymous_21)
FNDA:1,(anonymous_22)
FNDA:8,checkFlounderKeypress
FNDA:5,checkMultiTagKeydown
FNDA:1,focusSearch
FNDA:4,checkMultiTagKeydownNavigate
FNDA:3,checkMultiTagKeydownRemove
FNDA:9,clearPlaceholder
FNDA:54,clickSet
FNDA:41,displayMultipleTags
FNDA:19,(anonymous_31)
FNDA:61,displaySelected
FNDA:54,(anonymous_33)
FNDA:54,(anonymous_34)
FNDA:4,divertTarget
FNDA:25,firstTouchController
FNDA:1,removeHoverClass
FNDA:65,removeListeners
FNDA:8,removeMultiTag
FNDA:2,(anonymous_40)
FNDA:2,(anonymous_41)
FNDA:69,removeOptionsListeners
FNDA:162,(anonymous_43)
FNDA:5,removeNoMoreOptionsMessage
FNDA:8,removeNoResultsMessage
FNDA:10,removeSearchListeners
FNDA:14,removeSelectedClass
FNDA:56,(anonymous_48)
FNDA:12,removeSelectedValue
FNDA:50,(anonymous_50)
FNDA:14,removeSelectKeyListener
FNDA:9,setKeypress
FNDA:3,setKeypressElement
FNDA:58,setSelectValue
FNDA:3,setSelectValueButton
FNDA:53,setSelectValueClick
FNDA:47,setTextMultiTagIndent
FNDA:57,(anonymous_58)
FNDA:11,toggleClosed
FNDA:19,toggleList
FNDA:11,toggleListSearchClick
FNDA:12,toggleOpen
DA:2,1
DA:3,1
DA:5,1
DA:7,1
DA:18,265
DA:19,265
DA:20,265
DA:22,265
DA:24,2
DA:41,1
DA:56,265
DA:57,265
DA:60,265
DA:61,265
DA:64,265
DA:66,2
DA:67,2
DA:68,2
DA:72,263
DA:75,265
DA:76,265
DA:78,265
DA:80,55
DA:97,37
DA:99,56
DA:101,55
DA:103,55
DA:107,1
DA:111,37
DA:113,55
DA:115,55
DA:116,55
DA:130,268
DA:132,541
DA:134,539
DA:135,539
DA:137,539
DA:152,4
DA:153,4
DA:157,4
DA:160,4
DA:161,4
DA:163,4
DA:176,2
DA:177,2
DA:181,2
DA:184,2
DA:185,2
DA:187,2
DA:201,19
DA:202,19
DA:203,19
DA:204,19
DA:206,19
DA:207,19
DA:209,19
DA:212,13
DA:215,4
DA:218,2
DA:222,19
DA:224,12
DA:226,10
DA:229,12
DA:231,10
DA:235,2
DA:250,55
DA:251,55
DA:253,55
DA:255,28
DA:259,55
DA:260,55
DA:261,55
DA:262,55
DA:276,13
DA:277,13
DA:279,13
DA:280,13
DA:284,13
DA:286,1
DA:287,1
DA:289,1
DA:290,1
DA:291,1
DA:292,1
DA:293,1
DA:296,13
DA:311,8
DA:313,5
DA:314,5
DA:331,36
DA:333,36
DA:335,5
DA:337,31
DA:339,3
DA:342,28
DA:344,28
DA:346,27
DA:349,1
DA:366,6
DA:368,6
DA:370,5
DA:371,5
DA:372,5
DA:374,5
DA:376,4
DA:377,4
DA:379,4
DA:381,3
DA:385,5
DA:387,3
DA:389,3
DA:391,3
DA:393,1
DA:400,1
DA:415,8
DA:416,8
DA:417,8
DA:419,8
DA:421,1
DA:422,1
DA:424,1
DA:425,1
DA:427,7
DA:430,3
DA:433,1
DA:436,2
DA:437,2
DA:440,4
DA:443,3
DA:445,2
DA:463,5
DA:464,5
DA:465,5
DA:466,5
DA:467,5
DA:468,5
DA:478,1
DA:480,1
DA:481,1
DA:482,1
DA:486,5
DA:489,3
DA:490,3
DA:493,3
DA:495,1
DA:499,2
DA:503,2
DA:524,4
DA:526,4
DA:527,4
DA:528,4
DA:530,4
DA:534,3
DA:536,2
DA:555,3
DA:556,3
DA:558,3
DA:560,3
DA:562,2
DA:582,9
DA:598,54
DA:599,54
DA:601,54
DA:603,54
DA:605,3
DA:608,54
DA:625,41
DA:627,19
DA:629,19
DA:630,19
DA:633,41
DA:635,41
DA:637,36
DA:641,5
DA:644,41
DA:660,61
DA:661,61
DA:663,61
DA:664,61
DA:665,61
DA:667,61
DA:669,16
DA:670,16
DA:671,16
DA:673,45
DA:675,5
DA:676,5
DA:677,5
DA:678,5
DA:682,40
DA:684,38
DA:685,38
DA:690,2
DA:693,54
DA:694,54
DA:697,61
DA:698,61
DA:716,4
DA:718,2
DA:719,2
DA:720,2
DA:722,2
DA:724,1
DA:728,4
DA:730,4
DA:735,4
DA:737,1
DA:738,1
DA:741,4
DA:743,4
DA:745,1
DA:762,25
DA:765,25
DA:766,25
DA:770,1
DA:773,25
DA:774,25
DA:776,25
DA:778,1
DA:794,1
DA:807,65
DA:809,65
DA:811,65
DA:812,65
DA:813,65
DA:814,65
DA:816,65
DA:817,65
DA:818,65
DA:819,65
DA:820,65
DA:823,65
DA:825,9
DA:842,8
DA:843,8
DA:845,8
DA:846,8
DA:847,8
DA:848,8
DA:849,8
DA:850,8
DA:851,8
DA:852,8
DA:853,8
DA:855,8
DA:857,3
DA:859,3
DA:860,3
DA:862,3
DA:864,3
DA:865,3
DA:867,3
DA:869,2
DA:870,2
DA:871,2
DA:875,1
DA:877,2
DA:880,1
DA:882,2
DA:886,3
DA:887,3
DA:888,3
DA:890,3
DA:891,3
DA:894,3
DA:895,3
DA:899,1
DA:913,69
DA:915,162
DA:917,161
DA:919,161
DA:920,161
DA:936,5
DA:938,5
DA:940,2
DA:941,2
DA:955,8
DA:957,8
DA:959,1
DA:960,1
DA:975,10
DA:976,10
DA:977,10
DA:978,10
DA:979,10
DA:994,14
DA:996,14
DA:998,56
DA:1014,12
DA:1015,12
DA:1017,12
DA:1019,50
DA:1033,14
DA:1034,14
DA:1049,9
DA:1050,9
DA:1051,9
DA:1053,9
DA:1055,9
DA:1057,8
DA:1059,1
DA:1060,1
DA:1062,1
DA:1063,1
DA:1065,1
DA:1068,7
DA:1071,3
DA:1073,3
DA:1076,4
DA:1078,3
DA:1080,2
DA:1082,2
DA:1084,1
DA:1087,2
DA:1090,3
DA:1093,4
DA:1112,3
DA:1113,3
DA:1114,3
DA:1115,3
DA:1116,3
DA:1118,3
DA:1120,1
DA:1122,2
DA:1124,1
DA:1127,3
DA:1128,3
DA:1129,3
DA:1131,3
DA:1133,3
DA:1138,1
DA:1159,58
DA:1160,58
DA:1162,58
DA:1164,55
DA:1168,3
DA:1169,3
DA:1172,58
DA:1174,58
DA:1177,7
DA:1179,7
DA:1183,6
DA:1185,1
DA:1190,5
DA:1191,5
DA:1195,1
DA:1199,7
DA:1213,3
DA:1214,3
DA:1215,3
DA:1217,3
DA:1219,3
DA:1221,1
DA:1224,2
DA:1226,2
DA:1227,2
DA:1229,2
DA:1231,1
DA:1233,1
DA:1235,1
DA:1251,53
DA:1252,53
DA:1253,53
DA:1255,53
DA:1258,12
DA:1261,53
DA:1262,53
DA:1264,53
DA:1265,53
DA:1266,53
DA:1269,53
DA:1271,53
DA:1273,53
DA:1275,16
DA:1276,16
DA:1290,47
DA:1291,47
DA:1293,47
DA:1295,47
DA:1297,57
DA:1301,47
DA:1322,11
DA:1325,11
DA:1327,11
DA:1328,11
DA:1330,11
DA:1332,11
DA:1333,11
DA:1334,11
DA:1336,11
DA:1338,7
DA:1341,11
DA:1343,9
DA:1346,11
DA:1349,10
DA:1350,10
DA:1354,1
DA:1372,19
DA:1373,19
DA:1375,19
DA:1377,19
DA:1378,19
DA:1379,19
DA:1381,19
DA:1383,9
DA:1384,9
DA:1388,10
DA:1390,1
DA:1393,10
DA:1409,11
DA:1411,11
DA:1413,3
DA:1431,12
DA:1433,12
DA:1435,11
DA:1437,11
DA:1438,11
DA:1440,11
DA:1442,11
DA:1443,11
DA:1447,12
DA:1449,8
DA:1450,8
DA:1452,8
DA:1455,12
DA:1457,7
DA:1460,12
DA:1462,12
DA:1467,12
DA:1470,1
DA:1471,1
DA:1474,12
DA:1477,11
DA:1478,11
DA:1482,1
DA:1490,1
LF:436
LH:436
BRDA:22,7,0,2
BRDA:22,7,1,263
BRDA:57,8,0,1
BRDA:57,8,1,264
BRDA:64,9,0,2
BRDA:64,9,1,263
BRDA:78,10,0,55
BRDA:78,10,1,210
BRDA:99,11,0,55
BRDA:99,11,1,1
BRDA:132,12,0,539
BRDA:132,12,1,2
BRDA:157,13,0,4
BRDA:157,13,1,4
BRDA:181,14,0,2
BRDA:181,14,1,2
BRDA:205,15,0,6
BRDA:205,15,1,13
BRDA:211,16,0,13
BRDA:211,16,1,4
BRDA:211,16,2,2
BRDA:222,17,0,12
BRDA:222,17,1,7
BRDA:224,18,0,10
BRDA:224,18,1,2
BRDA:229,19,0,10
BRDA:229,19,1,2
BRDA:229,20,0,12
BRDA:229,20,1,2
BRDA:253,21,0,28
BRDA:253,21,1,27
BRDA:284,22,0,1
BRDA:284,22,1,12
BRDA:311,23,0,5
BRDA:311,23,1,3
BRDA:331,24,0,36
BRDA:331,24,1,9
BRDA:333,25,0,5
BRDA:333,25,1,31
BRDA:337,26,0,3
BRDA:337,26,1,28
BRDA:344,27,0,27
BRDA:344,27,1,1
BRDA:368,28,0,5
BRDA:368,28,1,1
BRDA:368,29,0,6
BRDA:368,29,1,5
BRDA:379,30,0,3
BRDA:379,30,1,1
BRDA:385,31,0,3
BRDA:385,31,1,2
BRDA:391,32,0,1
BRDA:391,32,1,2
BRDA:419,35,0,1
BRDA:419,35,1,7
BRDA:427,36,0,3
BRDA:427,36,1,4
BRDA:427,37,0,7
BRDA:427,37,1,5
BRDA:427,37,2,1
BRDA:430,38,0,1
BRDA:430,38,1,2
BRDA:430,39,0,3
BRDA:430,39,1,2
BRDA:430,39,2,2
BRDA:440,40,0,3
BRDA:440,40,1,1
BRDA:440,41,0,4
BRDA:440,41,1,3
BRDA:440,41,2,2
BRDA:440,41,3,1
BRDA:443,42,0,2
BRDA:443,42,1,1
BRDA:443,43,0,3
BRDA:443,43,1,3
BRDA:486,44,0,3
BRDA:486,44,1,2
BRDA:486,45,0,5
BRDA:486,45,1,4
BRDA:486,45,2,3
BRDA:493,46,0,1
BRDA:493,46,1,2
BRDA:503,47,0,1
BRDA:503,47,1,1
BRDA:530,48,0,1
BRDA:530,48,1,3
BRDA:534,49,0,2
BRDA:534,49,1,1
BRDA:560,50,0,2
BRDA:560,50,1,1
BRDA:562,51,0,1
BRDA:562,51,1,1
BRDA:603,52,0,3
BRDA:603,52,1,51
BRDA:635,53,0,36
BRDA:635,53,1,5
BRDA:667,54,0,16
BRDA:667,54,1,45
BRDA:667,55,0,61
BRDA:667,55,1,23
BRDA:673,56,0,5
BRDA:673,56,1,40
BRDA:673,57,0,45
BRDA:673,57,1,7
BRDA:676,58,0,5
BRDA:676,58,1,5
BRDA:682,59,0,38
BRDA:682,59,1,2
BRDA:716,60,0,2
BRDA:716,60,1,2
BRDA:722,61,0,1
BRDA:722,61,1,1
BRDA:735,62,0,1
BRDA:735,62,1,3
BRDA:743,63,0,1
BRDA:743,63,1,3
BRDA:776,64,0,1
BRDA:776,64,1,24
BRDA:823,65,0,9
BRDA:823,65,1,56
BRDA:867,66,0,2
BRDA:867,66,1,1
BRDA:915,67,0,161
BRDA:915,67,1,1
BRDA:938,68,0,2
BRDA:938,68,1,3
BRDA:938,69,0,5
BRDA:938,69,1,5
BRDA:957,70,0,1
BRDA:957,70,1,7
BRDA:957,71,0,8
BRDA:957,71,1,8
BRDA:994,72,0,14
BRDA:994,72,1,12
BRDA:1014,73,0,12
BRDA:1014,73,1,12
BRDA:1055,74,0,8
BRDA:1055,74,1,1
BRDA:1057,75,0,1
BRDA:1057,75,1,7
BRDA:1068,76,0,3
BRDA:1068,76,1,4
BRDA:1068,77,0,7
BRDA:1068,77,1,6
BRDA:1068,77,2,5
BRDA:1076,78,0,3
BRDA:1076,78,1,1
BRDA:1076,79,0,4
BRDA:1076,79,1,3
BRDA:1078,80,0,2
BRDA:1078,80,1,1
BRDA:1082,81,0,1
BRDA:1082,81,1,1
BRDA:1118,82,0,1
BRDA:1118,82,1,2
BRDA:1122,83,0,1
BRDA:1122,83,1,1
BRDA:1133,84,0,1
BRDA:1133,84,1,2
BRDA:1133,85,0,3
BRDA:1133,85,1,3
BRDA:1133,85,2,3
BRDA:1133,85,3,3
BRDA:1162,86,0,55
BRDA:1162,86,1,3
BRDA:1174,87,0,7
BRDA:1174,87,1,51
BRDA:1179,88,0,6
BRDA:1179,88,1,1
BRDA:1179,89,0,7
BRDA:1179,89,1,3
BRDA:1179,89,2,3
BRDA:1179,89,3,1
BRDA:1179,89,4,3
BRDA:1179,89,5,2
BRDA:1183,90,0,1
BRDA:1183,90,1,5
BRDA:1183,91,0,6
BRDA:1183,91,1,1
BRDA:1219,92,0,1
BRDA:1219,92,1,2
BRDA:1229,93,0,1
BRDA:1229,93,1,1
BRDA:1255,94,0,12
BRDA:1255,94,1,41
BRDA:1255,95,0,53
BRDA:1255,95,1,46
BRDA:1255,95,2,46
BRDA:1255,95,3,8
BRDA:1255,95,4,15
BRDA:1273,96,0,16
BRDA:1273,96,1,37
BRDA:1273,97,0,53
BRDA:1273,97,1,47
BRDA:1301,98,0,0
BRDA:1301,98,1,47
BRDA:1322,99,0,9
BRDA:1322,99,1,2
BRDA:1322,100,0,11
BRDA:1322,100,1,2
BRDA:1336,101,0,7
BRDA:1336,101,1,4
BRDA:1341,102,0,9
BRDA:1341,102,1,2
BRDA:1346,103,0,10
BRDA:1346,103,1,1
BRDA:1381,104,0,9
BRDA:1381,104,1,10
BRDA:1381,105,0,19
BRDA:1381,105,1,18
BRDA:1381,105,2,15
BRDA:1388,106,0,1
BRDA:1388,106,1,9
BRDA:1411,107,0,3
BRDA:1411,107,1,8
BRDA:1433,108,0,11
BRDA:1433,108,1,1
BRDA:1433,109,0,12
BRDA:1433,109,1,1
BRDA:1433,109,2,1
BRDA:1447,110,0,8
BRDA:1447,110,1,4
BRDA:1455,111,0,7
BRDA:1455,111,1,5
BRDA:1462,112,0,4
BRDA:1462,112,1,8
BRDA:1467,113,0,1
BRDA:1467,113,1,11
BRDA:1467,114,0,12
BRDA:1467,114,1,3
BRDA:1474,115,0,11
BRDA:1474,115,1,1
BRF:232
BRH:232
end_of_record
TN:
SF:/Library/WebServer/Documents/flounder/src/core/keycodes.js
FNF:0
FNH:0
DA:1,1
DA:14,1
LF:2
LH:2
BRF:0
BRH:0
end_of_record
TN:
SF:/Library/WebServer/Documents/flounder/src/core/search.js
FN:78,compareScoreCards
FN:110,Sole
FN:133,escapeRegExp
FN:150,getResultWeights
FN:177,(anonymous_10)
FN:182,(anonymous_11)
FN:203,isItemAboveMinimum
FN:221,isThereAnythingRelatedTo
FN:259,startsWith
FN:292,scoreThis
FN:298,(anonymous_16)
FN:310,(anonymous_17)
FNF:12
FNH:12
FNDA:45,compareScoreCards
FNDA:54,Sole
FNDA:255,escapeRegExp
FNDA:41,getResultWeights
FNDA:328,(anonymous_10)
FNDA:82,(anonymous_11)
FNDA:41,isItemAboveMinimum
FNDA:15,isThereAnythingRelatedTo
FNDA:84,startsWith
FNDA:332,scoreThis
FNDA:254,(anonymous_16)
FNDA:94,(anonymous_17)
DA:6,1
DA:66,1
DA:80,45
DA:82,43
DA:83,43
DA:85,43
DA:87,20
DA:89,23
DA:91,8
DA:94,15
DA:97,2
DA:110,1
DA:112,54
DA:114,54
DA:115,54
DA:117,54
DA:118,54
DA:120,54
DA:135,255
DA:152,41
DA:153,41
DA:158,41
DA:159,41
DA:160,41
DA:161,41
DA:163,41
DA:164,41
DA:165,41
DA:167,41
DA:168,41
DA:169,41
DA:171,41
DA:173,41
DA:177,41
DA:179,328
DA:182,41
DA:184,82
DA:188,41
DA:190,41
DA:205,41
DA:220,15
DA:222,15
DA:224,15
DA:226,15
DA:228,12
DA:230,12
DA:231,12
DA:233,12
DA:237,3
DA:240,12
DA:241,12
DA:243,12
DA:261,84
DA:262,84
DA:264,84
DA:266,82
DA:268,82
DA:270,1
DA:274,83
DA:294,332
DA:296,332
DA:298,254
DA:300,254
DA:301,254
DA:303,254
DA:305,167
DA:306,167
DA:308,87
DA:310,84
DA:312,94
DA:317,3
DA:320,254
DA:322,73
DA:324,181
DA:326,180
DA:331,332
DA:335,1
LF:77
LH:77
BRDA:80,6,0,43
BRDA:80,6,1,2
BRDA:80,7,0,45
BRDA:80,7,1,45
BRDA:80,7,2,45
BRDA:80,7,3,43
BRDA:85,8,0,20
BRDA:85,8,1,23
BRDA:89,9,0,8
BRDA:89,9,1,15
BRDA:158,10,0,41
BRDA:158,10,1,31
BRDA:172,11,0,4
BRDA:172,11,1,37
BRDA:174,12,0,4
BRDA:174,12,1,37
BRDA:220,13,0,1
BRDA:220,13,1,14
BRDA:220,14,0,15
BRDA:220,14,1,14
BRDA:224,15,0,11
BRDA:224,15,1,4
BRDA:226,16,0,12
BRDA:226,16,1,3
BRDA:264,17,0,82
BRDA:264,17,1,2
BRDA:268,18,0,1
BRDA:268,18,1,81
BRDA:296,19,0,254
BRDA:296,19,1,78
BRDA:303,20,0,167
BRDA:303,20,1,87
BRDA:306,21,0,167
BRDA:306,21,1,120
BRDA:308,22,0,84
BRDA:308,22,1,3
BRDA:312,23,0,23
BRDA:312,23,1,71
BRDA:317,24,0,3
BRDA:317,24,1,3
BRDA:320,25,0,73
BRDA:320,25,1,181
BRDA:320,26,0,254
BRDA:320,26,1,73
BRDA:324,27,0,180
BRDA:324,27,1,1
BRF:46
BRH:46
end_of_record
TN:
SF:/Library/WebServer/Documents/flounder/src/core/version.js
FNF:0
FNH:0
DA:2,1
LF:1
LH:1
BRF:0
BRH:0
end_of_record
